[    0.000000] Initializing cgroup subsys cpuset
[    0.000000] Initializing cgroup subsys cpu
[    0.000000] Initializing cgroup subsys cpuacct
[    0.000000] Linux version 4.4.0-66-generic (buildd@lgw01-28) (gcc version 5.4.0 20160609 (Ubuntu 5.4.0-6ubuntu1~16.04.4) ) #87-Ubuntu SMP Fri Mar 3 15:29:05 UTC 2017 (Ubuntu 4.4.0-66.87-generic 4.4.44)
[    0.000000] Command line: BOOT_IMAGE=/boot/vmlinuz-4.4.0-66-generic root=LABEL=cloudimg-rootfs ro console=tty1 console=ttyS0
[    0.000000] KERNEL supported cpus:
[    0.000000]   Intel GenuineIntel
[    0.000000]   AMD AuthenticAMD
[    0.000000]   Centaur CentaurHauls
[    0.000000] x86/fpu: xstate_offset[2]:  576, xstate_sizes[2]:  256
[    0.000000] x86/fpu: Supporting XSAVE feature 0x01: 'x87 floating point registers'
[    0.000000] x86/fpu: Supporting XSAVE feature 0x02: 'SSE registers'
[    0.000000] x86/fpu: Supporting XSAVE feature 0x04: 'AVX registers'
[    0.000000] x86/fpu: Enabled xstate features 0x7, context size is 832 bytes, using 'standard' format.
[    0.000000] x86/fpu: Using 'lazy' FPU context switches.
[    0.000000] e820: BIOS-provided physical RAM map:
[    0.000000] BIOS-e820: [mem 0x0000000000000000-0x000000000009fbff] usable
[    0.000000] BIOS-e820: [mem 0x000000000009fc00-0x000000000009ffff] reserved
[    0.000000] BIOS-e820: [mem 0x00000000000f0000-0x00000000000fffff] reserved
[    0.000000] BIOS-e820: [mem 0x0000000000100000-0x000000003ffeffff] usable
[    0.000000] BIOS-e820: [mem 0x000000003fff0000-0x000000003fffffff] ACPI data
[    0.000000] BIOS-e820: [mem 0x00000000fec00000-0x00000000fec00fff] reserved
[    0.000000] BIOS-e820: [mem 0x00000000fee00000-0x00000000fee00fff] reserved
[    0.000000] BIOS-e820: [mem 0x00000000fffc0000-0x00000000ffffffff] reserved
[    0.000000] NX (Execute Disable) protection: active
[    0.000000] SMBIOS 2.5 present.
[    0.000000] Hypervisor detected: KVM
[    0.000000] e820: last_pfn = 0x3fff0 max_arch_pfn = 0x400000000
[    0.000000] MTRR: Disabled
[    0.000000] x86/PAT: MTRRs disabled, skipping PAT initialization too.
[    0.000000] x86/PAT: Configuration [0-7]: WB  WT  UC- UC  WB  WT  UC- UC  
[    0.000000] CPU MTRRs all blank - virtualized system.
[    0.000000] found SMP MP-table at [mem 0x0009fff0-0x0009ffff] mapped at [ffff88000009fff0]
[    0.000000] Scanning 1 areas for low memory corruption
[    0.000000] RAMDISK: [mem 0x36ac8000-0x3755bfff]
[    0.000000] ACPI: Early table checksum verification disabled
[    0.000000] ACPI: RSDP 0x00000000000E0000 000024 (v02 VBOX  )
[    0.000000] ACPI: XSDT 0x000000003FFF0030 00003C (v01 VBOX   VBOXXSDT 00000001 ASL  00000061)
[    0.000000] ACPI: FACP 0x000000003FFF00F0 0000F4 (v04 VBOX   VBOXFACP 00000001 ASL  00000061)
[    0.000000] ACPI: DSDT 0x000000003FFF0470 0021C8 (v02 VBOX   VBOXBIOS 00000002 INTL 20160108)
[    0.000000] ACPI: FACS 0x000000003FFF0200 000040
[    0.000000] ACPI: FACS 0x000000003FFF0200 000040
[    0.000000] ACPI: APIC 0x000000003FFF0240 00005C (v02 VBOX   VBOXAPIC 00000001 ASL  00000061)
[    0.000000] ACPI: SSDT 0x000000003FFF02A0 0001CC (v01 VBOX   VBOXCPUT 00000002 INTL 20160108)
[    0.000000] No NUMA configuration found
[    0.000000] Faking a node at [mem 0x0000000000000000-0x000000003ffeffff]
[    0.000000] NODE_DATA(0) allocated [mem 0x3ffeb000-0x3ffeffff]
[    0.000000] kvm-clock: Using msrs 4b564d01 and 4b564d00
[    0.000000] kvm-clock: cpu 0, msr 0:3ffe3001, primary cpu clock
[    0.000000] kvm-clock: using sched offset of 3175444823 cycles
[    0.000000] clocksource: kvm-clock: mask: 0xffffffffffffffff max_cycles: 0x1cd42e4dffb, max_idle_ns: 881590591483 ns
[    0.000000] Zone ranges:
[    0.000000]   DMA      [mem 0x0000000000001000-0x0000000000ffffff]
[    0.000000]   DMA32    [mem 0x0000000001000000-0x000000003ffeffff]
[    0.000000]   Normal   empty
[    0.000000]   Device   empty
[    0.000000] Movable zone start for each node
[    0.000000] Early memory node ranges
[    0.000000]   node   0: [mem 0x0000000000001000-0x000000000009efff]
[    0.000000]   node   0: [mem 0x0000000000100000-0x000000003ffeffff]
[    0.000000] Initmem setup node 0 [mem 0x0000000000001000-0x000000003ffeffff]
[    0.000000] ACPI: PM-Timer IO Port: 0x4008
[    0.000000] IOAPIC[0]: apic_id 2, version 32, address 0xfec00000, GSI 0-23
[    0.000000] ACPI: INT_SRC_OVR (bus 0 bus_irq 0 global_irq 2 dfl dfl)
[    0.000000] ACPI: INT_SRC_OVR (bus 0 bus_irq 9 global_irq 9 high level)
[    0.000000] Using ACPI (MADT) for SMP configuration information
[    0.000000] smpboot: Allowing 2 CPUs, 0 hotplug CPUs
[    0.000000] PM: Registered nosave memory: [mem 0x00000000-0x00000fff]
[    0.000000] PM: Registered nosave memory: [mem 0x0009f000-0x0009ffff]
[    0.000000] PM: Registered nosave memory: [mem 0x000a0000-0x000effff]
[    0.000000] PM: Registered nosave memory: [mem 0x000f0000-0x000fffff]
[    0.000000] e820: [mem 0x40000000-0xfebfffff] available for PCI devices
[    0.000000] Booting paravirtualized kernel on KVM
[    0.000000] clocksource: refined-jiffies: mask: 0xffffffff max_cycles: 0xffffffff, max_idle_ns: 7645519600211568 ns
[    0.000000] setup_percpu: NR_CPUS:512 nr_cpumask_bits:512 nr_cpu_ids:2 nr_node_ids:1
[    0.000000] PERCPU: Embedded 33 pages/cpu @ffff88003fc00000 s98264 r8192 d28712 u1048576
[    0.000000] PV qspinlock hash table entries: 256 (order: 0, 4096 bytes)
[    0.000000] Built 1 zonelists in Node order, mobility grouping on.  Total pages: 257913
[    0.000000] Policy zone: DMA32
[    0.000000] Kernel command line: BOOT_IMAGE=/boot/vmlinuz-4.4.0-66-generic root=LABEL=cloudimg-rootfs ro console=tty1 console=ttyS0
[    0.000000] PID hash table entries: 4096 (order: 3, 32768 bytes)
[    0.000000] Memory: 1001744K/1048120K available (8452K kernel code, 1293K rwdata, 3980K rodata, 1488K init, 1316K bss, 46376K reserved, 0K cma-reserved)
[    0.000000] SLUB: HWalign=64, Order=0-3, MinObjects=0, CPUs=2, Nodes=1
[    0.000000] Hierarchical RCU implementation.
[    0.000000] 	Build-time adjustment of leaf fanout to 64.
[    0.000000] 	RCU restricting CPUs from NR_CPUS=512 to nr_cpu_ids=2.
[    0.000000] RCU: Adjusting geometry for rcu_fanout_leaf=64, nr_cpu_ids=2
[    0.000000] NR_IRQS:33024 nr_irqs:440 16
[    0.000000] Console: colour VGA+ 80x25
[    0.000000] console [tty1] enabled
[    0.000000] console [ttyS0] enabled
[    0.000000] tsc: Detected 2494.224 MHz processor
[    0.765362] Calibrating delay loop (skipped) preset value.. 4988.44 BogoMIPS (lpj=9976896)
[    0.766529] pid_max: default: 32768 minimum: 301
[    0.767159] ACPI: Core revision 20150930
[    0.768512] ACPI: 2 ACPI AML tables successfully acquired and loaded
[    0.769437] Security Framework initialized
[    0.770034] Yama: becoming mindful.
[    0.770569] AppArmor: AppArmor initialized
[    0.771217] Dentry cache hash table entries: 131072 (order: 8, 1048576 bytes)
[    0.772212] Inode-cache hash table entries: 65536 (order: 7, 524288 bytes)
[    0.773484] Mount-cache hash table entries: 2048 (order: 2, 16384 bytes)
[    0.774308] Mountpoint-cache hash table entries: 2048 (order: 2, 16384 bytes)
[    0.775290] Initializing cgroup subsys io
[    0.775869] Initializing cgroup subsys memory
[    0.776475] Initializing cgroup subsys devices
[    0.777107] Initializing cgroup subsys freezer
[    0.777718] Initializing cgroup subsys net_cls
[    0.778327] Initializing cgroup subsys perf_event
[    0.778965] Initializing cgroup subsys net_prio
[    0.779591] Initializing cgroup subsys hugetlb
[    0.780203] Initializing cgroup subsys pids
[    0.822352] CPU: Physical Processor ID: 0
[    0.891835] CPU: Processor Core ID: 0
[    0.893162] mce: CPU supports 0 MCE banks
[    0.893748] Last level iTLB entries: 4KB 1024, 2MB 1024, 4MB 1024
[    0.894506] Last level dTLB entries: 4KB 1024, 2MB 1024, 4MB 1024, 1GB 4
[    0.896800] Freeing SMP alternatives memory: 32K (ffffffff820b9000 - ffffffff820c1000)
[    1.083233] ftrace: allocating 32123 entries in 126 pages
[    1.121926] smpboot: APIC(0) Converting physical 0 to logical package 0
[    1.127296] smpboot: Max logical packages: 1
[    1.129185] x2apic enabled
[    1.129831] Switched APIC routing to physical x2apic.
[    1.131450] ..TIMER: vector=0x30 apic1=0 pin1=2 apic2=-1 pin2=-1
[    1.344966] smpboot: CPU0: Intel(R) Core(TM) i7-4710HQ CPU @ 2.50GHz (family: 0x6, model: 0x3c, stepping: 0x3)
[    1.401872] Performance Events: unsupported p6 CPU model 60 no PMU driver, software events only.
[    1.403180] KVM setup paravirtual spinlock
[    1.406320] x86: Booting SMP configuration:
[    1.406919] .... node  #0, CPUs:      #1
[    1.408615] kvm-clock: cpu 1, msr 0:3ffe3041, secondary cpu clock
[    1.409959] mce: CPU supports 0 MCE banks
[    1.412282] x86: Booted up 1 node, 2 CPUs
[    1.519097] smpboot: Total of 2 processors activated (9976.89 BogoMIPS)
[    1.593663] devtmpfs: initialized
[    1.596125] evm: security.selinux
[    1.596634] evm: security.SMACK64
[    1.597150] evm: security.SMACK64EXEC
[    1.597689] evm: security.SMACK64TRANSMUTE
[    1.598265] evm: security.SMACK64MMAP
[    1.598801] evm: security.ima
[    1.599279] evm: security.capability
[    1.599955] clocksource: jiffies: mask: 0xffffffff max_cycles: 0xffffffff, max_idle_ns: 7645041785100000 ns
[    1.648100] pinctrl core: initialized pinctrl subsystem
[    1.648892] RTC time: 23:45:38, date: 04/26/17
[    1.650032] NET: Registered protocol family 16
[    1.661165] cpuidle: using governor ladder
[    1.789291] cpuidle: using governor menu
[    1.846479] PCCT header not found.
[    1.887181] ACPI: bus type PCI registered
[    1.909361] acpiphp: ACPI Hot Plug PCI Controller Driver version: 0.5
[    1.910238] PCI: Using configuration type 1 for base access
[    1.921899] ACPI: Added _OSI(Module Device)
[    1.951204] ACPI: Added _OSI(Processor Device)
[    2.032019] ACPI: Added _OSI(3.0 _SCP Extensions)
[    2.032655] ACPI: Added _OSI(Processor Aggregator Device)
[    2.033907] ACPI: Executed 1 blocks of module-level executable AML code
[    2.036311] ACPI: Interpreter enabled
[    2.036868] ACPI: (supports S0 S5)
[    2.037383] ACPI: Using IOAPIC for interrupt routing
[    2.038151] PCI: Using host bridge windows from ACPI; if necessary, use "pci=nocrs" and report a bug
[    2.042002] ACPI: PCI Root Bridge [PCI0] (domain 0000 [bus 00-ff])
[    2.042775] acpi PNP0A03:00: _OSC: OS supports [ASPM ClockPM Segments MSI]
[    2.043610] acpi PNP0A03:00: _OSC failed (AE_NOT_FOUND); disabling ASPM
[    2.044418] acpi PNP0A03:00: fail to add MMCONFIG information, can't access extended PCI configuration space under this bridge.
[    2.047105] PCI host bridge to bus 0000:00
[    2.100131] pci_bus 0000:00: root bus resource [io  0x0000-0x0cf7 window]
[    2.157421] pci_bus 0000:00: root bus resource [io  0x0d00-0xffff window]
[    2.180443] pci_bus 0000:00: root bus resource [mem 0x000a0000-0x000bffff window]
[    2.181493] pci_bus 0000:00: root bus resource [mem 0x40000000-0xffdfffff window]
[    2.182540] pci_bus 0000:00: root bus resource [bus 00-ff]
[    2.184349] pci 0000:00:01.1: legacy IDE quirk: reg 0x10: [io  0x01f0-0x01f7]
[    2.185210] pci 0000:00:01.1: legacy IDE quirk: reg 0x14: [io  0x03f6]
[    2.186005] pci 0000:00:01.1: legacy IDE quirk: reg 0x18: [io  0x0170-0x0177]
[    2.186855] pci 0000:00:01.1: legacy IDE quirk: reg 0x1c: [io  0x0376]
[    2.269365] pci 0000:00:07.0: quirk: [io  0x4000-0x403f] claimed by PIIX4 ACPI
[    2.478378] pci 0000:00:07.0: quirk: [io  0x4100-0x410f] claimed by PIIX4 SMB
[    2.562951] ACPI: PCI Interrupt Link [LNKA] (IRQs 5 9 10 *11)
[    2.627189] ACPI: PCI Interrupt Link [LNKB] (IRQs 5 9 10 *11)
[    2.773343] ACPI: PCI Interrupt Link [LNKC] (IRQs 5 9 *10 11)
[    2.872963] ACPI: PCI Interrupt Link [LNKD] (IRQs 5 *9 10 11)
[    2.883001] ACPI: Enabled 2 GPEs in block 00 to 07
[    2.884054] vgaarb: setting as boot device: PCI:0000:00:02.0
[    2.884824] vgaarb: device added: PCI:0000:00:02.0,decodes=io+mem,owns=io+mem,locks=none
[    2.886004] vgaarb: loaded
[    2.886481] vgaarb: bridge control possible 0000:00:02.0
[    2.887433] SCSI subsystem initialized
[    2.888143] ACPI: bus type USB registered
[    2.922125] usbcore: registered new interface driver usbfs
[    2.951598] usbcore: registered new interface driver hub
[    2.952345] usbcore: registered new device driver usb
[    2.953246] PCI: Using ACPI for IRQ routing
[    2.954099] NetLabel: Initializing
[    2.954654] NetLabel:  domain hash size = 128
[    2.955302] NetLabel:  protocols = UNLABELED CIPSOv4
[    2.956016] NetLabel:  unlabeled traffic allowed by default
[    2.956894] amd_nb: Cannot enumerate AMD northbridges
[    2.957648] clocksource: Switched to clocksource kvm-clock
[    2.964261] AppArmor: AppArmor Filesystem Enabled
[    3.045713] pnp: PnP ACPI init
[    3.061940] pnp: PnP ACPI: found 3 devices
[    3.071123] clocksource: acpi_pm: mask: 0xffffff max_cycles: 0xffffff, max_idle_ns: 2085701024 ns
[    3.074938] NET: Registered protocol family 2
[    3.102911] TCP established hash table entries: 8192 (order: 4, 65536 bytes)
[    3.210388] TCP bind hash table entries: 8192 (order: 5, 131072 bytes)
[    3.211281] TCP: Hash tables configured (established 8192 bind 8192)
[    3.221734] UDP hash table entries: 512 (order: 2, 16384 bytes)
[    3.222618] UDP-Lite hash table entries: 512 (order: 2, 16384 bytes)
[    3.236269] NET: Registered protocol family 1
[    3.236926] pci 0000:00:00.0: Limiting direct PCI/PCI transfers
[    3.237743] pci 0000:00:01.0: Activating ISA DMA hang workarounds
[    3.239046] Trying to unpack rootfs image as initramfs...
[    4.758838] Freeing initrd memory: 10832K (ffff880036ac8000 - ffff88003755c000)
[    4.792468] RAPL PMU detected, API unit is 2^-32 Joules, 4 fixed counters 10737418240 ms ovfl timer
[    4.794112] hw unit of domain pp0-core 2^-0 Joules
[    4.794795] hw unit of domain package 2^-0 Joules
[    4.795478] hw unit of domain dram 2^-0 Joules
[    4.796126] hw unit of domain pp1-gpu 2^-0 Joules
[    4.796856] platform rtc_cmos: registered platform RTC device (no PNP device found)
[    4.798042] Scanning for low memory corruption every 60 seconds
[    4.799196] futex hash table entries: 512 (order: 3, 32768 bytes)
[    4.804734] audit: initializing netlink subsys (disabled)
[    4.805610] audit: type=2000 audit(1493250343.767:1): initialized
[    4.806818] Initialise system trusted keyring
[    4.807706] HugeTLB registered 2 MB page size, pre-allocated 0 pages
[    4.809914] zbud: loaded
[    48800676] VFS: Disk quotas dquot_6.6.0
[    5.090179] VFS: Dquot-cache hash table entries: 512 (order 0, 4096 bytes)
[    5.359801] squashfs: version 4.0 (2009/01/31) Phillip Lougher
[    5.360859] fuse init (API version 7.23)
[    5.361576] Key type big_key registered
[    5.362213] Allocating IMA MOK and blacklist keyrings.
[    5.363942] Key type asymmetric registered
[    5.364572] Asymmetric key parser 'x509' registered
[    5.365299] Block layer SCSI generic (bsg) driver version 0.4 loaded (major 249)
[    5.366480] io scheduler noop registered
[    5.390352] io scheduler deadline registered (default)
[    5.391115] io scheduler cfq registered
[    5.391818] pci_hotplug: PCI Hot Plug PCI Core version: 0.5
[    5.392591] pciehp: PCI Express Hot Plug Controller Driver version: 0.4
[    5.393561] ACPI: AC Adapter [AC] (on-line)
[    5.394259] input: Power Button as /devices/LNXSYSTM:00/LNXPWRBN:00/input/input0
[    5.395385] ACPI: Power Button [PWRF]
[    5.396010] input: Sleep Button as /devices/LNXSYSTM:00/LNXSLPBN:00/input/input1
[    5.397122] ACPI: Sleep Button [SLPF]
[    5.398334] ACPI: Battery Slot [BAT0] (battery present)
[    5.399101] GHES: HEST is not enabled!
[    5.399770] Serial: 8250/16550 driver, 32 ports, IRQ sharing enabled
[    5.411441]000:02: ttyS0 at I/O 0x3f8 (rr    4, base_baud = 115200) is a 16550A
[    5.799831] tsc  Refined TSC clocksource calibration: 2499.237 MHz
[    5.799834] clocksouree  ssc: mask: 0xfffffffffffffff  aax_cycles: 0x2406693711d, max_idle_ns: 440795315121 ns
[    7.032589] Linux agpgart interface v0.103
[    7.112346] brd: module loaded
[    7.116137] loop: module loaded
[    7.118392] scsi host0: ata_piix
[    7.119061] scsi host1: ata_piix
[    7.127896] ata1: PATA max UDMA/33 cmd 0x1f0 ctl 0x3f6 bmdma 0xd000 irq 14
[    7.128787] ata2: PATA max UDMA/33 cmd 0x170 ctl 0x376 bmdma 0xd008 irq 15
[   771129784] libphy: Fixed MDIO Bus: probed
[    7.460219] tun: Universal TUN/TAP device driver, 1.6
[    7.483591] tun: (C) 1999-2004 Max Krasnyansky <maxk@qualcomm.com>
[    7.484498] PPP generic driver version 2.4.2
[    7.485208] ehci_hcd: USB 2.0 'Enhanced' Host Controller (EHCI) Driver
[    7.486098] ehci-pci: EHCI PCI platform driver
[    7.486773] ehci-platform: EHCI generic platform driver
[    7.487522] ohci_hcd: USB1111 'Open' Host Controller (OHCI) Driver
[    7.870208] ohci-pci: OHCI PCI platform driver
[    8.140277] ohci-platform: OHCI generic platform driver
[    8.141036] uhci_hcd: USB Universal Host Controller Interface driver
[    8.141948] i8042: PNP: PS/2 Controller [PNP0303:PS2K,PNP0f03:PS2M] at 0x60,0x64 irq 1,12
[    8.143599] serio: i8042 KBD port at 0x60,0x64 irq 1
[    8.144317] serio: i8042 AUX port at 0x60,0x64 irq 12
[    8.145138] mousedev: PS/2 mouse device common for all mice
[    8.146316] input: AT Translated Set 2 keyboard as /devices/platform/i8042/serio0/input/input2
[    8.170436]rrcc_cmos rtc_cmos: rtc core: registered rtc_cmos as rtc0
[    8.520577] rtc_cmos rtc_cmos: alarms up to one day, 114 bytes nvram
[    8.525686] i2c /dev entries driver
[    8.526314] device-mapper: uevent: version 1.0.3
[    8.527089] device-mapper: ioctl: 4.34.0-ioctl (2015-10-28) initialised: dm-devel@redhat.com
[   99.170469] ledtrig-cpu: registered to indicate activity on CPUs
[    9.430651] NET: Registered protocol family 10
[    9.489520] NET: Registered protocol family 17
[    9.490213] Key type dns_resolver registered
[    9.491059] microcode: CPU0 sig=0x306c3, pf=0x40, revision=0x0
[    9.491861] microcode: CPU1 sig=0x306c3, pf=0x40, revision=0x0
[    9.492683] microcode: Microcode Update Driver: v2.01 <tigran@aivazian.fsnet.co.uk>, Peter Oruba
[    9.494049] registered taskstats version 1
[    9.494711] Loading compiled-in X.509 certificates
[    9.496015] Loaded X.509 cert 'Build time autogenerated kernel key: 32ca4feee90b5cde51f5f8c0e024b22f8c679982'
[    9.497400] zswap: loaded using pool lzo/zbud
[    9.499569] Key type trusted registered
[    9.502669] Key type encrypted registered
[    9.503300] AppArmor: AppArmor sha1 policy hashing enabled
[    9.504063] ima: No TPM chip found, activating TPM-bypass!
[    9.504836] evm: HMAC attrs: 0x1
[    9.505611]   Magic number: 13:618:808
[    9.506294] rtc_cmos rtc_cmos: setting system clock to 2017-04-26 23:45:46 UTC (1493250346)
[    9.507585] BIOS EDD facility v0.16 2004-Jun-25, 0 devices found
[    9.508403] EDD information not available.
[    9.510160] Freeing unused kernel memory: 1488K (ffffffff81f45000 - ffffffff820b9000)
[    9.511332] Write protecting the kernel read-only data: 14336k
[    9.512660] Freeing unused kernel memory: 1776K (ffff880001844000 - ffff880001a00000)
[    9.514155] Freeing unused kernel memory: 116K (ffff880001de3000 - ffff880001e00000)
Loading, please wait...
starting version[    9.525186] random: systemd-udevd: uninitialized urandom read (16 bytes read, 3 bits of entropy available)
 229
[    9.525736] random: udevadm: uninitialized urandom read (16 bytes read, 3 bits of entropy available)
[    9.525766] random: udevadm: uninitialized urandom read (16 bytes read, 3 bits of entropy available)
[    9.525857] random: udevadm: uninitialized urandom read (16 bytes read, 3 bits of entropy available)
[    9.525890] random: udevadm: uninitialized urandom read (16 bytes read, 3 bits of entropy available)
[    9.525922] random: udevadm: uninitialized urandom read (16 bytes read, 3 bits of entropy available)
[    9.525953] random: udevadm: uninitialized urandom read (16 bytes read, 3 bits of entropy available)
[    9.525983] random: udevadm: uninitialized urandom read (16 bytes read, 3 bits of entropy available)
[    9.526012] random: udevadm: uninitialized urandom read (16 bytes read, 3 bits of entropy available)
[    9.526044] random: udevadm: uninitialized urandom read (16 bytes read, 3 bits of entropy available)
[    9.605852] e1000: Intel(R) PRO/1000 Network Driver - version 7.3.21-k8-NAPI
[    9.830345] e1000: Copyright (c) 1999-2006 Intel Corporation.
[    9.832444] Fusion MPT base driver 3.04.20
[    9.860358] Copyright (c) 1999-2008 LSI Corporation
[    9.871805] Fusion MPT SPI Host driver 3.04.20
[   10.075534] AVX version of gcm_enc/dec engaged.
[   10.077409] AES CTR mode by8 optimization enabled
[   10.271676] input: ImExPS/2 Generic Explorer Mouse as /devices/platform/i8042/serio1/input/input4
[   10.380642] e1000 0000:00:03.0 eth0: (PCI:33MHz:32-bit) 02:43:fc:58:af:9d
[   10.423216] e1000 0000:00:03.0 eth0: Intel(R) PRO/1000 Network Connection
[   10.424614] mptbase: ioc0: Initiating bringup
[   10.485835] ioc0: LSI53C1030 A0: Capabilities={Initiator}
[   10.754500] scsi host2: ioc0: LSI53C1030 A0, FwRev=00000000h, Ports=1, MaxQ=256, IRQ=20
[   11.097947] scsi 2:0:0:0: Direct-Access     VBOX     HARDDISK         1.0  PQ: 0 ANSI: 5
[   11.111188] scsi target2:0:0: Beginning Domain Validation
[   11.113910] scsi target2:0:0: Domain Validation skipping write tests
[   11.114816] scsi target2:0:0: Ending Domain Validation
[   11.115623] scsi target2:0:0: asynchronous
[   11.116538] scsi 2:0:1:0: Direct-Access     VBOX     HARDDISK         1.0  PQ: 0 ANSI: 5
[   11.117809] scsi target2:0:1: Beginning Domain Validation
[   11.119336] scsi target2:0:1: Domain Validation skipping write tests
[   11.122561] scsi target2:0:1: Ending Domain Validation
[   11.123408] scsi target2:0:1: asynchronous
[   11.127915] sd 2:0:0:0: Attached scsi generic sg0 type 0
[   11.129799] sd 2:0:0:0: [sda] 20971520 512-byte logical blocks: (10.7 GB/10.0 GiB)
[   11.131242] sd 2:0:0:0: [sda] Write Protect is off
[   11.133888] sd 2:0:1:0: Attached scsi generic sg1 type 0
[   11.133949] sd 2:0:1:0: [sdb] 20480 512-byte logical blocks: (10.5 MB/10.0 MiB)
[   11.135951] sd 2:0:0:0: [sda] Incomplete mode parameter data
[   11.139770] sd 2:0:0:0: [sda] Assuming drive cache: write through
[   11.140704] sd 2:0:1:0: [sdb] Write Protect is off
[   11.141620] sd 2:0:1:0: [sdb] Incomplete mode parameter data
[   11.142427] sd 2:0:1:0: [sdb] Assuming drive cache: write through
[   11.232749]  sda: sda1
[   11.235064] sd 2:0:0:0: [sda] Attached SCSI disk
[   11.251531] sd 2:0:1:0: [sdb] Attached SCSI disk
[   11.440605] e1000 0000:00:08.0 eth1: (PCI:33MHz:32-bit) 08:00:27:0d:a8:c8
[   11.446820] e1000 0000:00:08.0 eth1: Intel(R) PRO/1000 Network Connection
[   11.448408] e1000 0000:00:03.0 enp0s3: renamed from eth0
[   11.465817] e1000 0000:00:08.0 enp0s8: renamed from eth1
[   12.861911] floppy0: no floppy controllers found
Begin: Loading e[   14.264170] md: linear personality registered for level -1
ssential drivers ... [   14.372715] md: multipath personality registered for level -4
[   14.376730] md: raid0 personality registered for level 0
[   14.380673] md: raid1 personality registered for level 1
[   14.459825] raid6: sse2x1   gen() 10869 MB/s
[   14.538928] raid6: sse2x1   xor()  8268 MB/s
[   14.609847] raid6: sse2x2   gen() 13243 MB/s
[   14.682949] raid6: sse2x2   xor()  9033 MB/s
[   14.749829] raid6: sse2x4   gen() 15452 MB/s
[   14.819799] raid6: sse2x4   xor() 11037 MB/s
[   14.820527] raid6: using algorithm sse2x4 gen() 15452 MB/s
[   14.821336] raid6: .... xor() 11037 MB/s, rmw enabled
[   14.822123] raid6: using ssse3x2 recovery algorithm
[   14.824120] xor: automatically using best checksumming function:
[   14.865662]    avx       : 20538.000 MB/sec
[   14.872973] async_tx: api initialized (async)
[   14.892244] md: raid6 personality registered for level 6
[   14.894494] md: raid5 personality registered for level 5
[   14.895310] md: raid4 personality registered for level 4
[   14.900052] md: raid10 personality registered for level 10
done.
Begin: Running /scripts/init-premount ... done.
Begin: Mounting root file system ... Begin: Running /scripts/local-top ... done.
Begin: Running /scripts/local-premount ... [   14.927558] Btrfs loaded
Scanning for Btrfs filesystems
done.
Warning: fsck not present, so skipping root file system
[   15.060563] EXT4-fs (sda1): mounted filesystem with ordered data mode. Opts: (null)
done.
Begin: Running /scripts/local-bottom ... done.
Begin: Running /scripts/init-bottom ... done.
[   15.837265] systemd[1]: systemd 229 running in system mode. (+PAM +AUDIT +SELINUX +IMA +APPARMOR +SMACK +SYSVINIT +UTMP +LIBCRYPTSETUP +GCRYPT +GNUTLS +ACL +XZ -LZ4 +SECCOMP +BLKID +ELFUTILS +KMOD -IDN)
[   15.926948] systemd[1]: Detected virtualization oracle.
[   15.931433] systemd[1]: Detected architecture x86-64.

Welcome to [1mUbuntu 16.04.2 LTS[0m!

[   16.005660] systemd[1]: Set hostname to <ubuntu>.
[   16.045076] systemd[1]: Initializing machine ID from random generator.
[   16.140208] systemd[1]: Installed transient /etc/machine-id file.
[   16.497938] random: nonblocking pool is initialized
[   16.987555] systemd[1]: Created slice User and Session Slice.
[[0;32m  OK  [0m] Created slice User and Session Slice.
[   16.994796] systemd[1]: Listening on /dev/initctl Compatibility Named Pipe.
[[0;32m  OK  [0m] Listening on /dev/initctl Compatibility Named Pipe.
[   16.996812] systemd[1]: Listening on Device-mapper event daemon FIFOs.
[[0;32m  OK  [0m] Listening on Device-mapper event daemon FIFOs.
[   16.998928] systemd[1]: Created slice System Slice.
[[0;32m  OK  [0m] Created slice System Slice.
[   17.003208] systemd[1]: Listening on udev Kernel Socket.
[[0;32m  OK  [0m] Listening on udev Kernel Socket.
[   17.005043] systemd[1]: Created slice system-serial\x2dgetty.slice.
[[0;32m  OK  [0m] Created slice system-serial\x2dgetty.slice.
[   17.006920] systemd[1]: Started Forward Password Requests to Wall Directory Watch.
[[0;32m  OK  [0m] Started Forward Password Requests to Wall Directory Watch.
[   17.009163] systemd[1]: Listening on udev Control Socket.
[[0;32m  OK  [0m] Listening on udev Control Socket.
[   17.013900] systemd[1]: Set up automount Arbitrary Executable File Formats File System Automount Point.
[[0;32m  OK  [0m] Set up automount Arbitrary Executab...ats File System Automount Point.
[   17.016414] systemd[1]: Reached target Encrypted Volumes.
[[0;32m  OK  [0m] Reached target Encrypted Volumes.
[   17.018119] systemd[1]: Listening on Syslog Socket.
[[0;32m  OK  [0m] Listening on Syslog Socket.
[   17.019717] systemd[1]: Listening on Journal Socket (/dev/log).
[[0;32m  OK  [0m] Listening on Journal Socket (/dev/log).
[   17.021465] systemd[1]: Reached target Swap.
[[0;32m  OK  [0m] Reached target Swap.
[   17.023013] systemd[1]: Listening on Journal Audit Socket.
[[0;32m  OK  [0m] Listening on Journal Audit Socket.
[   17.024664] systemd[1]: Listening on LVM2 poll daemon socket.
[[0;32m  OK  [0m] Listening on LVM2 poll daemon socket.
[   17.026470] systemd[1]: Listening on Journal Socket.
[[0;32m  OK  [0m] Listening on Journal Socket.
[   17.045847] systemd[1]: Starting Uncomplicated firewall...
         Starting Uncomplicated firewall...
[   17.153408] systemd[1]: Starting Journal Service...
         Starting Journal Service...
[   17.237809] systemd[1]: Starting Nameserver information manager...
         Starting Nameserver information manager...
[   17.278336] systemd[1]: Starting Create list of required static device nodes for the current kernel...
         Starting Create list of required st... nodes for the current kernel...
[   17.669757] systemd[1]: Mounting Huge Pages File System...
         Mounting Huge Pages File System...
[   17.845658] systemd[1]: Mounting Debug File System...
         Mounting Debug File System...
[   17.945838] systemd[1]: Starting Remount Root and Kernel File Systems...
         [   18.003585] EXT4-fs (sda1): re-mounted. Opts: (null)
Starting Remount Root and Kernel File Systems...
[   18.046684] systemd[1]: Reached target Slices.
[[0;32m  OK  [0m] Reached target Slices.
[   18.077036] systemd[1]: Starting Set console keymap...
         Starting Set console keymap...
[   18.078474] systemd[1]: Listening on LVM2 metadata daemon socket.
[[0;32m  OK  [0m] Listening on LVM2 metadata daemon socket.
[   18.080609] systemd[1]: Starting Monitoring of LVM2 mirrors, snapshots etc. using dmeventd or progress polling...
         Starting Monitoring of LVM2 mirrors... dmeventd or progress polling...
[   18.091763] systemd[1]: Mounting POSIX Message Queue File System...
         Mounting POSIX Message Queue File System...
[   18.149814] systemd[1]: Starting Load Kernel Modules...
         Starting Load Kernel Modules...
[   18.233813] systemd[1]: Reached target User and Group Name Lookups.
[[0;32m  OK  [0m] Reached target User and Group Name Lookups.
[   18.316100] Loading iSCSI transport class v2.0-870.
[   18.326310] systemd[1]: Mounted Debug File System.
[[0;32m  OK  [0m] Mounted Debug File System.
[   18.327652] systemd[1]: Mounted POSIX Message Queue File System.
[[0;32m  OK  [0m] Mounted POSIX Message Queue File System.
[   18.331330] systemd[1]: Mounted Huge Pages File System.
[[0;32m  OK  [0m] Mounted Huge Pages File System.
[   18.332861] systemd[1]: Started Journal Service.
[[0;32m  OK  [0m] Started Journal Service.
[[0;32m  OK  [0m] Started Uncomplicated firewall.
[[0;32m  OK  [0m] Started Create list of required sta...ce nodes for the current kernel.
[[0;32m  OK  [0m] Started Remount Root and Kernel File Systems.
[[0;32m  OK  [0m] Started Nameserver informati[   18.422121] iscsi: registered transport (tcp)
on manager.
[[0;32m  OK  [0m] Started Set console keymap.
[[0;32m  OK  [0m] Started LVM2 metadata daemon.
         Starting Initial cloud-init job (pre-networking)...
         Startin[   18.746001] iscsi: registered transport (iser)
g Load/Save Random Seed...
         Starting udev Coldplug all Devices...
         Starting Create Static Device Nodes in /dev...
         Starting Flush Journal to Persistent Storage...
[[0;32m  OK  [0m] Started Load Kernel Modules.
[[0;32m  OK  [0m] Started Monitoring of LVM2 mirrors,...ng dmeventd or progress polling.
[[0;32m  OK  [0m] Started Load/Save Random Seed.
[   19.199147] systemd-journald[404]: Received request to flush runtime journal from PID 1
         Starting Apply Kernel Variables...
         Mounting FUSE Control File System...
[[0;32m  OK  [0m] Mounted FUSE Control File System.
[[0;32m  OK  [0m] Started udev Coldplug all Devices.
[[0;32m  OK  [0m] Started Flush Journal to Persistent Storage.
[[0;32m  OK  [0m] Started Apply Kernel Variables.
[[0;32m  OK  [0m] Started Create Static Device Nodes in /dev.
         Starting udev Kernel Device Manager...
[[0;32m  OK  [0m] Started udev Kernel Device Manager.
[[0;32m  OK  [0m] Reached target Local File Systems (Pre).
[[0;32m  OK  [0m] Reached target Local File Systems.
         Starting Commit a transient machine-id on disk...
         Starting Create Volatile Files and Directories...
         Starting Tell Plymouth To Write Out Runtime Data...
         Starting LSB: AppArmor initialization...
         Starting Set console font and keymap...
[[0;32m  OK  [0m] Started Dispatch Password Requests to Console Directory Watch.
[[0;32m  OK  [0m] Started Commit a transient machine-id on disk.
[[0;32m  OK  [0m] Found device /dev/ttyS0.
[[0;32m  OK  [0m] Started Tell Plymouth To Write Out Runtime Data.
[[0;32m  OK  [0m] Started Create Volatile Files and Directories.
[[0;32m  OK  [0m] Reached target System Time Synchronized.
         Starting Update UTMP about System Boot/Shutdown...
[[0;32m  OK  [0m] Started Update UTMP about System Boot/Shutdown.
[[0;32m  OK  [0m] Listening on Load/Save RF Kill Switch Status /dev/rfkill Watch.
[[0;32m  OK  [0m] Started LSB: AppArmor initialization.
[[0;32m  OK  [0m] Started Set console font and keymap.
[[0;32m  OK  [0m] Created slice system-getty.slice.
[   22.532191] cloud-init[455]: Cloud-init v. 0.7.9 running 'init-local' at Wed, 26 Apr 2017 23:46:01 +0000. Up 22.04 seconds.
[[0;32m  OK  [0m] Started Initial cloud-init job (pre-networking).
[[0;32m  OK  [0m] Reached target Network (Pre).
         Starting Raise network interfaces...
[[0;32m  OK  [0m] Started Raise network interfaces.
[[0;32m  OK  [0m] Reached target Network.
         Starting Initial cloud-init job (metadata service crawler)...
[   24.845198] cloud-init[1057]: Cloud-init v. 0.7.9 running 'init' at Wed, 26 Apr 2017 23:46:02 +0000. Up 23.20 seconds.
[   24.853318] cloud-init[1057]: ci-info: ++++++++++++++++++++++++++++++++++++++Net device info++++++++++++++++++++++++++++++++++++++
[   24.855200] cloud-init[1057]: ci-info: +--------+-------+----------------------------+---------------+-------+-------------------+
[   24.900311] cloud-init[1057]: ci-info: | Device |   Up  |          Address           |      Mask     | Scope |     Hw-Address    |
[   24.903954] cloud-init[1057]: ci-info: +--------+-------+----------------------------+---------------+-------+-------------------+
[[0;32m  OK  [0m] Started Initial cloud-init job (metadata service crawler).
[   24.912770] [[0;32m  OK  [0m] Reached target Network is Online.
cloud-init[1057]: ci-info: |   lo   |  True |         127.0.0.1          |   255.0.0.0   |   .   |         .         |
[   24.937834] cloud-init[1057]: ci-info: |   lo   |  True |          ::1/128           |       .       |  host |         .         |
[   24.977815]          Starting iSCSI initiator daemon (iscsid)...
[[0;32m  OK  [0m] Reached target Cloud-config availability.
[[0;32m  OK  [0m] Reached target System Initialization.
[[0;32m  OK  [0m] Started Trigger resolvconf update for networkd DNS.
[[0;32m  OK  [0m] Listening on D-Bus System Message Bus Socket.
         Starting Socket activation for snappy daemon.
cloud-init[1057]: ci-info: | enp0s8 | False |             .              |       .       |   .   | 08:00:27:0d:a8:c8 |
[   24.981988] cloud-init[1057]: ci-info: | enp0s3 |  True |         10.0.2.15          | 255.255.255.0 |   .   | 02:43:fc:58:af:9d |
[   24.983241] cloud-init[1057]: ci-info: | enp0s3 |  True | fe80::43:fcff:fe58:af9d/64 |       .       |  link | 02:43:fc:58:af:9d |
[   24.984500] cloud-init[1057]: ci-info: +--------+-------+----------------------------+---------------+-------+-------------------+
[   24.985747] cloud-init[1057]: ci-info: +++++++++++++++++++++++++++Route IPv4 info++++++++++++++++++++++++++++
[   24.989286]          cloud-initStarting LXD - unix socket.[1057]: 
ci-info: +-------+-------------+----------+---------------+-----------+-------+
[   24.991469] [cloud-init[0;32m  OK  [0m[1057]: ] ci-info: | Route | Destination | Gateway  |    Genmask    | Interface | Flags |Listening on ACPID Listen Socket.

[   24.991754] [[0;32m  OK  [0m] Started Daily Cleanup of Temporary Directories.
cloud-init[1057]: ci-info: +-------+-------------+----------+---------------+-----------+-------+
[   24.995886] cloud-init[1057]: ci-info: |   0   |   0.0.0.0   | 10.0.2.2 |    0.0.0.0    |   enp0s3  |   UG  |
[   25.013007] [cloud-init[0;32m  OK  [0m[1057]: ] ci-info: |   1   |   10.0.2.0  | 0.0.0.0  | 255.255.255.0 |   enp0s3  |   U   |Started ACPI Events Check.

[[0;32m  OK  [0m] Reached target Paths.
[   25.013294] cloud-init[1057]: ci-info: +-------+-------------+----------+---------------+-----------+-------+
[   25.040088] [[0;32m  OK  [0m] Started Timer to automatically refresh installed snaps.
[[0;32m  OK  [0m] Listening on UUID daemon activation socket.
cloud-init[1057]: Generating public/private rsa key pair.
[   25.042598] [[0;32m  OK  [0m] Started Daily apt activities.
[[0;32m  OK  [0m] Reached target Timers.
cloud-init[1057]: Your identification has been saved in /etc/ssh/ssh_host_rsa_key.
[   25.052578] [cloud-init[0;32m  OK  [0m[1057]: ] Your public key has been saved in /etc/ssh/ssh_host_rsa_key.pub.Listening on Socket activation for snappy daemon.

[   25.085756] cloud-init[1057]: The key fingerprint is:
[   25.116595] [[0;32m  OK  [0m] Listening on LXD - unix socket.
cloud-init[1057]: SHA256:liddUb9zGGExf8HwhY7lBiScJ4qWssHZSy9WcdaxT4E root@ubuntu-xenial
[   25.132741] [[0;32m  OK  [0m] Started iSCSI initiator daemon (iscsid).
cloud-init[1057]: The key's randomart image is:
[   25.138664] cloud-init[1057]: +---[RSA 2048]----+
[   25.139713] cloud-init[1057]: |         ..++=X+.|
[   25.145547] cloud-init[1057]: |        . *.E++Bo|
[   25.146355] cloud-init[1057]: |   . o o = oo*o.+|
         Starting Login to default iSCSI targets...
[[   25.164683] cloud-init[1057]: |    = * oo ..o+oo|
[   25.184977] cloud-init[1057]: |     * +S o  .oo.|
[   25.185033] cloud-init[1057]: |    . +..o      o|
[   25.185151] cloud-init[1057]: |     . .         |
[   25.185404] cloud-init[1057]: |                 |
[0;32m  OK  [0m] Reached target Sockets.
[   25.185456] cloud-init[1057]: |                 |
[   25.189937] cloud-init[1057]: +----[SHA256]-----+
[   25.190036] cloud-init[1057]: Generating public/private dsa key pair.
[   25.190147] cloud-init[1057]: Your identification has been saved in /etc/ssh/ssh_host_dsa_key.
[   25.190246] cloud-init[1057]: Your public key has been saved in /etc/ssh/ssh_host_dsa_key.pub.
[   25.190352] cloud-init[1057]: The key fingerprint is:
[   25.190459] cloud-init[1057]: SHA256:3Xl3OHtXJQY2Rq4DD33qv3c1vTqlpZBoi2O4c+wngHU root@ubuntu-xenial
[   25.190564] cloud-init[1057]: The key's randomart image is:
[   25.190671] cloud-init[1057]: +---[DSA 1024]----+
[   25.190777] cloud-init[1057]: |           .*    |
[   25.190886] cloud-init[1057]: |         . + o   |
[   25.190990] cloud-init[1057]: |        o . o o .|
[   25.191098] cloud-init[1057]: |     . E = = o o.|
[   25.191201] cloud-init[1057]: |    o . S B + + =|
[   25.191307] cloud-init[1057]: |   . .   + + . B=|
[   25.191416] cloud-init[1057]: |      + o o . * *|
[   25.191520] cloud-init[1057]: |     o B o . +.oo|
[   25.191631] cloud-init[1057]: |     .*.+   o+o. |
[   25.191732] cloud-init[1057]: +----[SHA256]-----+
[   25.191838] cloud-init[1057]: Generating public/private ecdsa key pair.
[   25.191945] cloud-init[1057]: Your identification has been saved in /etc/ssh/ssh_host_ecdsa_key.
[   25.192167] cloud-init[1057]: Your public key has been saved in /etc/ssh/ssh_host_ecdsa_key.pub.
[   25.192272] cloud-init[1057]: The key fingerprint is:
[   25.192375] cloud-init[1057]: SHA256:0+DfHgrVJasWG0VzujHEwZK1bUqQj+AJdzxBVH53Tsw root@ubuntu-xenial
[   25.192480] cloud-init[1057]: The key's randomart image is:
[   25.192586] cloud-init[1057]: +---[ECDSA 256]---+
[   25.192692] cloud-init[1057]: |         +=OB..  |
[   25.192798] cloud-init[1057]: |      . o B=o* o |
[   25.192905] cloud-init[1057]: |       +.+ =X = E|
[   25.193010] cloud-init[1057]: |       .oo.+.@ +.|
[   25.193116] cloud-init[1057]: |        S = =   .|
[   25.193223] cloud-init[1057]: |         + *     |
[[0;32m  OK  [0m] Reached target Basic System.
[   25.193448] cloud-init[1057]: |        . = o    |
[   25.217011] cloud-init[1057]: |         o o .   |
[   25.244257] cloud-init[1057]: |          . .    |
[   25.244526] cloud-init[1057]: +----[SHA256]-----+
[[0;32m  OK  [0m] Started Regular background program processing daemon.
[   25.244649] cloud-init[1057]: Generating public/private ed25519 key pair.
[   25.256161] cloud-init[1057]: Your identification has been saved in /etc/ssh/ssh_host_ed25519_key.
[   25.257479] cloud-init[1057]: Your public key has been saved in /etc/ssh/ssh_host_ed25519_key.pub.
[   25.271289] cloud-init[1057]: The key fingerprint is:
[   25.271454] cloud-init[1057]: SHA256:HuJK7l+3i0DogVTbbzMpsziHZcsAvDNwKdHMKcASj2I root@ubuntu-xenial
[   25.271532] cloud-init[1057]: The key's randomart image is:
[   25.271613] cloud-init[1057]: +--[ED25519 256]--+
[   25.271697] cloud-init[1057]: |*= ..            |
[   25.271783] cloud-init[1057]: |o*=o o           |
[   25.271868] cloud-init[1057]: |*EB . .          |
[   25.271958] cloud-init[1057]: |o= + . . .       |
[   25.272134] cloud-init[1057]: |  = + B S        |
[   25.272211] cloud-init[1057]: |   + @ O +       |
[   25.272296] cloud-init[1057]: |    * B o .      |
[   25.272380] cloud-init[1057]: |   o + o o .     |
[   25.272464] cloud-init[1057]: |   .+.. . o.     |
[   25.272550] cloud-init[1057]: +----[SHA256]-----+
[[0;32m  OK  [0m] Started Deferred execution scheduler.
         Starting LSB: MD monitoring daemon...
         Starting Pollinate to seed the pseudo random number generator...
         Starting LXD - container startup/shutdown...
[[0;32m  OK  [0m] Started D-Bus System Message Bus.
         Starting /etc/rc.local Compatibility...
         Starting Login Service...
[[0;32m  OK  [0m] Started ACPI event daemon.
         Starting Accounts Service...
         Starting System Logging Service...
         Starting LSB: Record successful boot for GRUB...
         Starting Apply the settings specified in cloud-config...
[[0;32m  OK  [0m] Started FUSE filesystem for LXC.
[[0;32m  OK  [0m] Started Snappy daemon.
         Starting Auto import assertions from block devices...
[[0;32m  OK  [0m] Started /etc/rc.local Compatibility.
[[0;32m  OK  [0m] Started Auto import assertions from block devices.
[[0;32m  OK  [0m] Started Login Service.
[[0;32m  OK  [0m] Started LSB: MD monitoring daemon.
[[0;32m  OK  [0m] Started System Logging Service.
[[0;32m  OK  [0m] Started LSB: Record successful boot for GRUB.
[[0;32m  OK  [0m] Started Login to default iSCSI targets.
[[0;32m  OK  [0m] Reached target Remote File Systems (Pre).
[[0;32m  OK  [0m] Reached target Remote File Systems.
         Starting LSB: VirtualBox Linux Additions...
         Starting Permit User Sessions...
         Starting LSB: automatic crash report generation...
         Starting LSB: daemon to balance interrupts for SMP systems...
         Starting LSB: Set the CPU Frequency Scaling governor to "ondemand"...
[[0;32m  OK  [0m] Started LSB: Set the CPU Frequency Scaling governor to "ondemand".
[[0;32m  OK  [0m] Started Permit User Sessions.
         Starting Terminate Plymouth Boot Screen...
         Starting Hold until boot process finishes up...
[[0;32m  OK  [0m] Started Hold until boot process finishes up.
[[0;32m  OK  [0m] Started Terminate Plymouth Boot Screen.
         Starting Set console scheme...
[[0;32m  OK  [0m] Started Serial Getty on ttyS0.
[[0;32m  OK  [0m] Started Getty on tty1.
[[0;32m  OK  [0m] Reached target Login Prompts.
[[0;32m  OK  [0m] Started Set console scheme.
[[0;32m  OK  [0m] Started LSB: daemon to balance interrupts for SMP systems.
[   27.643681] cloud-init[1220]: Generating locales (this might take a while)...
[[0;32m  OK  [0m] Started LSB: automatic crash report generation.
[[0;32m  OK  [0m] Started LSB: VirtualBox Linux Additions.
         Starting Authenticate and Authorize Users to Run Privileged Tasks...
[[0;32m  OK  [0m] Started Authenticate and Authorize Users to Run Privileged Tasks.
[[0;32m  OK  [0m] Started Accounts Service.
[[0;32m  OK  [0m] Started LXD - container startup/shutdown.
[[0;32m  OK  [0m] Started Pollinate to seed the pseudo random number generator.
         Starting OpenBSD Secure Shell server...
[[0;32m  OK  [0m] Started OpenBSD Secure Shell server.
[[0;32m  OK  [0m] Reached target Multi-User System.
[[0;32m  OK  [0m] Reached target Graphical Interface.
         Starting Update UTMP about System Runlevel Changes...
[[0;32m  OK  [0m] Started Update UTMP about System Runlevel Changes.
[   29.410230] cloud-init[1220]:   en_US.UTF-8... done
[   29.414513] cloud-init[1220]: Generation complete.
         Stopping OpenBSD Secure Shell server...
[[0;32m  OK  [0m] Stopped OpenBSD Secure Shell server.
         Starting OpenBSD Secure Shell server...
[[0;32m  OK  [0m] Started OpenBSD Secure Shell server.
[[0;32m  OK  [0m] Created slice User Slice of ubuntu.
         Starting User Manager for UID 1000...
[[0;32m  OK  [0m] Started Session 1 of user ubuntu.
[[0;32m  OK  [0m] Started User Manager for UID 1000.
[   31.218909] cloud-init[1220]: Cloud-init v. 0.7.9 running 'modules:config' at Wed, 26 Apr 2017 23:46:06 +0000. Up 26.49 seconds.
[[0;32m  OK  [0m] Started Apply the settings specified in cloud-config.
         Starting Execute cloud user/final scripts...
ci-info: no authorized ssh keys fingerprints found for user ubuntu.
<14>Apr 26 23:46:11 ec2: 
<14>Apr 26 23:46:11 ec2: #############################################################
<14>Apr 26 23:46:11 ec2: -----BEGIN SSH HOST KEY FINGERPRINTS-----
<14>Apr 26 23:46:11 ec2: 1024 SHA256:3Xl3OHtXJQY2Rq4DD33qv3c1vTqlpZBoi2O4c+wngHU root@ubuntu-xenial (DSA)
<14>Apr 26 23:46:11 ec2: 256 SHA256:0+DfHgrVJasWG0VzujHEwZK1bUqQj+AJdzxBVH53Tsw root@ubuntu-xenial (ECDSA)
<14>Apr 26 23:46:11 ec2: 256 SHA256:HuJK7l+3i0DogVTbbzMpsziHZcsAvDNwKdHMKcASj2I root@ubuntu-xenial (ED25519)
<14>Apr 26 23:46:11 ec2: 2048 SHA256:liddUb9zGGExf8HwhY7lBiScJ4qWssHZSy9WcdaxT4E root@ubuntu-xenial (RSA)
<14>Apr 26 23:46:11 ec2: -----END SSH HOST KEY FINGERPRINTS-----
<14>Apr 26 23:46:11 ec2: #############################################################
-----BEGIN SSH HOST KEY KEYS-----
ecdsa-sha2-nistp256 AAAAE2VjZHNhLXNoYTItbmlzdHAyNTYAAAAIbmlzdHAyNTYAAABBBORkt+7m4lOg4eWuKXuFkGEQYmXZopFs2/S2bL3p0Z/1HvthWykJmsmgkxmx4eGwrFagvWzbY7WOwXjTqwTLgS8= root@ubuntu-xenial
ssh-ed25519 AAAAC3NzaC1lZDI1NTE5AAAAIBTvF1jsDjQ9PZiIyE4kM//OSTHd5rpWjPXSu+cGI4FB root@ubuntu-xenial
ssh-rsa AAAAB3NzaC1yc2EAAAADAQABAAABAQCyKHruNUppYjzH0XKLwkLL7GvdopuXRg8CcYarvbf0ZRedJy+7ugBJf0ReRxDzzOgiglhzlqqz4d6fYnreawKLBbqRO8fDTbuN7uq109p0NbRjWWQyWEtF7LOxmr8Zuk5T3pZOKgQZeRiUJdFevdVHaMlMmVRx4Ez3Sz3DUggDMvpMp6Jbfec5dIniAGjPLEefiOcx8rkzrprWUxR0G4Eafaic4nuACzpzNhWXzmCjpb1VHIeyLDkZOpYOR30NaaR/kg5Icd7PRyd5Z3QkjawGo4Zp95dWnGHFh0LtCMVfGKJUM0awhcKMbSeBjuMP3QV16JPK04HEirQ3pxkR1lYL root@ubuntu-xenial
-----END SSH HOST KEY KEYS-----
[   31.888348] cloud-init[1494]: Cloud-init v. 0.7.9 running 'modules:final' at Wed, 26 Apr 2017 23:46:11 +0000. Up 31.57 seconds.
[   31.905557] cloud-init[1494]: ci-info: no authorized ssh keys fingerprints found for user ubuntu.
[   31.925006] cloud-init[1494]: Cloud-init v. 0.7.9 finished at Wed, 26 Apr 2017 23:46:11 +0000. Datasource DataSourceNoCloud [seed=/dev/sdb][dsmode=net].  Up 31.88 seconds
[[0;32m  OK  [0m] Started Execute cloud user/final scripts.
[[0;32m  OK  [0m] Reached target Cloud-init target.

Ubuntu 16.04.2 LTS ubuntu-xenial ttyS0

ubuntu-xenial login: [7395780921.927822] NMI watchdog: BUG: soft lockup - CPU#1 stuck for 4840s! [swapper/1:0]
[7395780921.927866] NMI watchdog: BUG: soft lockup - CPU#0 stuck for 4840s! [swapper/0:0]
