[    0.000000] Initializing cgroup subsys cpuset
[    0.000000] Initializing cgroup subsys cpu
[    0.000000] Initializing cgroup subsys cpuacct
[    0.000000] Linux version 4.4.0-66-generic (buildd@lgw01-28) (gcc version 5.4.0 20160609 (Ubuntu 5.4.0-6ubuntu1~16.04.4) ) #87-Ubuntu SMP Fri Mar 3 15:29:05 UTC 2017 (Ubuntu 4.4.0-66.87-generic 4.4.44)
[    0.000000] Command line: BOOT_IMAGE=/boot/vmlinuz-4.4.0-66-generic root=LABEL=cloudimg-rootfs ro console=tty1 console=ttyS0
[    0.000000] KERNEL supported cpus:
[    0.000000]   Intel GenuineIntel
[    0.000000]   AMD AuthenticAMD
[    0.000000]   Centaur CentaurHauls
[    0.000000] x86/fpu: xstate_offset[2]:  576, xstate_sizes[2]:  256
[    0.000000] x86/fpu: Supporting XSAVE feature 0x01: 'x87 floating point registers'
[    0.000000] x86/fpu: Supporting XSAVE feature 0x02: 'SSE registers'
[    0.000000] x86/fpu: Supporting XSAVE feature 0x04: 'AVX registers'
[    0.000000] x86/fpu: Enabled xstate features 0x7, context size is 832 bytes, using 'standard' format.
[    0.000000] x86/fpu: Using 'lazy' FPU context switches.
[    0.000000] e820: BIOS-provided physical RAM map:
[    0.000000] BIOS-e820: [mem 0x0000000000000000-0x000000000009fbff] usable
[    0.000000] BIOS-e820: [mem 0x000000000009fc00-0x000000000009ffff] reserved
[    0.000000] BIOS-e820: [mem 0x00000000000f0000-0x00000000000fffff] reserved
[    0.000000] BIOS-e820: [mem 0x0000000000100000-0x000000003ffeffff] usable
[    0.000000] BIOS-e820: [mem 0x000000003fff0000-0x000000003fffffff] ACPI data
[    0.000000] BIOS-e820: [mem 0x00000000fec00000-0x00000000fec00fff] reserved
[    0.000000] BIOS-e820: [mem 0x00000000fee00000-0x00000000fee00fff] reserved
[    0.000000] BIOS-e820: [mem 0x00000000fffc0000-0x00000000ffffffff] reserved
[    0.000000] NX (Execute Disable) protection: active
[    0.000000] SMBIOS 2.5 present.
[    0.000000] Hypervisor detected: KVM
[    0.000000] e820: last_pfn = 0x3fff0 max_arch_pfn = 0x400000000
[    0.000000] MTRR: Disabled
[    0.000000] x86/PAT: MTRRs disabled, skipping PAT initialization too.
[    0.000000] x86/PAT: Configuration [0-7]: WB  WT  UC- UC  WB  WT  UC- UC  
[    0.000000] CPU MTRRs all blank - virtualized system.
[    0.000000] found SMP MP-table at [mem 0x0009fff0-0x0009ffff] mapped at [ffff88000009fff0]
[    0.000000] Scanning 1 areas for low memory corruption
[    0.000000] RAMDISK: [mem 0x36ac8000-0x3755bfff]
[    0.000000] ACPI: Early table checksum verification disabled
[    0.000000] ACPI: RSDP 0x00000000000E0000 000024 (v02 VBOX  )
[    0.000000] ACPI: XSDT 0x000000003FFF0030 00003C (v01 VBOX   VBOXXSDT 00000001 ASL  00000061)
[    0.000000] ACPI: FACP 0x000000003FFF00F0 0000F4 (v04 VBOX   VBOXFACP 00000001 ASL  00000061)
[    0.000000] ACPI: DSDT 0x000000003FFF0470 00210F (v01 VBOX   VBOXBIOS 00000002 INTL 20160108)
[    0.000000] ACPI: FACS 0x000000003FFF0200 000040
[    0.000000] ACPI: FACS 0x000000003FFF0200 000040
[    0.000000] ACPI: APIC 0x000000003FFF0240 00005C (v02 VBOX   VBOXAPIC 00000001 ASL  00000061)
[    0.000000] ACPI: SSDT 0x000000003FFF02A0 0001CC (v01 VBOX   VBOXCPUT 00000002 INTL 20160108)
[    0.000000] No NUMA configuration found
[    0.000000] Faking a node at [mem 0x0000000000000000-0x000000003ffeffff]
[    0.000000] NODE_DATA(0) allocated [mem 0x3ffeb000-0x3ffeffff]
[    0.000000] kvm-clock: Using msrs 4b564d01 and 4b564d00
[    0.000000] kvm-clock: cpu 0, msr 0:3ffe3001, primary cpu clock
[    0.000000] kvm-clock: using sched offset of 3227808647 cycles
[    0.000000] clocksource: kvm-clock: mask: 0xffffffffffffffff max_cycles: 0x1cd42e4dffb, max_idle_ns: 881590591483 ns
[    0.000000] Zone ranges:
[    0.000000]   DMA      [mem 0x0000000000001000-0x0000000000ffffff]
[    0.000000]   DMA32    [mem 0x0000000001000000-0x000000003ffeffff]
[    0.000000]   Normal   empty
[    0.000000]   Device   empty
[    0.000000] Movable zone start for each node
[    0.000000] Early memory node ranges
[    0.000000]   node   0: [mem 0x0000000000001000-0x000000000009efff]
[    0.000000]   node   0: [mem 0x0000000000100000-0x000000003ffeffff]
[    0.000000] Initmem setup node 0 [mem 0x0000000000001000-0x000000003ffeffff]
[    0.000000] ACPI: PM-Timer IO Port: 0x4008
[    0.000000] IOAPIC[0]: apic_id 2, version 32, address 0xfec00000, GSI 0-23
[    0.000000] ACPI: INT_SRC_OVR (bus 0 bus_irq 0 global_irq 2 dfl dfl)
[    0.000000] ACPI: INT_SRC_OVR (bus 0 bus_irq 9 global_irq 9 high level)
[    0.000000] Using ACPI (MADT) for SMP configuration information
[    0.000000] smpboot: Allowing 2 CPUs, 0 hotplug CPUs
[    0.000000] PM: Registered nosave memory: [mem 0x00000000-0x00000fff]
[    0.000000] PM: Registered nosave memory: [mem 0x0009f000-0x0009ffff]
[    0.000000] PM: Registered nosave memory: [mem 0x000a0000-0x000effff]
[    0.000000] PM: Registered nosave memory: [mem 0x000f0000-0x000fffff]
[    0.000000] e820: [mem 0x40000000-0xfebfffff] available for PCI devices
[    0.000000] Booting paravirtualized kernel on KVM
[    0.000000] clocksource: refined-jiffies: mask: 0xffffffff max_cycles: 0xffffffff, max_idle_ns: 7645519600211568 ns
[    0.000000] setup_percpu: NR_CPUS:512 nr_cpumask_bits:512 nr_cpu_ids:2 nr_node_ids:1
[    0.000000] PERCPU: Embedded 33 pages/cpu @ffff88003fc00000 s98264 r8192 d28712 u1048576
[    0.000000] PV qspinlock hash table entries: 256 (order: 0, 4096 bytes)
[    0.000000] Built 1 zonelists in Node order, mobility grouping on.  Total pages: 257913
[    0.000000] Policy zone: DMA32
[    0.000000] Kernel command line: BOOT_IMAGE=/boot/vmlinuz-4.4.0-66-generic root=LABEL=cloudimg-rootfs ro console=tty1 console=ttyS0
[    0.000000] PID hash table entries: 4096 (order: 3, 32768 bytes)
[    0.000000] Memory: 1001744K/1048120K available (8452K kernel code, 1293K rwdata, 3980K rodata, 1488K init, 1316K bss, 46376K reserved, 0K cma-reserved)
[    0.000000] SLUB: HWalign=64, Order=0-3, MinObjects=0, CPUs=2, Nodes=1
[    0.000000] Hierarchical RCU implementation.
[    0.000000] 	Build-time adjustment of leaf fanout to 64.
[    0.000000] 	RCU restricting CPUs from NR_CPUS=512 to nr_cpu_ids=2.
[    0.000000] RCU: Adjusting geometry for rcu_fanout_leaf=64, nr_cpu_ids=2
[    0.000000] NR_IRQS:33024 nr_irqs:440 16
[    0.000000] Console: colour VGA+ 80x25
[    0.000000] console [tty1] enabled
[    0.000000] console [ttyS0] enabled
[    0.000000] tsc: Detected 2494.224 MHz processor
[    1.795890] Calibrating delay loop (skipped) preset value.. 4988.44 BogoMIPS (lpj=9976896)
[    1.797039] pid_max: default: 32768 minimum: 301
[    1.797646] ACPI: Core revision 20150930
[    1.798954] ACPI: 2 ACPI AML tables successfully acquired and loaded
[    1.799887] Security Framework initialized
[    1.800445] Yama: becoming mindful.
[    1.800960] AppArmor: AppArmor initialized
[    1.801604] Dentry cache hash table entries: 131072 (order: 8, 1048576 bytes)
[    1.802599] Inode-cache hash table entries: 65536 (order: 7, 524288 bytes)
[    1.803899] Mount-cache hash table entries: 2048 (order: 2, 16384 bytes)
[    1.804691] Mountpoint-cache hash table entries: 2048 (order: 2, 16384 bytes)
[    1.805644] Initializing cgroup subsys io
[    1.806200] Initializing cgroup subsys memory
[    1.806804] Initializing cgroup subsys devices
[    1.807456] Initializing cgroup subsys freezer
[    1.808049] Initializing cgroup subsys net_cls
[    1.808642] Initializing cgroup subsys perf_event
[    1.809257] Initializing cgroup subsys net_prio
[    1.809855] Initializing cgroup subsys hugetlb
[    1.810442] Initializing cgroup subsys pids
[    1.811066] CPU: Physical Processor ID: 0
[    1.811710] CPU: Processor Core ID: 0
[    1.813024] mce: CPU supports 0 MCE banks
[    1.813588] Last level iTLB entries: 4KB 1024, 2MB 1024, 4MB 1024
[    1.814321] Last level dTLB entries: 4KB 1024, 2MB 1024, 4MB 1024, 1GB 4
[    1.816622] Freeing SMP alternatives memory: 32K (ffffffff820b9000 - ffffffff820c1000)
[    1.823949] ftrace: allocating 32123 entries in 126 pages
[    1.856361] smpboot: APIC(0) Converting physical 0 to logical package 0
[    2.029722] smpboot: Max logical packages: 1
[    2.133970] x2apic enabled
[    2.167342] Switched APIC routing to physical x2apic.
[    2.180222] ..TIMER: vector=0x30 apic1=0 pin1=2 apic2=-1 pin2=-1
[    2.290573] smpboot: CPU0: Intel(R) Core(TM) i7-4710HQ CPU @ 2.50GHz (family: 0x6, model: 0x3c, stepping: 0x3)
[    2.557217] Performance Events: unsupported p6 CPU model 60 no PMU driver, software events only.
[    2.798792] KVM setup paravirtual spinlock
[    2.908736] x86: Booting SMP configuration:
[    3.022689] .... node  #0, CPUs:      #1
[    3.122010] kvm-clock: cpu 1, msr 0:3ffe3041, secondary cpu clock
[    3.243963] mce: CPU supports 0 MCE banks
[    3.249411] x86: Booted up 1 node, 2 CPUs
[    3.250160] smpboot: Total of 2 processors activated (9976.89 BogoMIPS)
[    3.251331] devtmpfs: initialized
[    3.253767] evm: security.selinux
[    3.254261] evm: security.SMACK64
[    3.254754] evm: security.SMACK64EXEC
[    3.255325] evm: security.SMACK64TRANSMUTE
[    3.255896] evm: security.SMACK64MMAP
[    3.256415] evm: security.ima
[    3.256873] evm: security.capability
[    3.299468] clocksource: jiffies: mask: 0xffffffff max_cycles: 0xffffffff, max_idle_ns: 7645041785100000 ns
[    3.554974] pinctrl core: initialized pinctrl subsystem
[    3.698283] RTC time: 17:53:16, date: 03/08/17
[    3.823668] NET: Registered protocol family 16
[    3.943012] cpuidle: using governor ladder
[    4.059285] cpuidle: using governor menu
[    4.154813] PCCT header not found.
[    4.237738] ACPI: bus type PCI registered
[    4.266245] acpiphp: ACPI Hot Plug PCI Controller Driver version: 0.5
[    4.268225] PCI: Using configuration type 1 for base access
[    4.283602] ACPI: Added _OSI(Module Device)
[    4.298542] ACPI: Added _OSI(Processor Device)
[    4.299192] ACPI: Added _OSI(3.0 _SCP Extensions)
[    4.299880] ACPI: Added _OSI(Processor Aggregator Device)
[    4.301197] ACPI: Executed 1 blocks of module-level executable AML code
[    4.303824] ACPI: Interpreter enabled
[    4.305893] ACPI: (supports S0 S5)
[    4.306445] ACPI: Using IOAPIC for interrupt routing
[    4.307287] PCI: Using host bridge windows from ACPI; if necessary, use "pci=nocrs" and report a bug
[    4.318462] ACPI: PCI Root Bridge [PCI0] (domain 0000 [bus 00-ff])
[    4.319242] acpi PNP0A03:00: _OSC: OS supports [ASPM ClockPM Segments MSI]
[    4.320096] acpi PNP0A03:00: _OSC failed (AE_NOT_FOUND); disabling ASPM
[    4.320931] acpi PNP0A03:00: fail to add MMCONFIG information, can't access extended PCI configuration space under this bridge.
[    4.323929] PCI host bridge to bus 0000:00
[    4.324513] pci_bus 0000:00: root bus resource [io  0x0000-0x0cf7 window]
[    4.325335] pci_bus 0000:00: root bus resource [io  0x0d00-0xffff window]
[    4.326162] pci_bus 0000:00: root bus resource [mem 0x000a0000-0x000bffff window]
[    4.327214] pci_bus 0000:00: root bus resource [mem 0x40000000-0xffdfffff window]
[    4.328250] pci_bus 0000:00: root bus resource [bus 00-ff]
[    4.329981] pci 0000:00:01.1: legacy IDE quirk: reg 0x10: [io  0x01f0-0x01f7]
[    4.330848] pci 0000:00:01.1: legacy IDE quirk: reg 0x14: [io  0x03f6]
[    4.331680] pci 0000:00:01.1: legacy IDE quirk: reg 0x18: [io  0x0170-0x0177]
[    4.332546] pci 0000:00:01.1: legacy IDE quirk: reg 0x1c: [io  0x0376]
[    4.348292] pci 0000:00:07.0: quirk: [io  0x4000-0x403f] claimed by PIIX4 ACPI
[    4.547216] pci 0000:00:07.0: quirk: [io  0x4100-0x410f] claimed by PIIX4 SMB
[    4.748148] ACPI: PCI Interrupt Link [LNKA] (IRQs 5 9 10 *11)
[    4.873545] ACPI: PCI Interrupt Link [LNKB] (IRQs 5 9 10 *11)
[    5.007826] ACPI: PCI Interrupt Link [LNKC] (IRQs 5 9 *10 11)
[    5.151046] ACPI: PCI Interrupt Link [LNKD] (IRQs 5 *9 10 11)
[    5.291759] ACPI: Enabled 2 GPEs in block 00 to 07
[    5.365861] vgaarb: setting as boot device: PCI:0000:00:02.0
[    5.366623] vgaarb: device added: PCI:0000:00:02.0,decodes=io+mem,owns=io+mem,locks=none
[    5.367812] vgaarb: loaded
[    5.368301] vgaarb: bridge control possible 0000:00:02.0
[    5.369242] SCSI subsystem initialized
[    5.369936] ACPI: bus type USB registered
[    5.370578] usbcore: registered new interface driver usbfs
[    5.371353] usbcore: registered new interface driver hub
[    5.373156] usbcore: registered new device driver usb
[    5.375107] PCI: Using ACPI for IRQ routing
[    5.382061] NetLabel: Initializing
[    5.382581] NetLabel:  domain hash size = 128
[    5.383187] NetLabel:  protocols = UNLABELED CIPSOv4
[    5.384392] NetLabel:  unlabeled traffic allowed by default
[    5.385860] amd_nb: Cannot enumerate AMD northbridges
[    5.387156] clocksource: Switched to clocksource kvm-clock
[    5.394115] AppArmor: AppArmor Filesystem Enabled
[    5.508043] pnp: PnP ACPI init
[    5.597550] pnp: PnP ACPI: found 3 devices
[    5.722592] clocksource: acpi_pm: mask: 0xffffff max_cycles: 0xffffff, max_idle_ns: 2085701024 ns
[    5.958704] NET: Registered protocol family 2
[    6.078093] TCP established hash table entries: 8192 (order: 4, 65536 bytes)
[    6.284119] TCP bind hash table entries: 8192 (order: 5, 131072 bytes)
[    6.414221] TCP: Hash tables configured (established 8192 bind 8192)
[    6.422559] UDP hash table entries: 512 (order: 2, 16384 bytes)
[    6.423329] UDP-Lite hash table entries: 512 (order: 2, 16384 bytes)
[    6.424168] NET: Registered protocol family 1
[    6.424769] pci 0000:00:00.0: Limiting direct PCI/PCI transfers
[    6.425506] pci 0000:00:01.0: Activating ISA DMA hang workarounds
[    6.426729] Trying to unpack rootfs image as initramfs...
[    7.825104] Freeing initrd memory: 10832K (ffff880036ac8000 - ffff88003755c000)
[    7.962260] RAPL PMU detected, API unit is 2^-32 Joules, 4 fixed counters 10737418240 ms ovfl timer
[    7.978300] hw unit of domain pp0-core 2^-0 Joules
[    8.011666] hw unit of domain package 2^-0 Joules
[    8.029274] hw unit of domain dram 2^-0 Joules
[    8.029886] hw unit of domain pp1-gpu 2^-0 Joules
[    8.030609] platform rtc_cmos: registered platform RTC device (no PNP device found)
[    8.031756] Scanning for low memory corruption every 60 seconds
[    8.032977] futex hash table entries: 512 (order: 3, 32768 bytes)
[    8.033747] audit: initializing netlink subsys (disabled)
[    8.034438] audit: type=2000 audit(1488995601.544:1): initialized
[    8.035459] Initialise system trusted keyring
[    8.036245] HugeTLB registered 2 MB page size, pre-allocated 0 pages
[    8.038131] zbud: loaded
[    8.038767] VFS: Disk quotas dquot_6.6.0
[    8.044682] VFS: Dquot-cache hash table entries: 512 (order 0, 4096 bytes)
[    8.045727] squashfs: version 4.0 (2009/01/31) Phillip Lougher
[    8.046702] fuse init (API version 7.23)
[    8.047387] Key type big_key registered
[    8.047959] Allocating IMA MOK and blacklist keyrings.
[    8.049531] Key type asymmetric registered
[    8.050114] Asymmetric key parser 'x509' registered
[    8.050793] Block layer SCSI generic (bsg) driver version 0.4 loaded (major 249)
[    8.051943] io scheduler noop registered
[    8.052509] io scheduler deadline registered (default)
[    8.053212] io scheduler cfq registered
[    8.053852] pci_hotplug: PCI Hot Plug PCI Core version: 0.5
[    8.054572] pciehp: PCI Express Hot Plug Controller Driver version: 0.4
[    8.055498] ACPI: AC Adapter [AC] (on-line)
[    8.056164] input: Power Button as /devices/LNXSYSTM:00/LNXPWRBN:00/input/input0
[    8.057238] ACPI: Power Button [PWRF]
[    8.057857] input: Sleep Button as /devices/LNXSYSTM:00/LNXSLPBN:00/input/input1
[    8.058875] ACPI: Sleep Button [SLPF]
[    8.059748] GHES: HEST is not enabled!
[    8.060326] ACPI: Battery Slot [BAT0] (battery present)
[    8.061086] Serial: 8250/16550 driver, 32 ports, IRQ sharing enabled
[    8.083145] 00:02: ttyS0 at I/O 0x3f8 (irq = 4, base_baud = 115200) is a 16550A
[    8.256265] Linux agpgart interface v0.103
[    8.355811] brd: module loaded
[    8.377489] loop: module loaded
[    8.424537] scsi host0: ata_piix
[    8.457599] scsi host1: ata_piix
[    8.459294] ata1: PATA max UDMA/33 cmd 0x1f0 ctl 0x3f6 bmdma 0xd000 irq 14
[    8.462818] ata2: PATA max UDMA/33 cmd 0x170 ctl 0x376 bmdma 0xd008 irq 15
[    8.473200] libphy: Fixed MDIO Bus: probed
[    8.476181] tun: Universal TUN/TAP device driver, 1.6
[    8.477002] tun: (C) 1999-2004 Max Krasnyansky <maxk@qualcomm.com>
[    8.478215] PPP generic driver version 2.4.2
[    8.480227] ehci_hcd: USB 2.0 'Enhanced' Host Controller (EHCI) Driver
[    8.482621] ehci-pci: EHCI PCI platform driver
[    8.483363] ehci-platform: EHCI generic platform driver
[    8.484108] ohci_hcd: USB 1.1 'Open' Host Controller (OHCI) Driver
[    8.489349] ohci-pci: OHCI PCI platform driver
[    8.492122] ohci-platform: OHCI generic platform driver
[    8.492978] uhci_hcd: USB Universal Host Controller Interface driver
[    8.493971] i8042: PNP: PS/2 Controller [PNP0303:PS2K,PNP0f03:PS2M] at 0x60,0x64 irq 1,12
[    8.495999] serio: i8042 KBD port at 0x60,0x64 irq 1
[    8.502055] serio: i8042 AUX port at 0x60,0x64 irq 12
[    8.502924] mousedev: PS/2 mouse device common for all mice
[    8.505651] input: AT Translated Set 2 keyboard as /devices/platform/i8042/serio0/input/input2
[    8.523831] rtc_cmos rtc_cmos: rtc core: registered rtc_cmos as rtc0
[    8.530294] rtc_cmos rtc_cmos: alarms up to one day, 114 bytes nvram
[    8.544080] i2c /dev entries driver
[    8.582497] device-mapper: uevent: version 1.0.3
[    8.662924] device-mapper: ioctl: 4.34.0-ioctl (2015-10-28) initialised: dm-devel@redhat.com
[    8.693124] ledtrig-cpu: registered to indicate activity on CPUs
[    8.698457] NET: Registered protocol family 10
[    8.699728] NET: Registered protoool family 17
[   99003322]]KKyyttpp  nns_resolver registered
[    9.029599] tsc: Refined TSC clocksource calibration: 2497.574 MHz
[    9.029601] clocksource: tsc: mask: 0xffffffffffffffff max_cycles: 0x24004611885, max_idle_ns: 440795275192 ns
[    9.414414] microcode: CPU0 sig=0x306c3, pf=0x40, revision=0x0
[    9.415259] microcode: CPU1 sig=0x306c3, pf=0x40, revision=0x0
[    9.631627] microcode: Microcode Update Driver: v2.01 <tigran@aivazian.fsnet.co.uk>, Peter Oruba
[    9.664023] registered taskstats version 1
[    9.677888] Loading compiled-in X.509 certificates
[    9.679081] Loaded X.509 cert 'Build time autogenerated kernel key: 32ca4feee90b5cde51f5f8c0e024b22f8c679982'
[    9.680390] zswap: loaded using pool lzo/zbud
[    9.682337] Key type trusted registered
[    9.685502] Key type encrypted registered
[    9.791344] AppArmor: AppArmor sha1 policy hashing enabled
[    9.819401] ima: No TPM chip found, activating TPM-bypass!
[    9.820138] evm: HMAC attrs: 0x1
[    9.820877]   Magic number: 9:723:895
[    9.821511] rtc_cmos rtc_cmos: setting system clock to 2017-03-08 17:53:23 UTC (1488995603)
[    9.822743] BIOS EDD facility v0.16 2004-Jun-25, 0 devices found
[    9.823547] EDD information not available.
[    9.825209] Freeing unused kernel memory: 1488K (ffffffff81f45000 - ffffffff820b9000)
[    9.830796] Write protecting the kernel read-only data: 14336k
[    9.836202] Freeing unused kernel memory: 1776K (ffff880001844000 - ffff880001a00000)
[    9.837528] Freeing unused kernel memory: 116K (ffff880001de3000 - ffff880001e00000)
Loading, please wait...
starting version[    9.850036] random: systemd-udevd: uninitialized urandom read (16 bytes read, 3 bits of entropy available)
 229
[    9.850533] random: udevadm: uninitialized urandom read (16 bytes read, 3 bits of entropy available)
[    9.850562] random: udevadm: uninitialized urandom read (16 bytes read, 3 bits of entropy available)
[    9.850650] random: udevadm: uninitialized urandom read (16 bytes read, 3 bits of entropy available)
[    9.850681] random: udevadm: uninitialized urandom read (16 bytes read, 3 bits of entropy available)
[    9.850712] random: udevadm: uninitialized urandom read (16 bytes read, 3 bits of entropy available)
[    9.850741] random: udevadm: uninitialized urandom read (16 bytes read, 3 bits of entropy available)
[    9.850773] random: udevadm: uninitialized urandom read (16 bytes read, 3 bits of entropy available)
[    9.850800] random: udevadm: uninitialized urandom read (16 bytes read, 3 bits of entropy available)
[    9.850828] random: udevadm: uninitialized urandom read (16 bytes read, 3 bits of entropy available)
[   10.218832] e1000: Intel(R) PRO/1000 Network Driver - version 7.3.21-k8-NAPI
[   10.228154] e1000: Copyright (c) 1999-2006 Intel Corporation.
[   10.231257] Fusion MPT base driver 3.04.20
[   10.244534] Copyright (c) 1999-2008 LSI Corporation
[   10.249847] Fusion MPT SPI Host driver 3.04.20
[   10.463197] input: ImExPS/2 Generic Explorer Mouse as /devices/platform/i8042/serio1/input/input4
[   10.721991] AVX version of gcm_enc/dec engaged.
[   10.727957] AES CTR mode by8 optimization enabled
[   11.010270] e1000 0000:00:03.0 eth0: (PCI:33MHz:32-bit) 02:43:fc:58:af:9d
[   11.032678] e1000 0000:00:03.0 eth0: Intel(R) PRO/1000 Network Connection
[   11.034172] mptbase: ioc0: Initiating bringup
[   11.034295] e1000 0000:00:03.0 enp0s3: renamed from eth0
[   11.111535] ioc0: LSI53C1030 A0: Capabilities={Initiator}
[   11.373137] scsi host2: ioc0: LSI53C1030 A0, FwRev=00000000h, Ports=1, MaxQ=256, IRQ=20
[   11.599973] scsi 2:0:0:0: Direct-Access     VBOX     HARDDISK         1.0  PQ: 0 ANSI: 5
[   12.161324] scsi target2:0:0: Beginning Domain Validation
[   12.273212] scsi target2:0:0: Domain Validation skipping write tests
[   12.279602] scsi target2:0:0: Ending Domain Validation
[   12.280343] scsi target2:0:0: asynchronous
[   12.281334] scsi 2:0:1:0: Direct-Access     VBOX     HARDDISK         1.0  PQ: 0 ANSI: 5
[   12.422335] scsi target2:0:1: Beginning Domain Validation
[   12.583109] scsi target2:0:1: Domain Validation skipping write tests
[   12.584090] scsi target2:0:1: Ending Domain Validation
[   12.584868] scsi target2:0:1: asynchronous
[   12.588881] sd 2:0:0:0: [sda] 20971520 512-byte logical blocks: (10.7 GB/10.0 GiB)
[   12.592799] sd 2:0:0:0: Attached scsi generic sg0 type 0
[   12.598073] sd 2:0:1:0: [sdb] 20480 512-byte logical blocks: (10.5 MB/10.0 MiB)
[   12.598228] sd 2:0:0:0: [sda] Write Protect is off
[   12.598366] sd 2:0:0:0: [sda] Incomplete mode parameter data
[   12.598367] sd 2:0:0:0: [sda] Assuming drive cache: write through
[   12.615207]  sda: sda1
[   12.616024] sd 2:0:0:0: [sda] Attached SCSI disk
[   12.867961] sd 2:0:1:0: Attached scsi generic sg1 type 0
[   13.164367] sd 2:0:1:0: [sdb] Write Protect is off
[   13.165173] sd 2:0:1:0: [sdb] Incomplete mode parameter data
[   13.165900] sd 2:0:1:0: [sdb] Assuming drive cache: write through
[   13.200650] sd 2:0:1:0: [sdb] Attached SCSI disk
[   13.791384] floppy0: no floppy controllers found
Begin: Loading e[   15.161951] md: linear personality registered for level -1
ssential drivers[   15.313099] md: multipath personality registered for level -4
 ... [   15.475199] md: raid0 personality registered for level 0
[   15.625551] md: raid1 personality registered for level 1
[   15.851802] raid6: sse2x1   gen() 12088 MB/s
[   15.951801] raid6: sse2x1   xor()  8687 MB/s
[   16.131772] raid6: sse2x2   gen() 14673 MB/s
[   16.251393] raid6: sse2x2   xor()  9679 MB/s
[   16.331769] raid6: sse2x4   gen() 16895 MB/s
[   16.507342] raid6: sse2x4   xor() 10571 MB/s
[   16.622175] raid6: using algorithm sse2x4 gen() 16895 MB/s
[   16.622894] raid6: .... xor() 10571 MB/s, rmw enabled
[   16.623597] raid6: using ssse3x2 recovery algorithm
[   16.625768] xor: automatically using best checksumming function:
[   16.663194]    avx       : 21067.000 MB/sec
[   16.757925] async_tx: api initialized (async)
[   16.858906] md: raid6 personality registered for level 6
[   16.952338] md: raid5 personality registered for level 5
[   16.953031] md: raid4 personality registered for level 4
[   16.958291] md: raid10 personality registered for level 10
done.
Begin: Running /scripts/init-premount ... done.
Begin: Mounting root file system ... Begin: Running /scripts/local-top ... done.
Begin: Running /scripts/local-premount ... [   16.984025] Btrfs loaded
Scanning for Btrfs filesystems
done.
Warning: fsck not present, so skipping root file system
[   17.105088] EXT4-fs (sda1): mounted filesystem with ordered data mode. Opts: (null)
done.
Begin: Running /scripts/local-bottom ... done.
Begin: Running /scripts/init-bottom ... done.
[   17.805000] systemd[1]: systemd 229 running in system mode. (+PAM +AUDIT +SELINUX +IMA +APPARMOR +SMACK +SYSVINIT +UTMP +LIBCRYPTSETUP +GCRYPT +GNUTLS +ACL +XZ -LZ4 +SECCOMP +BLKID +ELFUTILS +KMOD -IDN)
[   17.829484] systemd[1]: Detected virtualization oracle.
[   17.830152] systemd[1]: Detected architecture x86-64.

Welcome to [1mUbuntu 16.04.2 LTS[0m!

[   17.888576] systemd[1]: Set hostname to <ubuntu>.
[   18.037872] systemd[1]: Initializing machine ID from random generator.
[   18.207187] systemd[1]: Installed transient /etc/machine-id file.
[   18.349906] random: nonblocking pool is initialized
[   19.059615] systemd[1]: Listening on LVM2 metadata daemon socket.
[[0;32m  OK  [0m] Listening on LVM2 metadata daemon socket.
[   19.171578] systemd[1]: Listening on udev Kernel Socket.
[[0;32m  OK  [0m] Listening on udev Kernel Socket.
[   19.223019] systemd[1]: Reached target Encrypted Volumes.
[[0;32m  OK  [0m] Reached target Encrypted Volumes.
[   19.237403] systemd[1]: Listening on Device-mapper event daemon FIFOs.
[[0;32m  OK  [0m] Listening on Device-mapper event daemon FIFOs.
[   19.239079] systemd[1]: Listening on /dev/initctl Compatibility Named Pipe.
[[0;32m  OK  [0m] Listening on /dev/initctl Compatibility Named Pipe.
[   19.240931] systemd[1]: Set up automount Arbitrary Executable File Formats File System Automount Point.
[[0;32m  OK  [0m] Set up automount Arbitrary Executab...ats File System Automount Point.
[   19.243234] systemd[1]: Listening on Journal Audit Socket.
[[0;32m  OK  [0m] Listening on Journal Audit Socket.
[   19.253594] systemd[1]: Reached target User and Group Name Lookups.
[[0;32m  OK  [0m] Reached target User and Group Name Lookups.
[   19.255792] systemd[1]: Listening on Journal Socket (/dev/log).
[[0;32m  OK  [0m] Listening on Journal Socket (/dev/log).
[   19.260864] systemd[1]: Created slice System Slice.
[[0;32m  OK  [0m] Created slice System Slice.
[   19.273520] systemd[1]: Created slice system-serial\x2dgetty.slice.
[[0;32m  OK  [0m] Created slice system-serial\x2dgetty.slice.
[   19.275183] systemd[1]: Started Forward Password Requests to Wall Directory Watch.
[[0;32m  OK  [0m] Started Forward Password Requests to Wall Directory Watch.
[   19.279699] systemd[1]: Listening on udev Control Socket.
[[0;32m  OK  [0m] Listening on udev Control Socket.
[   19.323390] systemd[1]: Reached target Swap.
[[0;32m  OK  [0m] Reached target Swap.
[   19.480459] systemd[1]: Listening on Syslog Socket.
[[0;32m  OK  [0m] Listening on Syslog Socket.
[   19.664052] systemd[1]: Created slice User and Session Slice.
[[0;32m  OK  [0m] Created slice User and Session Slice.
[   19.867533] systemd[1]: Reached target Slices.
[[0;32m  OK  [0m] Reached target Slices.
[   20.027411] systemd[1]: Listening on LVM2 poll daemon socket.
[[0;32m  OK  [0m] Listening on LVM2 poll daemon socket.
[   20.223587] systemd[1]: Listening on Journal Socket.
[[0;32m  OK  [0m] Listening on Journal Socket.
[   20.307429] systemd[1]: Starting Uncomplicated firewall...
         Starting Uncomplicated firewall...
[   20.339989] systemd[1]: Mounting POSIX Message Queue File System...
         Mounting POSIX Message Queue File System...
[   20.350780] systemd[1]: Mounting Debug File System...
         Mounting Debug File System...
[   20.403411] systemd[1]: Starting Remount Root and Kernel File Systems...
         [   20.417106] EXT4-fs (sda1): re-mounted. Opts: (null)
Starting Remount Root and Kernel File Systems...
[   20.583003] systemd[1]: Starting Monitoring of LVM2 mirrors, snapshots etc. using dmeventd or progress polling...
         Starting Monitoring of LVM2 mirrors... dmeventd or progress polling...
[   20.875492] systemd[1]: Starting Nameserver information manager...
         Starting Nameserver information manager...
[   21.083512] systemd[1]: Starting Journal Service...
         Starting Journal Service...
[   21.243455] systemd[1]: Mounting Huge Pages File System...
         Mounting Huge Pages File System...
[   21.384354] systemd[1]: Starting Create list of required static device nodes for the current kernel...
         Starting Create list of required st... nodes for the current kernel...
[   21.387423] systemd[1]: Starting Set console keymap...
         Starting Set console keymap...
[   21.435538] systemd[1]: Starting Load Kernel Modules...
         Starting Load Kernel Modules...
[   21.450087] systemd[1]: Mounted Debug File System.
[[0;32m  OK  [0m] Mounted Debug File System.
[   21.451679] systemd[1]: Mounted POSIX Message Queue File System.
[[0;32m  OK  [0m] Mounted POSIX Message Queue File System.
[   21.453410] systemd[1]: Mounted Huge Pages File System.
[[0;32m  OK  [0m] Mounted Huge Pages File System.
[   21.455404] systemd[1]: Started Uncomplicated firewall.
[[0;32m  OK  [0m] Started Uncomplicated firewall.
[   21.627934] systemd[1]: Started Remount Root and Kernel File Systems.
[[0;32m  OK  [0m] Started Remount Root and Kernel File Systems.[   21.840425] Loading iSCSI transport class v2.0-870.

[   22.412131] systemd[1]: Started Create list of required static device nodes for the current kernel.
[[0;32m  OK  [0m] Started Create list of required sta...ce nodes for the current kernel.
[   22.489224] iscsi: registered transport (tcp)
[   22.489643] systemd[1]: Started Set console keymap.
[[0;32m  OK  [0m] Started Set console keymap.
[   22.491990] systemd[1]: Started Journal Service.
[[0;32m  OK  [0m] Started Journal Service.
[[0;32m  OK  [0m] Started Nameserver information manager.
[[0;32m  OK  [0[   22.761086] iscsi: registered transport (iser)
m] Started LVM2 metadata daemon.
         Starting Create Static Device Nodes in /dev...
         Starting Load/Save Random Seed...
         Starting Initial cloud-init job (pre-networking)...
         Starting Flush Journal to Persistent Storage...
         Starting udev Coldplug all Devices...
[[0;32m  OK  [0m] Started Load Kernel Modules.
[[0;32m  OK  [0m] Started Load/Save Random Seed.
[   23.026882]ssystemd-journald[421]: Received request to flush runtime journal from PID 1
         Starting Apply Kernel Variables...
         Mounting FUSE Control File System...
[[0;32m  OK  [0m] Mounted FUSE Control File System.
[[0;32m  OK  [0m] Started Flush Journal to Persistent Storage.
[[0;32m  OK  [0m] Started udev Coldplug all Devices.
[[0;32m  OK  [0m] Started Apply Kernel Variables.
[[0;32m  OK  [0m] Started Create Static Device Nodes in /dev.
[[0;32m  OK  [0m] Started Monitoring of LVM2 mirrors,...ng dmeventd or progress polling.
         Starting udev Kernel Device Manager...
[[0;32m  OK  [0m] Started udev Kernel Device Manager.
[[0;32m  OK  [0m] Reached target Local File Systems (Pre).
[[0;32m  OK  [0m] Reached target Local File Systems.
         Starting Set console font and keymap...
         Starting Tell Plymouth To Write Out Runtime Data...
         Starting Commit a transient machine-id on disk...
         Starting Create Volatile Files and Directories...
         Starting LSB: AppArmor initialization...
[[0;32m  OK  [0m] Started Dispatch Password Requests to Console Directory Watch.
[[0;32m  OK  [0m] Started Tell Plymouth To Write Out Runtime Data.
[[0;32m  OK  [0m] Started Commit a transient machine-id on disk.
[[0;32m  OK  [0m] Started Create Volatile Files and Directories.
[[0;32m  OK  [0m] Found device /dev/ttyS0.
[[0;32m  OK  [0m] Reached target System Time Synchronized.
         Starting Update UTMP about System Boot/Shutdown...
[[0;32m  OK  [0m] Started Update UTMP about System Boot/Shutdown.
[[0;32m  OK  [0m] Listening on Load/Save RF Kill Switch Status /dev/rfkill Watch.
[[0;32m  OK  [0m] Started LSB: AppArmor initialization.
[[0;32m  OK  [0m] Started Set console font and keymap.
[[0;32m  OK  [0m] Created slice system-getty.slice.
[   23.320749] cloud-init[466]: Cloud-init v. 0.7.9 running 'init-local' at Wed, 08 Mar 2017 17:53:41 +0000. Up 22.72 seconds.
[[0;32m  OK  [0m] Started Initial cloud-init job (pre-networking).
[[0;32m  OK  [0m] Reached target Network (Pre).
         Starting Raise network interfaces...
[[0;32m  OK  [0m] Started Raise network interfaces.
         Starting Initial cloud-init job (metadata service crawler)...
[[0;32m  OK  [0m] Reached target Network.
[   25.135334] cloud-init[1046]: Cloud-init v. 0.7.9 running 'init' at Wed, 08 Mar 2017 17:53:42 +0000. Up 23.90 seconds.
[   25.139896] cloud-init[1046]: ci-info: +++++++++++++++++++++++++++++++++++++Net device info++++++++++++++++++++++++++++++++++++++
[   25.146233] cloud-init[1046]: ci-info: +--------+------+----------------------------+---------------+-------+-------------------+
[   25.149134] cloud-init[1046]: ci-info: | Device |  Up  |          Address           |      Mask     | Scope |     Hw-Address    |
[   25.151487] cloud-init[1046]: ci-info: +--------+------+----------------------------+---------------+-------+-------------------+
[   25.153838] cloud-init[1046]: ci-info: | enp0s3 | True |         10.0.2.15          | 255.255.255.0 |   .   | 02:43:fc:58:af:9d |
[   25.156249] cloud-init[1046]: ci-info: | enp0s3 | True | fe80::43:fcff:fe58:af9d/64 |       .       |  link | 02:43:fc:58:af:9d |
[   25.161109] cloud-init[1046]: ci-info: |   lo   | True |         127.0.0.1          |   255.0.0.0   |   .   |         .         |
[   25.166103] cloud-init[1046]: ci-info: |   lo   | True |          ::1/128           |       .       |  host |         .         |
[   25.170018] cloud-init[1046]: ci-info: +--------+------+----------------------------+---------------+-------+-------------------+
[   25.173103] cloud-init[1046]: ci-info: +++++++++++++++++++++++++++Route IPv4 info++++++++++++++++++++++++++++
[   25.175531] cloud-init[1046]: ci-info: +-------+-------------+----------+---------------+-----------+-------+
[   25.177751] cloud-init[1046]: ci-info: | Route | Destination | Gateway  |    Genmask    | Interface | Flags |
[   25.180818] cloud-init[1046]: ci-info: +-------+-------------+----------+---------------+-----------+-------+
[   25.184990] cloud-init[1046]: ci-info: |   0   |   0.0.0.0   | 10.0.2.2 |    0.0.0.0    |   enp0s3  |   UG  |
[   25.188924] cloud-init[1046]: ci-info: |   1   |   10.0.2.0  | 0.0.0.0  | 255.255.255.0 |   enp0s3  |   U   |
[   25.191127] cloud-init[1046]: ci-info: +-------+-------------+----------+---------------+-----------+-------+
[   25.193590] cloud-init[1046]: Generating public/private rsa key pair.
[[0;32m  OK  [0m] Started Initial cloud-init job (metadata service crawler).
[   25.202569] cloud-init[1046]: Your identification has been saved in /etc/ssh/ssh_host_rsa_key.
[   25.204706] cloud-init[1046]: Your public key has been saved in /etc/ssh/ssh_host_rsa_key.pub.
[   25.207018] cloud-init[1046]: The key fingerprint is:
[   25.209026] cloud-init[1046]: SHA256:mGgQvD6DWy0Lz7X/08bHS2ylvRQsfj/H+vDLNNU6jec root@ubuntu-xenial
[[0;32m  OK  [0m] Reached target Cloud-config availability.
[   25.214393] cloud-init[1046]: The key's randomart image is:
[   25.216491] cloud-init[1046]: +---[RSA 2048]----+
[   25.220608] cloud-init[1046]: | ..              |
[   25.224580] cloud-init[1046]: |  ..             |
[   25.226562] cloud-init[1046]: |  ..             |
[[0;32m  OK  [0m] Reached target Network is Online.
[   25.231472] cloud-init[1046]: |  .. . o     .  .|
[   25.233246] cloud-init[1046]: | o .o o S   . + o|
[   25.235213] cloud-init[1046]: |o *.o      o = =.|
[   25.237192] cloud-init[1046]: | * * .   o .* O+o|
[   25.240613] cloud-init[1046]: |. + .   . +ooooX+|
[   25.244716] cloud-init[1046]: |     ....o ...o=E|
         Starting iSCSI initiator daemon (iscsid)...
[[0;32m  OK  [0m] Reached target System Initialization.
[[0;32m  OK  [0m] Started Timer to automatically refresh installed snaps.
[   25.245987] cloud-init[1046]: +----[SHA256]-----+
[   25.260622] cloud-init[1046]: Generating public/private dsa key pair.
[   25.266594] cloud-init[1046]: Your identification has been saved in /etc/ssh/ssh_host_dsa_key.
[   25.269041] cloud-init[1046]: Your public key has been saved in /etc/ssh/ssh_host_dsa_key.pub.
[   25.272088] cloud-init[1046]: The key fingerprint is:
[   25.272250] cloud-init[1046]: SHA256:+eKvqPqduVitC1gyrn141nLKa9PsG3XnNdwcLvyjGu0 root@ubuntu-xenial
[[0;32m  OK  [0m] Started ACPI Events Check.
[   25.272355] cloud-init[1046]: The key's randomart image is:
[   25.277230] cloud-init[1046]: +---[DSA 1024]----+
[   25.278162] cloud-init[1046]: |                 |
[   25.279183] cloud-init[1046]: |                 |
         Starting LXD - unix socket.
[[   25.279312] cloud-init[1046]: |               . |
[   25.282042] cloud-init[1046]: |         .  ...o.|
[   25.282140] cloud-init[1046]: |  o .   S . .o+.o|
[   25.282244] cloud-init[1046]: | . =   o o o..o. |
[   25.282352] cloud-init[1046]: |  o..+o o .... o |
[   25.282466] cloud-init[1046]: | o..B==B .  o . .|
[   25.282572] cloud-init[1046]: |. oBBO@+oo...E   |
[   25.282681] cloud-init[1046]: +----[SHA256]-----+
[   25.282789] cloud-init[1046]: Generating public/private ecdsa key pair.
[   25.283733] cloud-init[1046]: Your identification has been saved in /etc/ssh/ssh_host_ecdsa_key.
[   25.283833] cloud-init[1046]: Your public key has been saved in /etc/ssh/ssh_host_ecdsa_key.pub.
[   25.283940] cloud-init[1046]: The key fingerprint is:
[   25.284187] cloud-init[1046]: SHA256:LsTfIP0pqJrRrYS2dYKlguY5Ds/kmp5pvDR9LQ7VVOc root@ubuntu-xenial
[   25.284722] cloud-init[1046]: The key's randomart image is:
[   25.284822] cloud-init[1046]: +---[ECDSA 256]---+
[   25.284933] cloud-init[1046]: |         . .     |
[   25.285041] cloud-init[1046]: |        . o      |
[   25.285153] cloud-init[1046]: |       .   E     |
[   25.285260] cloud-init[1046]: |     .o.         |
[   25.285368] cloud-init[1046]: |    ..+.S        |
[   25.285477] cloud-init[1046]: |. .*.o.= + .     |
[   25.285586] cloud-init[1046]: |=+Bo=o=.+ +      |
[   25.285696] cloud-init[1046]: |=%=*+=.. .       |
[   25.285806] cloud-init[1046]: |*XX.o.           |
[   25.285914] cloud-init[1046]: +----[SHA256]-----+
[   25.286023] cloud-init[1046]: Generating public/private ed25519 key pair.
[   25.286134] cloud-init[1046]: Your identification has been saved in /etc/ssh/ssh_host_ed25519_key.
[   25.286242] cloud-init[1046]: Your public key has been saved in /etc/ssh/ssh_host_ed25519_key.pub.
[   25.286354] cloud-init[1046]: The key fingerprint is:
[   25.286461] cloud-init[1046]: SHA256:WaCfEPP/LnoQTXJ6bu/NbSIIn6iQhoVuNs9rBb8BCxM root@ubuntu-xenial
[   25.286569] cloud-init[1046]: The key's randomart image is:
[   25.286678] cloud-init[1046]: +--[ED25519 256]--+
[   25.286787] cloud-init[1046]: |      o .        |
[   25.286896] cloud-init[1046]: |  E    =..o      |
[   25.287005] cloud-init[1046]: |   .  o .*.      |
[   25.287114] cloud-init[1046]: |  o.o  oo=o      |
[   25.287225] cloud-init[1046]: |  .o.=  S+.      |
[   25.287332] cloud-init[1046]: | . o..+ o o.     |
[   25.287442] cloud-init[1046]: |  * +. o * +.    |
[   25.287552] cloud-init[1046]: | o =... . *.oo...|
[   25.287671] cloud-init[1046]: |   .+....o oo.oo.|
[   25.287772] cloud-init[1046]: +----[SHA256]-----+
[0;32m  OK  [0m] Listening on ACPID Listen Socket.
[[0;32m  OK  [0m] Started Daily apt activities.
[[0;32m  OK  [0m] Listening on D-Bus System Message Bus Socket.
[[0;32m  OK  [0m] Started Trigger resolvconf update for networkd DNS.
[[0;32m  OK  [0m] Reached target Paths.
[[0;32m  OK  [0m] Started Daily Cleanup of Temporary Directories.
[[0;32m  OK  [0m] Reached target Timers.
         Starting Socket activation for snappy daemon.
[[0;32m  OK  [0m] Listening on UUID daemon activation socket.
[[0;32m  OK  [0m] Listening on LXD - unix socket.
[[0;32m  OK  [0m] Listening on Socket activation for snappy daemon.
[[0;32m  OK  [0m] Reached target Sockets.
[[0;32m  OK  [0m] Reached target Basic System.
[[0;32m  OK  [0m] Started D-Bus System Message Bus.
         Starting Accounts Service...
         Starting Login Service...
         Starting /etc/rc.local Compatibility...
         Starting LSB: MD monitoring daemon...
         Starting LSB: Record successful boot for GRUB...
[[0;32m  OK  [0m] Started Regular background program processing daemon.
[[0;32m  OK  [0m] Started FUSE filesystem for LXC.
[[0;32m  OK  [0m] Started Snappy daemon.
         Starting Auto import assertions from block devices...
         Starting System Logging Service...
[[0;32m  OK  [0m] Started Deferred execution scheduler.
         Starting Apply the settings specified in cloud-config...
         Starting Pollinate to seed the pseudo random number generator...
[[0;32m  OK  [0m] Started ACPI event daemon.
         Starting LXD - container startup/shutdown...
[[0;32m  OK  [0m] Started iSCSI initiator daemon (iscsid).
[[0;32m  OK  [0m] Started /etc/rc.local Compatibility.
[[0;32m  OK  [0m] Started Auto import assertions from block devices.
         Starting Login to default iSCSI targets...
[[0;32m  OK  [0m] Started Login Service.
[[0;32m  OK  [0m] Started LSB: Record successful boot for GRUB.
[[0;32m  OK  [0m] Started LSB: MD monitoring daemon.
[[0;32m  OK  [0m] Started Login to default iSCSI targets.
[[0;32m  OK  [0m] Reached target Remote File Systems (Pre).
[[0;32m  OK  [0m] Reached target Remote File Systems.
         Starting LSB: Set the CPU Frequency Scaling governor to "ondemand"...
         Starting LSB: automatic crash report generation...
         Starting Permit User Sessions...
         Starting LSB: daemon to balance interrupts for SMP systems...
[   26.713433] cloud-init[1173]: Generating locales (this might take a while)...
         Starting LSB: VirtualBox Linux Additions...
[[0;32m  OK  [0m] Started System Logging Service.
[[0;32m  OK  [0m] Started Permit User Sessions.
[[0;32m  OK  [0m] Started LSB: Set the CPU Frequency Scaling governor to "ondemand".
         Starting Hold until boot process finishes up...
         Starting Terminate Plymouth Boot Screen...
[[0;32m  OK  [0m] Started Hold until boot process finishes up.
[[0;32m  OK  [0m] Started Terminate Plymouth Boot Screen.
[[0;32m  OK  [0m] Started LSB: daemon to balance interrupts for SMP systems.
[[0;32m  OK  [0m] Started LSB: automatic crash report generation.
         Starting Authenticate and Authorize Users to Run Privileged Tasks...
         Starting Set console scheme...
[[0;32m  OK  [0m] Started Getty on tty1.
[[0;32m  OK  [0m] Started Serial Getty on ttyS0.
[[0;32m  OK  [0m] Reached target Login Prompts.
[[0;32m  OK  [0m] Started Set console scheme.
[[0;32m  OK  [0m] Started Authenticate and Authorize Users to Run Privileged Tasks.
[[0;32m  OK  [0m] Started Accounts Service.
[[0;32m  OK  [0m] Started LSB: VirtualBox Linux Additions.
[   28.458124] cloud-init[1173]:   en_US.UTF-8... done
[   28.504509] cloud-init[1173]: Generation complete.
[[0;32m  OK  [0m] Started LXD - container startup/shutdown.
[[0;32m  OK  [0m] Stopped OpenBSD Secure Shell server.
         Starting OpenBSD Secure Shell server...
[[0;32m  OK  [0m] Started OpenBSD Secure Shell server.
[[0;32m  OK  [0m] Started Pollinate to seed the pseudo random number generator.
[[0;32m  OK  [0m] Reached target Multi-User System.
[[0;32m  OK  [0m] Reached target Graphical Interface.
         Starting Update UTMP about System Runlevel Changes...
[[0;32m  OK  [0m] Created slice User Slice of ubuntu.
[[0;32m  OK  [0m] Started Session 1 of user ubuntu.
         Starting User Manager for UID 1000...
[[0;32m  OK  [0m] Started Update UTMP about System Runlevel Changes.
[[0;32m  OK  [0m] Started User Manager for UID 1000.
[   29.983206] cloud-init[1173]: Cloud-init v. 0.7.9 running 'modules:config' at Wed, 08 Mar 2017 17:53:44 +0000. Up 26.06 seconds.
[[0;32m  OK  [0m] Started Apply the settings specified in cloud-config.
         Starting Execute cloud user/final scripts...
ci-info: no authorized ssh keys fingerprints found for user ubuntu.
<14>Mar  8 17:53:49 ec2: 
<14>Mar  8 17:53:49 ec2: #############################################################
<14>Mar  8 17:53:49 ec2: -----BEGIN SSH HOST KEY FINGERPRINTS-----
<14>Mar  8 17:53:49 ec2: 1024 SHA256:+eKvqPqduVitC1gyrn141nLKa9PsG3XnNdwcLvyjGu0 root@ubuntu-xenial (DSA)
<14>Mar  8 17:53:49 ec2: 256 SHA256:LsTfIP0pqJrRrYS2dYKlguY5Ds/kmp5pvDR9LQ7VVOc root@ubuntu-xenial (ECDSA)
<14>Mar  8 17:53:49 ec2: 256 SHA256:WaCfEPP/LnoQTXJ6bu/NbSIIn6iQhoVuNs9rBb8BCxM root@ubuntu-xenial (ED25519)
<14>Mar  8 17:53:49 ec2: 2048 SHA256:mGgQvD6DWy0Lz7X/08bHS2ylvRQsfj/H+vDLNNU6jec root@ubuntu-xenial (RSA)
<14>Mar  8 17:53:49 ec2: -----END SSH HOST KEY FINGERPRINTS-----
<14>Mar  8 17:53:49 ec2: #############################################################
-----BEGIN SSH HOST KEY KEYS-----
ecdsa-sha2-nistp256 AAAAE2VjZHNhLXNoYTItbmlzdHAyNTYAAAAIbmlzdHAyNTYAAABBBOzHXoV/7V2IpQ5FZDq2FXpK7dBdpTtdr4T998Tpvf0dDbfNY6Be5QIarJDLv4Tq7nTchr656FWMq/hnn0tHLqA= root@ubuntu-xenial
ssh-ed25519 AAAAC3NzaC1lZDI1NTE5AAAAICUE8/SLcSJ+iZ9/AOBZbDV99OY192ejBqNab6WsgMIe root@ubuntu-xenial
ssh-rsa AAAAB3NzaC1yc2EAAAADAQABAAABAQC3/MiM0XCWrPAznH8pm8OHkl2b1g8k48/ithj+e53dT4g2A7A0Ee4Q+EhAFUGBy6E5+yKksisaqMyd78T9LoewCfDoDU64qLup64eqcAi4TsguuCYIlTK2V80gI+P5SO3oRbBCLmR96Yq2zzFEcAkksDXUAHJVwyX2yx1Isgxo4MMnFvV9NuQAi7v+kQ3g+Ep2lEiC+PxWi+FPhg/e24AERIaM4AopWpx9F/u2EYiowPVWrLvLNBS057yD6P/T9TKvPDPPAsS8HTO1AVpY/ObmuI3xLsNMow7XebFw92xtyGUw8T9amfo2KmnxyKDXdWkH2zPZ7fRmBJVzq0WFnOM9 root@ubuntu-xenial
-----END SSH HOST KEY KEYS-----
[   30.649184] cloud-init[1459]: Cloud-init v. 0.7.9 running 'modules:final' at Wed, 08 Mar 2017 17:53:48 +0000. Up 30.26 seconds.
[   30.763346] [[0;32m  OK  [0m] Started Execute cloud user/final scripts.
cloud-init[1459]: ci-info: no authorized ssh keys fingerprints found for user ubuntu.
[[0;32m  OK  [0m] Reached target Cloud-init target.
[   30.765013] cloud-init[1459]: Cloud-init v. 0.7.9 finished at Wed, 08 Mar 2017 17:53:49 +0000. Datasource DataSourceNoCloud [seed=/dev/sdb][dsmode=net].  Up 30.64 seconds

Ubuntu 16.04.2 LTS ubuntu-xenial ttyS0

ubuntu-xenial login: 