[    0.000000] Initializing cgroup subsys cpuset
[    0.000000] Initializing cgroup subsys cpu
[    0.000000] Initializing cgroup subsys cpuacct
[    0.000000] Linux version 4.4.0-66-generic (buildd@lgw01-28) (gcc version 5.4.0 20160609 (Ubuntu 5.4.0-6ubuntu1~16.04.4) ) #87-Ubuntu SMP Fri Mar 3 15:29:05 UTC 2017 (Ubuntu 4.4.0-66.87-generic 4.4.44)
[    0.000000] Command line: BOOT_IMAGE=/boot/vmlinuz-4.4.0-66-generic root=LABEL=cloudimg-rootfs ro console=tty1 console=ttyS0
[    0.000000] KERNEL supported cpus:
[    0.000000]   Intel GenuineIntel
[    0.000000]   AMD AuthenticAMD
[    0.000000]   Centaur CentaurHauls
[    0.000000] x86/fpu: xstate_offset[2]:  576, xstate_sizes[2]:  256
[    0.000000] x86/fpu: Supporting XSAVE feature 0x01: 'x87 floating point registers'
[    0.000000] x86/fpu: Supporting XSAVE feature 0x02: 'SSE registers'
[    0.000000] x86/fpu: Supporting XSAVE feature 0x04: 'AVX registers'
[    0.000000] x86/fpu: Enabled xstate features 0x7, context size is 832 bytes, using 'standard' format.
[    0.000000] x86/fpu: Using 'lazy' FPU context switches.
[    0.000000] e820: BIOS-provided physical RAM map:
[    0.000000] BIOS-e820: [mem 0x0000000000000000-0x000000000009fbff] usable
[    0.000000] BIOS-e820: [mem 0x000000000009fc00-0x000000000009ffff] reserved
[    0.000000] BIOS-e820: [mem 0x00000000000f0000-0x00000000000fffff] reserved
[    0.000000] BIOS-e820: [mem 0x0000000000100000-0x000000003ffeffff] usable
[    0.000000] BIOS-e820: [mem 0x000000003fff0000-0x000000003fffffff] ACPI data
[    0.000000] BIOS-e820: [mem 0x00000000fec00000-0x00000000fec00fff] reserved
[    0.000000] BIOS-e820: [mem 0x00000000fee00000-0x00000000fee00fff] reserved
[    0.000000] BIOS-e820: [mem 0x00000000fffc0000-0x00000000ffffffff] reserved
[    0.000000] NX (Execute Disable) protection: active
[    0.000000] SMBIOS 2.5 present.
[    0.000000] Hypervisor detected: KVM
[    0.000000] e820: last_pfn = 0x3fff0 max_arch_pfn = 0x400000000
[    0.000000] MTRR: Disabled
[    0.000000] x86/PAT: MTRRs disabled, skipping PAT initialization too.
[    0.000000] x86/PAT: Configuration [0-7]: WB  WT  UC- UC  WB  WT  UC- UC  
[    0.000000] CPU MTRRs all blank - virtualized system.
[    0.000000] found SMP MP-table at [mem 0x0009fff0-0x0009ffff] mapped at [ffff88000009fff0]
[    0.000000] Scanning 1 areas for low memory corruption
[    0.000000] RAMDISK: [mem 0x36ac8000-0x3755bfff]
[    0.000000] ACPI: Early table checksum verification disabled
[    0.000000] ACPI: RSDP 0x00000000000E0000 000024 (v02 VBOX  )
[    0.000000] ACPI: XSDT 0x000000003FFF0030 00003C (v01 VBOX   VBOXXSDT 00000001 ASL  00000061)
[    0.000000] ACPI: FACP 0x000000003FFF00F0 0000F4 (v04 VBOX   VBOXFACP 00000001 ASL  00000061)
[    0.000000] ACPI: DSDT 0x000000003FFF0470 0021C8 (v02 VBOX   VBOXBIOS 00000002 INTL 20160108)
[    0.000000] ACPI: FACS 0x000000003FFF0200 000040
[    0.000000] ACPI: FACS 0x000000003FFF0200 000040
[    0.000000] ACPI: APIC 0x000000003FFF0240 00005C (v02 VBOX   VBOXAPIC 00000001 ASL  00000061)
[    0.000000] ACPI: SSDT 0x000000003FFF02A0 0001CC (v01 VBOX   VBOXCPUT 00000002 INTL 20160108)
[    0.000000] No NUMA configuration found
[    0.000000] Faking a node at [mem 0x0000000000000000-0x000000003ffeffff]
[    0.000000] NODE_DATA(0) allocated [mem 0x3ffeb000-0x3ffeffff]
[    0.000000] kvm-clock: Using msrs 4b564d01 and 4b564d00
[    0.000000] kvm-clock: cpu 0, msr 0:3ffe3001, primary cpu clock
[    0.000000] kvm-clock: using sched offset of 3261964345 cycles
[    0.000000] clocksource: kvm-clock: mask: 0xffffffffffffffff max_cycles: 0x1cd42e4dffb, max_idle_ns: 881590591483 ns
[    0.000000] Zone ranges:
[    0.000000]   DMA      [mem 0x0000000000001000-0x0000000000ffffff]
[    0.000000]   DMA32    [mem 0x0000000001000000-0x000000003ffeffff]
[    0.000000]   Normal   empty
[    0.000000]   Device   empty
[    0.000000] Movable zone start for each node
[    0.000000] Early memory node ranges
[    0.000000]   node   0: [mem 0x0000000000001000-0x000000000009efff]
[    0.000000]   node   0: [mem 0x0000000000100000-0x000000003ffeffff]
[    0.000000] Initmem setup node 0 [mem 0x0000000000001000-0x000000003ffeffff]
[    0.000000] ACPI: PM-Timer IO Port: 0x4008
[    0.000000] IOAPIC[0]: apic_id 2, version 32, address 0xfec00000, GSI 0-23
[    0.000000] ACPI: INT_SRC_OVR (bus 0 bus_irq 0 global_irq 2 dfl dfl)
[    0.000000] ACPI: INT_SRC_OVR (bus 0 bus_irq 9 global_irq 9 high level)
[    0.000000] Using ACPI (MADT) for SMP configuration information
[    0.000000] smpboot: Allowing 2 CPUs, 0 hotplug CPUs
[    0.000000] PM: Registered nosave memory: [mem 0x00000000-0x00000fff]
[    0.000000] PM: Registered nosave memory: [mem 0x0009f000-0x0009ffff]
[    0.000000] PM: Registered nosave memory: [mem 0x000a0000-0x000effff]
[    0.000000] PM: Registered nosave memory: [mem 0x000f0000-0x000fffff]
[    0.000000] e820: [mem 0x40000000-0xfebfffff] available for PCI devices
[    0.000000] Booting paravirtualized kernel on KVM
[    0.000000] clocksource: refined-jiffies: mask: 0xffffffff max_cycles: 0xffffffff, max_idle_ns: 7645519600211568 ns
[    0.000000] setup_percpu: NR_CPUS:512 nr_cpumask_bits:512 nr_cpu_ids:2 nr_node_ids:1
[    0.000000] PERCPU: Embedded 33 pages/cpu @ffff88003fc00000 s98264 r8192 d28712 u1048576
[    0.000000] PV qspinlock hash table entries: 256 (order: 0, 4096 bytes)
[    0.000000] Built 1 zonelists in Node order, mobility grouping on.  Total pages: 257913
[    0.000000] Policy zone: DMA32
[    0.000000] Kernel command line: BOOT_IMAGE=/boot/vmlinuz-4.4.0-66-generic root=LABEL=cloudimg-rootfs ro console=tty1 console=ttyS0
[    0.000000] PID hash table entries: 4096 (order: 3, 32768 bytes)
[    0.000000] Memory: 1001744K/1048120K available (8452K kernel code, 1293K rwdata, 3980K rodata, 1488K init, 1316K bss, 46376K reserved, 0K cma-reserved)
[    0.000000] SLUB: HWalign=64, Order=0-3, MinObjects=0, CPUs=2, Nodes=1
[    0.000000] Hierarchical RCU implementation.
[    0.000000] 	Build-time adjustment of leaf fanout to 64.
[    0.000000] 	RCU restricting CPUs from NR_CPUS=512 to nr_cpu_ids=2.
[    0.000000] RCU: Adjusting geometry for rcu_fanout_leaf=64, nr_cpu_ids=2
[    0.000000] NR_IRQS:33024 nr_irqs:440 16
[    0.000000] Console: colour VGA+ 80x25
[    0.000000] console [tty1] enabled
[    0.000000] console [ttyS0] enabled
[    0.000000] tsc: Detected 2494.224 MHz processor
[    1.332352] Calibrating delay loop (skipped) preset value.. 4988.44 BogoMIPS (lpj=9976896)
[    1.333523] pid_max: default: 32768 minimum: 301
[    1.334153] ACPI: Core revision 20150930
[    1.335508] ACPI: 2 ACPI AML tables successfully acquired and loaded
[    1.336433] Security Framework initialized
[    1.337013] Yama: becoming mindful.
[    1.337549] AppArmor: AppArmor initialized
[    1.338193] Dentry cache hash table entries: 131072 (order: 8, 1048576 bytes)
[    1.339196] Inode-cache hash table entries: 65536 (order: 7, 524288 bytes)
[    1.340473] Mount-cache hash table entries: 2048 (order: 2, 16384 bytes)
[    1.341296] Mountpoint-cache hash table entries: 2048 (order: 2, 16384 bytes)
[    1.342273] Initializing cgroup subsys io
[    1.342852] Initializing cgroup subsys memory
[    1.343461] Initializing cgroup subsys devices
[    1.344100] Initializing cgroup subsys freezer
[    1.344712] Initializing cgroup subsys net_cls
[    1.345322] Initializing cgroup subsys perf_event
[    1.345957] Initializing cgroup subsys net_prio
[    1.346577] Initializing cgroup subsys hugetlb
[    1.347187] Initializing cgroup subsys pids
[    1.347855] CPU: Physical Processor ID: 0
[    1.348430] CPU: Processor Core ID: 0
[    1.349746] mce: CPU supports 0 MCE banks
[    1.350333] Last level iTLB entries: 4KB 1024, 2MB 1024, 4MB 1024
[    1.351092] Last level dTLB entries: 4KB 1024, 2MB 1024, 4MB 1024, 1GB 4
[    1.353401] Freeing SMP alternatives memory: 32K (ffffffff820b9000 - ffffffff820c1000)
[    1.366431] ftrace: allocating 32123 entries in 126 pages
[    1.400255] smpboot: APIC(0) Converting physical 0 to logical package 0
[    1.403142] smpboot: Max logical packages: 1
[    1.409242] x2apic enabled
[    1.409884] Switched APIC routing to physical x2apic.
[    1.411487] ..TIMER: vector=0x30 apic1=0 pin1=2 apic2=-1 pin2=-1
[    1.519254] smpboot: CPU0: Intel(R) Core(TM) i7-4710HQ CPU @ 2.50GHz (family: 0x6, model: 0x3c, stepping: 0x3)
[    1.548606] Performance Events: unsupported p6 CPU model 60 no PMU driver, software events only.
[    1.549884] KVM setup paravirtual spinlock
[    1.551036] x86: Booting SMP configuration:
[    1.551636] .... node  #0, CPUs:      #1
[    1.552266] kvm-clock: cpu 1, msr 0:3ffe3041, secondary cpu clock
[    1.553667] mce: CPU supports 0 MCE banks
[    1.556062] x86: Booted up 1 node, 2 CPUs
[    1.559355] smpboot: Total of 2 processors activated (9976.89 BogoMIPS)
[    1.560429] devtmpfs: initialized
[    1.607358] evm: security.selinux
[    1.694324] evm: security.SMACK64
[    1.732660] evm: security.SMACK64EXEC
[    1.733197] evm: security.SMACK64TRANSMUTE
[    1.733772] evm: security.SMACK64MMAP
[    1.734311] evm: security.ima
[    1.734784] evm: security.capability
[    1.735471] clocksource: jiffies: mask: 0xffffffff max_cycles: 0xffffffff, max_idle_ns: 7645041785100000 ns
[    1.736852] pinctrl core: initialized pinctrl subsystem
[    1.737626] RTC time: 22:40:22, date: 04/26/17
[    1.738736] NET: Registered protocol family 16
[    1.747745] cpuidle: using governor ladder
[    1.815742] cpuidle: using governor menu
[    1.816313] PCCT header not found.
[    1.816882] ACPI: bus type PCI registered
[    1.817449] acpiphp: ACPI Hot Plug PCI Controller Driver version: 0.5
[    1.818310] PCI: Using configuration type 1 for base access
[    1.831663] ACPI: Added _OSI(Module Device)
[    1.832269] ACPI: Added _OSI(Processor Device)
[    1.832873] ACPI: Added _OSI(3.0 _SCP Extensions)
[    1.833500] ACPI: Added _OSI(Processor Aggregator Device)
[    1.834729] ACPI: Executed 1 blocks of module-level executable AML code
[    1.837145] ACPI: Interpreter enabled
[    1.837693] ACPI: (supports S0 S5)
[    1.838204] ACPI: Using IOAPIC for interrupt routing
[    1.838970] PCI: Using host bridge windows from ACPI; if necessary, use "pci=nocrs" and report a bug
[    1.842779] ACPI: PCI Root Bridge [PCI0] (domain 0000 [bus 00-ff])
[    1.843559] acpi PNP0A03:00: _OSC: OS supports [ASPM ClockPM Segments MSI]
[    1.844400] acpi PNP0A03:00: _OSC failed (AE_NOT_FOUND); disabling ASPM
[    1.845211] acpi PNP0A03:00: fail to add MMCONFIG information, can't access extended PCI configuration space under this bridge.
[    1.846801] PCI host bridge to bus 0000:00
[    1.847389] pci_bus 0000:00: root bus resource [io  0x0000-0x0cf7 window]
[    1.848217] pci_bus 0000:00: root bus resource [io  0x0d00-0xffff window]
[    1.849032] pci_bus 0000:00: root bus resource [mem 0x000a0000-0x000bffff window]
[    1.850073] pci_bus 0000:00: root bus resource [mem 0x40000000-0xffdfffff window]
[    1.851122] pci_bus 0000:00: root bus resource [bus 00-ff]
[    1.852878] pci 0000:00:01.1: legacy IDE quirk: reg 0x10: [io  0x01f0-0x01f7]
[    1.853729] pci 0000:00:01.1: legacy IDE quirk: reg 0x14: [io  0x03f6]
[    1.854519] pci 0000:00:01.1: legacy IDE quirk: reg 0x18: [io  0x0170-0x0177]
[    1.855371] pci 0000:00:01.1: legacy IDE quirk: reg 0x1c: [io  0x0376]
[    1.867615] pci 0000:00:07.0: quirk: [io  0x4000-0x403f] claimed by PIIX4 ACPI
[    1.869674] pci 0000:00:07.0: quirk: [io  0x4100-0x410f] claimed by PIIX4 SMB
[    1.876795] ACPI: PCI Interrupt Link [LNKA] (IRQs 5 9 10 *11)
[    1.880355] ACPI: PCI Interrupt Link [LNKB] (IRQs 5 9 10 *11)
[    2.036002] ACPI: PCI Interrupt Link [LNKC] (IRQs 5 9 *10 11)
[    2.123916] ACPI: PCI Interrupt Link [LNKD] (IRQs 5 *9 10 11)
[    2.139947] ACPI: Enabled 2 GPEs in block 00 to 07
[    2.140930] vgaarb: setting as boot device: PCI:0000:00:02.0
[    2.141655] vgaarb: device added: PCI:0000:00:02.0,decodes=io+mem,owns=io+mem,locks=none
[    2.142751] vgaarb: loaded
[    2.143200] vgaarb: bridge control possible 0000:00:02.0
[    2.144099] SCSI subsystem initialized
[    2.238238] ACPI: bus type USB registered
[    2.354168] usbcore: registered new interface driver usbfs
[    2.485258] usbcore: registered new interface driver hub
[    2.543162] usbcore: registered new device driver usb
[    2.544055] PCI: Using ACPI for IRQ routing
[    2.650661] NetLabel: Initializing
[    2.652255] NetLabel:  domain hash size = 128
[    2.652856] NetLabel:  protocols = UNLABELED CIPSOv4
[    2.653523] NetLabel:  unlabeled traffic allowed by default
[    2.654364] amd_nb: Cannot enumerate AMD northbridges
[    2.655077] clocksource: Switched to clocksource kvm-clock
[    2.661429] AppArmor: AppArmor Filesystem Enabled
[    2.796617] pnp: PnP ACPI init
[    2.889741] pnp: PnP ACPI: found 3 devices
[    2.957970] clocksource: acpi_pm: mask: 0xffffff max_cycles: 0xffffff, max_idle_ns: 2085701024 ns
[    3.028690] NET: Registered protocol family 2
[    3.125823] TCP established hash table entries: 8192 (order: 4, 65536 bytes)
[    3.126687] TCP bind hash table entries: 8192 (order: 5, 131072 bytes)
[    3.127511] TCP: Hash tables configured (established 8192 bind 8192)
[    3.128315] UDP hash table entries: 512 (order: 2, 16384 bytes)
[    3.129058] UDP-Lite hash table entries: 512 (order: 2, 16384 bytes)
[    3.129864] NET: Registered protocol family 1
[    3.130495] pci 0000:00:00.0: Limiting direct PCI/PCI transfers
[    3.131259] pci 0000:00:01.0: Activating ISA DMA hang workarounds
[    3.132479] Trying to unpack rootfs image as initramfs...
[    4.832002] Freeing initrd memory: 10832K (ffff880036ac8000 - ffff88003755c000)
[    5.018626] RAPL PMU detected, API unit is 2^-32 Joules, 4 fixed counters 10737418240 ms ovfl timer
[    5.141135] hw unit of domain pp0-core 2^-0 Joules
[    5.141782] hw unit of domain package 2^-0 Joules
[    5.142447] hw unit of domain dram 2^-0 Joules
[    5.190845] hw unit of domain pp1-gpu 2^-0 Joules
[    5.191567] platform rtc_cmos: registered platform RTC device (no PNP device found)
[    5.193871] Scanning for low memory corruption every 60 seconds
[    5.195011] futex hash table entries: 512 (order: 3, 32768 bytes)
[    5.195828] audit: initializing netlink subsys (disabled)
[    5.196545] audit: type=2000 audit(1493246427.923:1): initialized
[    5.197528] Initialise system trusted keyring
[    5.198257] HugeTLB registered 2 MB page size, pre-allocated 0 pages
[    5.210987] zbud: loaded
[    5.243188] VFS: Disk quotas dquot_6.6.0
[    5.243795] VFS: Dquot-cache hash table entries: 512 (order 0, 4096 bytes)
[    5.244832] squashfs: version 4.0 (2009/01/31) Phillip Lougher
[    5.245817] fuse init (API version 7.23)
[    5.246487] Key type big_key registered
[    5.247062] Allocating IMA MOK and blacklist keyrings.
[    5.248735] Key type asymmetric registered
[    5.250803] Asymmetric key parser 'x509' registered
[    5.251496] Block layer SCSI generic (bsg) driver version 0.4 loaded (major 249)
[    5.252611] io scheduler noop registered
[    5.253184] io scheduler deadline registered (default)
[    5.253884] io scheduler cfq registered
[    5.254525] pci_hotplug: PCI Hot Plug PCI Core version: 0.5
[    5.255262] pciehp: PCI Express Hot Plug Controller Driver version: 0.4
[    5.264620] ACPI: AC Adapter [AC] (off-line)
[    5.318035] input: Power Button as /devices/LNXSYSTM:00/LNXPWRBN:00/input/input0
[    5.321279] ACPI: Power Button [PWRF]
[    5.321869] input: Sleep Button as /devices/LNXSYSTM:00/LNXSLPBN:00/input/input1
[    5.322910] ACPI: Sleep Button [SLPF]
[    5.323641] GHES: HEST is not enabled!
[    5.324125] ACPI: Battery Slot [BAT0] (battery present)
[    5.331280] Serial: 8250/16550 driver, 32 ports, IRQ sharing enabled
[    5.353359] 00:02: ttyS0 at I/O 0x3f8 (irq = 4, base_baud = 115200) is a 16550A
[    5.454864] Linux agpgart interface v0.103
[    5.503663] brd: module loaded
[    5.519201] loop: module loaded
[    5.529383] scsi host0: ata_piix
[    5.544365] scsi host1: ata_piix
[    5.548275] ata1: PATA max UDMA/33 cmd 0x1f0 ctl 0x3f6 bmdma 0xd000 irq 14
[    5.550121] ata2: PATA max UDMA/33 cmd 0x170 ctl 0x376 bmdma 0xd008 irq 15
[    5.556765] libphy: Fixed MDIO Bus: probed
[    5.560756] tun: Universal TUN/TAP device driver, 1.6
[    5.572254] tun: (C) 1999-2004 Max Krasnyansky <maxk@qualcomm.com>
[    5.573469] PPP generic driver version 2.4.2
[    5.591632] ehci_hcd: USB 2.0 'Enhanced' Host Controller (EHCI) Driver
[    5.610928] ehci-pci: EHCI PCI platform driver
[    5.620185] ehci-platform: EHCI generic platform driver
[    5.631059] ohci_hcd: USB 1.1 'Open' Host Controller (OHCI) Driver
[    5.645141] ohci-pci: OHCI PCI platform driver
[    5.645849] ohci-platform: OHCI generic platform driver
[    5.646625] uhci_hcd: USB Universal Host Controller Interface driver
[    5.647594] i8042: PNP: PS/2 Controller [PNP0303:PS2K,PNP0f03:PS2M] at 0x60,0x64 irq 1,12
[    5.649237] serio: i8042 KBD port at 0x60,0x64 irq 1
[    5.649981] serio: i8042 AUX port at 0x60,0x64 irq 12
[    5.650836] mousedev: PS/2 mouse device common for all mice
[    5.651871] input: AT Translated Set 2 keyboard as /devices/platform/i8042/serio0/input/input2
[    5.653449] rtc_cmos rtc_cmos: rtc core: registered rtc_cmos as rtc0
[    5.654384] rtc_cmos rtc_cmos: alarms up to one day, 114 bytes nvram
[    5.655289] i2c /dev entries driver
[    5.655936] device-mapper: uevent: version 1.0.3
[    5.656781] device-mapper: ioctl: 4.34.0-ioctl (2015-10-28) initialised: dm-devel@redhat.com
[    5.662376] ledtrig-cpu: registered to indicate activity on CPUs
[    5.667343] NET: Registered protocol family 10
[    5.670855] NET: Registered protocol family 17
[    5.682399] Key type dns_resolver registered
[    5.685456] microcode: CPU0 sig=0x306c3, pf=0x40, revision=0x0
[    5.688802] microcode: CPU1 sig=0x306c3, pf=0x40, revision=0x0
[    5.751517] microcode: Microcode Update Driver: v2.01 <tigran@aivazian.fsnet.co.uk>, Peter Oruba
[    5.777695] registered taskstats version 1
[    5.778788] Loading compiled-in X.509 certificates
[    5.780966] Loaded X.509 cert 'Build time autogenerated kernel key: 32ca4feee90b5cde51f5f8c0e024b22f8c679982'
[    5.783211] zswap: loaded using pool lzo/zbud
[    5.786486] Key type trusted registered
[    5.801911] Key type encrypted registered
[    5.831821] AppArmor: AppArmor sha1 policy hashing enabled
[    5.836149] ima: No TPM chip found, activating TPM-bypass!
[    5.855950] evm: HMAC attrs: 0x1
[    5.856927]   Magic number: 13:409:705
[    5.857752] rtc_cmos rtc_cmos: setting system clock to 2017-04-26 22:40:26 UTC (1493246426)
[    5.859387] BIOS EDD facility v0.16 2004-Jun-25, 0 devices found
[    5.860281] EDD information not available.
[    5.861941] Freeing unused kernel memory: 1488K (ffffffff81f45000 - ffffffff820b9000)
[    5.973666] Write protecting the kernel read-only data: 14336k
[    5.974893] Freeing unused kernel memory: 1776K (ffff880001844000 - ffff880001a00000)
[    6.044743] Freeing unused kernel memory: 116K (ffff880001de3000 - ffff880001e00000)
Loading, please wait...
starting version[    6.055218] random: systemd-udevd: uninitialized urandom read (16 bytes read, 2 bits of entropy available)
 229
[    6.055716] random: udevadm: uninitialized urandom read (16 bytes read, 2 bits of entropy available)
[    6.055762] random: udevadm: uninitialized urandom read (16 bytes read, 2 bits of entropy available)
[    6.055856] random: udevadm: uninitialized urandom read (16 bytes read, 2 bits of entropy available)
[    6.055888] random: udevadm: uninitialized urandom read (16 bytes read, 2 bits of entropy available)
[    6.055920] random: udevadm: uninitialized urandom read (16 bytes read, 2 bits of entropy available)
[    6.055953] random: udevadm: uninitialized urandom read (16 bytes read, 2 bits of entropy available)
[    6.055986] random: udevadm: uninitialized urandom read (16 bytes read, 2 bits of entropy available)
[    6.056015] random: udevadm: uninitialized urandom read (16 bytes read, 2 bits of entropy available)
[    6.056043] random: udevadm: uninitialized urandom read (16 bytes read, 2 bits of entropy available)
[    6.089866] e1000: Intel(R) PRO/1000 Network Driver - version 7.3.21-k8-NAPI
[    6.203582] e1000: Copyright (c) 1999-2006 Intel Corporation.
[    6.204393] tsc: Refined TSC clocksource calibration: 2494.066 MHz
[    6.206255] clocksource: tsc: mask: 0xffffffffffffffff max_cycles: 0x23f354612e6, max_idle_ns: 440795312234 ns
[    6.208206] Fusion MPT base driver 3.04.20
[    6.208206] Copyright (c) 1999-2008 LSI Corporation
[    6.390710] Fusion MPT SPI Host driver 3.04.20
[    6.475145] AVX version of gcm_enc/dec engaged.
[    6.490051] AES CTR mode by8 optimization enabled
[    6.622127] input: ImExPS/2 Generic Explorer Mouse as /devices/platform/i8042/serio1/input/input4
[    6.811502] e1000 0000:00:03.0 eth0: (PCI:33MHz:32-bit) 02:43:fc:58:af:9d
[    6.817958] e1000 0000:00:03.0 eth0: Intel(R) PRO/1000 Network Connection
[    6.820034] mptbase: ioc0: Initiating bringup
[    6.887271] ioc0: LSI53C1030 A0: Capabilities={Initiator}
[    7.052294] scsi host2: ioc0: LSI53C1030 A0, FwRev=00000000h, Ports=1, MaxQ=256, IRQ=20
[    7.387430] scsi 2:0:0:0: Direct-Access     VBOX     HARDDISK         1.0  PQ: 0 ANSI: 5
[    7.537629] scsi target2:0:0: Beginning Domain Validation
[    7.540382] scsi target2:0:0: Domain Validation skipping write tests
[    7.541652] scsi target2:0:0: Ending Domain Validation
[    7.542758] scsi target2:0:0: asynchronous
[    7.544067] scsi 2:0:1:0: Direct-Access     VBOX     HARDDISK         1.0  PQ: 0 ANSI: 5
[    7.546829] scsi target2:0:1: Beginning Domain Validation
[    7.556601] scsi target2:0:1: Domain Validation skipping write tests
[    7.562585] scsi target2:0:1: Ending Domain Validation
[    7.594168] scsi target2:0:1: asynchronous
[    7.692722] sd 2:0:0:0: Attached scsi generic sg0 type 0
[    7.752379] sd 2:0:0:0: [sda] 20971520 512-byte logical blocks: (10.7 GB/10.0 GiB)
[    7.754192] sd 2:0:0:0: [sda] Write Protect is off
[    7.755358] sd 2:0:0:0: [sda] Incomplete mode parameter data
[    7.755985] e1000 0000:00:08.0 eth1: (PCI:33MHz:32-bit) 08:00:27:3e:d1:d0
[    7.755987] e1000 0000:00:08.0 eth1: Intel(R) PRO/1000 Network Connection
[    7.758480] e1000 0000:00:03.0 enp0s3: renamed from eth0
[    7.759300] sd 2:0:1:0: [sdb] 20480 512-byte logical blocks: (10.5 MB/10.0 MiB)
[    7.759444] sd 2:0:1:0: [sdb] Write Protect is off
[    7.759521] sd 2:0:1:0: [sdb] Incomplete mode parameter data
[    7.759523] sd 2:0:1:0: [sdb] Assuming drive cache: write through
[    7.760177] sd 2:0:1:0: Attached scsi generic sg1 type 0
[    7.805385] sd 2:0:1:0: [sdb] Attached SCSI disk
[    8.351484] sd 2:0:0:0: [sda] Assuming drive cache: write through
[    8.360347] e1000 0000:00:08.0 enp0s8: renamed from eth1
[    8.441459]  sda: sda1
[    8.489865] sd 2:0:0:0: [sda] Attached SCSI disk
[    9.383229] floppy0: no floppy controllers found
Begin: Loading e[   10.754912] md: linear personality registered for level -1
ssential drivers ... [   10.774070] md: multipath personality registered for level -4
[   10.778159] md: raid0 personality registered for level 0
[   10.780795] md: raid1 personality registered for level 1
[   10.851121] raid6: sse2x1   gen()  5113 MB/s
[   10.923127] raid6: sse2x1   xor()  7928 MB/s
[   11.055091] raid6: sse2x2   gen() 13337 MB/s
[   11.167118] raid6: sse2x2   xor()  8770 MB/s
[   11.283112] raid6: sse2x4   gen() 15071 MB/s
[   11.399096] raid6: sse2x4   xor()  9531 MB/s
[   11.433978] raid6: using algorithm sse2x4 gen() 15071 MB/s
[   11.434685] raid6: .... xor() 9531 MB/s, rmw enabled
[   11.435349] raid6: using ssse3x2 recovery algorithm
[   11.437219] xor: automatically using best checksumming function:
[   11.500297]    avx       : 52209.000 MB/sec
[   11.512580] async_tx: api initialized (async)
[   11.583668] md: raid6 personality registered for level 6
[   11.679021] md: raid5 personality registered for level 5
[   11.679750] md: raid4 personality registered for level 4
[   11.684697] md: raid10 personality registered for level 10
done.
Begin: Running /scripts/init-premount ... done.
Begin: Mounting root file[   11.709700] Btrfs loaded
 system ... Begin: Running /scripts/local-top ... done.
Begin: Running /scripts/local-premount ... Scanning for Btrfs filesystems
done.
Warning: fsck not present, so skipping root file system
[   11.868085] EXT4-fs (sda1): mounted filesystem with ordered data mode. Opts: (null)
done.
Begin: Running /scripts/local-bottom ... done.
Begin: Running /scripts/init-bottom ... done.
[   12.457641] systemd[1]: systemd 229 running in system mode. (+PAM +AUDIT +SELINUX +IMA +APPARMOR +SMACK +SYSVINIT +UTMP +LIBCRYPTSETUP +GCRYPT +GNUTLS +ACL +XZ -LZ4 +SECCOMP +BLKID +ELFUTILS +KMOD -IDN)
[   12.546177] systemd[1]: Detected virtualization oracle.
[   12.546870] systemd[1]: Detected architecture x86-64.

Welcome to [1mUbuntu 16.04.2 LTS[0m!

[   12.599437] systemd[1]: Set hostname to <ubuntu>.
[   12.705298] systemd[1]: Initializing machine ID from random generator.
[   12.706141] systemd[1]: Installed transient /etc/machine-id file.
[   12.961094] random: nonblocking pool is initialized
[   13.707619] systemd[1]: Listening on Journal Audit Socket.
[[0;32m  OK  [0m] Listening on Journal Audit Socket.
[   13.739911] systemd[1]: Listening on Syslog Socket.
[[0;32m  OK  [0m] Listening on Syslog Socket.
[   13.811332] systemd[1]: Listening on Device-mapper event daemon FIFOs.
[[0;32m  OK  [0m] Listening on Device-mapper event daemon FIFOs.
[   13.887274] systemd[1]: Reached target User and Group Name Lookups.
[[0;32m  OK  [0m] Reached target User and Group Name Lookups.
[   13.889010] systemd[1]: Listening on udev Kernel Socket.
[[0;32m  OK  [0m] Listening on udev Kernel Socket.
[   13.890566] systemd[1]: Listening on Journal Socket (/dev/log).
[[0;32m  OK  [0m] Listening on Journal Socket (/dev/log).
[   13.900655] systemd[1]: Created slice User and Session Slice.
[[0;32m  OK  [0m] Created slice User and Session Slice.
[   13.902290] systemd[1]: Listening on Journal Socket.
[[0;32m  OK  [0m] Listening on Journal Socket.
[   13.903783] systemd[1]: Reached target Swap.
[[0;32m  OK  [0m] Reached target Swap.
[   13.905128] systemd[1]: Listening on /dev/initctl Compatibility Named Pipe.
[[0;32m  OK  [0m] Listening on /dev/initctl Compatibility Named Pipe.
[   13.912343] systemd[1]: Created slice System Slice.
[[0;32m  OK  [0m] Created slice System Slice.
[   13.923218] systemd[1]: Mounting Debug File System...
         Mounting Debug File System...
[   13.964844] systemd[1]: Starting Create list of required static device nodes for the current kernel...
         Starting Create list of required st... nodes for the current kernel...
[   13.971240] systemd[1]: Starting Set console keymap...
         Starting Set console keymap...
[   14.227244] systemd[1]: Starting Load Kernel Modules...
         Starting Load Kernel Modules...
[   14.235686] systemd[1]: Created slice system-serial\x2dgetty.slice.
[[0;32m  OK  [0m] Created slice system-serial\x2dgetty.slice.
[   14.237666] systemd[1]: Reached target Slices.
[[0;32m  OK  [0m] Reached target Slices.
[   14.239669] systemd[1]: Mounting Huge Pages File System...
         Mounting Huge Pages File System...
[   14.327205] systemd[1]: Starting Remount Root and Kernel File Systems...
         Starting Remount Root and Kernel File Systems...
[   14.516619] systemd[1]: Mounting POSIX Message Queue File System...
         Mounting POSIX Message Queue File System...
[   14.519525] systemd[1]: Starting Uncomplicated firewall...
         Starting Uncomplicated firewall...
[   14.520985] systemd[1]: Listening on LVM2 metadata daemon socket.
[[0;32m  OK  [0m] Listening on LVM2 metadata daemon socket.
[   14.523041] systemd[1]: Starting Monitoring of LVM2 mirrors, snapshots etc. using dmeventd or progress polling...
         Starting Monitoring of LVM2 mirrors... dmeventd or progress polling...
[   14.525668] systemd[1]: Starting Nameserver information manager...
         Starting Nameserver information manager...
[   14.527156] systemd[1]: Reached target Encrypted Volumes.
[[0;32m  OK  [0m] Reached target Encrypted Volu[   14.567698] EXT4-fs (sda1): re-mounted. Opts: (null)
mes.
[   14.679301] systemd[1]: Starting Journal Service...
         Starting Journal Service...
[   14.834984] systemd[1]: Set up automount Arbitrary Executable File Formats File System Automount Point.
[[0;32m  OK  [0m] Set up automount Arbitrary Executab...ats File System Automount Point.
[   14.846981] Loading iSCSI transport class v2.0-870.
[   14.916046] iscsi: registered transport (tcp)
[   14.942025] systemd[1]: Listening on udev Control Socket.
[[0;32m  OK  [0m] Listening on udev Control Socket.
[   15.140364] systemd[1]: Listening on LVM2 poll daemon socket.
[[0;32m  OK  [0m] Listening on LVM2 poll daemon socket.
[   15.157501] systemd[1]: Started Forward Password Requests to Wall Directory Watch.
[[0;32m  OK  [0m] Started Forward Password Requests to Wall Directory Watch.
[   15.197147] systemd[1]: Mounted Debug File System.
[[0;32m  OK  [0m] Mounted Debug File System.
[   15.206571] systemd[1]: Mounted POSIX Message Queue File System.
[[0;32m  OK  [0m] Mounted POSIX Message Queue File System.
[   15.230527] systemd[1]: Mounted Huge Pages File System.
[[0;32m  OK  [0m] Mounted Huge Pages File System.
[   15.238135] systemd[1]: Started Create list of required static device nodes for the current kernel.
[[0;32m  OK  [0m] Started Create list of required sta...ce nodes for the current kernel.
[   15.242854] systemd[1]: Started Set console keymap.
[[0;32m  OK  [0m] Started Set console keymap.
[   15.283766] systemd[1]: Started Remount Root and Kernel File Systems.
[[0;32m  OK  [0m] Started Remount Root and Kernel File Systems.
[   15.532395] systemd[1]: Started Uncomplicated firewall.
[[0;32m  OK  [0m] Started Uncomplicated firewall.
[   15.548295] systemd[1]: Started Journal Service.
[[0;32m  OK  [0m] Started Jour[   15.591676] iscsi: registered transport (iser)
nal Service.
[[0;32m  OK  [0m] Started Load Kernel Modules.
[[0;32m  OK  [0m] Started Nameserver information manager.
[[0;32m  OK  [0m] Started LVM2 metadata daemon.
         Mounting FUSE Control File System...
         Starting Apply Kernel Variables...
         Starting Flush Journal to Persistent Storage...
         Starting Load/Save Random Seed...
         Starting udev Coldplug all Devices...
         Starting Initial cloud-init job (pre-networking)...
         Starting Create Static Device Nodes in /dev...
[[0;32m  OK  [0m] Mounted FUSE Control File System.
[[0;32m  OK  [0m] Started Apply Kernel Variables.
[[0;32m  OK  [0m] Started Load/Save Random Seed.
[[0;32m  OK  [0m] Started udev Coldplug all Devices.
[[0;32m  OK  [0m] Started Flush Journal to Persistent Storage.
[[0;32m  OK  [0m] Started Create Static Device Nodes in /dev.
         Starting udev Kernel Device Manager...
[[0;32m  OK  [0m] Started Monitoring of LVM2 mirrors,...ng dmeventd or progress polling.
[[0;32m  OK  [0m] Started udev Kernel Device Manager.
[[0;32m  OK  [0m] Reached target Local File Systems (Pre).
[[0;32m  OK  [0m] Reached target Local File Systems.
         Starting LSB: AppArmor initialization...
         Starting Commit a transient machine-id on disk...
         Starting Set console font and keymap...
         Starting Tell Plymouth To Write Out Runtime Data...
         Starting Create Volatile Files and Directories...
[[0;32m  OK  [0m] Started Dispatch Password Requests to Console Directory Watch.
[[0;32m  OK  [0m] Started Commit a transient machine-id on disk.
[[0;32m  OK  [0m] Found device /dev/ttyS0.
[[0;32m  OK  [0m] Started Tell Plymouth To Write Out Runtime Data.
[[0;32m  OK  [0m] Started Create Volatile Files and Directories.
[[0;32m  OK  [0m] Reached target System Time Synchronized.
         Starting Update UTMP about System Boot/Shutdown...
[[0;32m  OK  [0m] Started Update UTMP about System Boot/Shutdown.
[[0;32m  OK  [0m] Listening on Load/Save RF Kill Switch Status /dev/rfkill Watch.
[[0;32m  OK  [0m] Started LSB: AppArmor initialization.
[[0;1;31mFAILED[0m] Failed to start Set console font and keymap.
See 'systemctl status console-setup.service' for details.
[[0;32m  OK  [0m] Created slice system-getty.slice.
[   19.414571] cloud-init[470]: Cloud-init v. 0.7.9 running 'init-local' at Wed, 26 Apr 2017 22:40:41 +0000. Up 18.88 seconds.
[[0;32m  OK  [0m] Started Initial cloud-init job (pre-networking).
[[0;32m  OK  [0m] Reached target Network (Pre).
         Starting Raise network interfaces...
[[0;32m  OK  [0m] Started Raise network interfaces.
         Starting Initial cloud-init job (metadata service crawler)...
[[0;32m  OK  [0m] Reached target Network.
[   21.980070] cloud-init[1024]: Cloud-init v. 0.7.9 running 'init' at Wed, 26 Apr 2017 22:40:43 +0000. Up 20.05 seconds.
[   21.997645] cloud-init[1024]: ci-info: ++++++++++++++++++++++++++++++++++++++Net device info++++++++++++++++++++++++++++++++++++++
[   22.026940] cloud-init[1024]: ci-info: +--------+-------+----------------------------+---------------+-------+-------------------+
[[0;32m  OK  [0m] Started Initial cloud-init job (metadata service crawler).
[[0;32m  OK  [0m] Reached target Network is Online.
[   22.094490] cloud-init[1024]: ci-info: | Device |   Up  |          Address           |      Mask     | Scope |     Hw-Address    |
[   22.155910] cloud-init[1024]: ci-info: +--------+-------+----------------------------+---------------+-------+-------------------+
[   22.190078]          cloud-initStarting iSCSI initiator daemon (iscsid)...[1024]: 
ci-info: | enp0s3 |  True |         10.0.2.15          | 255.255.255.0 |   .   | 02:43:fc:58:af:9d |
[   22.215006] [cloud-init[0;32m  OK  [0m[1024]: ] ci-info: | enp0s3 |  True | fe80::43:fcff:fe58:af9d/64 |       .       |  link | 02:43:fc:58:af:9d |Reached target System Initialization.

[[0;32m  OK  [0m] Listening on UUID daemon activation socket.
[[0;32m  OK  [0m] Started Daily Cleanup of Temporary Directories.
         Starting Socket activation for snappy daemon.
[[0;32m  OK  [0m] Listening on D-Bus System Message Bus Socket.
[[0;32m  OK  [0m] Started Daily apt activities.
[[0;32m  OK  [0m] Listening on ACPID Listen Socket.
[[0;32m  OK  [0m] Started Timer to automatically refresh installed snaps.
[[0;32m  OK  [0m] Reached target Timers.
[   22.215339] cloud-init[1024]: ci-info: |   lo   |  True |         127.0.0.1          |   255.0.0.0   |   .   |         .         |
[   22.285013] [cloud-init[0;32m  OK  [0m[1024]: ] ci-info: |   lo   |  True |          ::1/128           |       .       |  host |         .         |Started ACPI Events Check.

[   22.292800] cloud-init[1024]: ci-info: | enp0s8 | False |             .              |       .       |   .   | 08:00:27:3e:d1:d0 |
[   22.345790]          cloud-initStarting LXD - unix socket.[1024]: 
ci-info: +--------+-------+----------------------------+---------------+-------+-------------------+
[   22.432289] [cloud-init[0;32m  OK  [0m[1024]: ] ci-info: +++++++++++++++++++++++++++Route IPv4 info++++++++++++++++++++++++++++Started Trigger resolvconf update for networkd DNS.

[[0;32m  OK  [0m] Reached target Paths.
[[0;32m  OK  [0m] Reached target Cloud-config availability.
[   22.432742] cloud-init[1024]: ci-info: +-------+-------------+----------+---------------+-----------+-------+
[   22.488901] cloud-init[1024]: ci-info: | Route | Destination | Gateway  |    Genmask    | Interface | Flags |
[   22.490260] cloud-init[1024]: ci-info: +-------+-------------+----------+---------------+-----------+-------+
[   22.491536] cloud-init[1024]: ci-info: |   0   |   0.0.0.0   | 10.0.2.2 |    0.0.0.0    |   enp0s3  |   UG  |
[   22.492874] cloud-init[1024]: ci-info: |   1   |   10.0.2.0  | 0.0.0.0  | 255.255.255.0 |   enp0s3  |   U   |
[   22.494201] cloud-init[1024]: ci-info: +-------+-------------+----------+---------------+-----------+-------+
[   22.504395] [cloud-init[0;32m  OK  [0m[1024]: ] Generating public/private rsa key pair.Listening on Socket activation for snappy daemon.

[[0;32m  OK  [0m] Listening on LXD - unix socket.
[   22.504722] cloud-init[1024]: Your identification has been saved in /etc/ssh/ssh_host_rsa_key.
[   22.555886] cloud-init[1024]: Your public key has been saved in /etc/ssh/ssh_host_rsa_key.pub.
[[0;32m  OK  [0m] Started iSCSI initiator daemon (iscsid).
[   22.557999] cloud-init[1024]: The key fingerprint is:
[   22.559308] cloud-init[1024]: SHA256:48c9eLv84zRK3zHueiHuh8L92QuvdbE9fIrc5tOZSu0 root@ubuntu-xenial
[   22.560874] cloud-init[1024]: The key's randomart image is:
[   22.562159] cloud-init[1024]: +---[RSA 2048]----+
[   22.563216] cloud-init[1024]: |                 |
[   22.564018] cloud-init[1024]: |                 |
[   22.564858] cloud-init[1024]: |                 |
[   22.565646] cloud-init[1024]: |                 |
[   22.566432] cloud-init[1024]: |        S      . |
[   22.567217] cloud-init[1024]: |       . o o .o.+|
[   22.568245] cloud-init[1024]: |        . = Bo=XB|
         Starting Login to default iSCSI targets...
[   22.576790] cloud-init[1024]: |         . B.%XOX|
[   22.652263] [cloud-init[0;32m  OK  [0m[1024]: ] Reached target Sockets.
|            X@/E+|
[   22.716305] [cloud-init[0;32m  OK  [0m[1024]: ] +----[SHA256]-----+Reached target Basic System.

[   22.716568] cloud-init[1024]: Generating public/private dsa key pair.
[   22.746389] cloud-init[1024]: Your identification has been saved in /etc/ssh/ssh_host_dsa_key.
[   22.766895] cloud-init[1024]: Your public key has been saved in /etc/ssh/ssh_host_dsa_key.pub.
         Starting Apply the settings specified in cloud-config...
[   22.804920] cloud-init[1024]: The key fingerprint is:
[   22.817050] cloud-init[1024]: SHA256:gUVgo90kTAU++mLFDhgBz8Grr68co1PuBcNUnP3LMMg root@ubuntu-xenial
[   22.848944] cloud-init[1024]: The key's randomart image is:
         Starting System Logging Service...
[   22.872531] cloud-init[1024]: +---[DSA 1024]----+
[   22.883715] cloud-init[1024]: |.oo..=B==        |
[   22.887366] cloud-init[1024]: | o.+o=oB         |
[   22.893663] cloud-init[1024]: |  =o..=.o        |
[   22.904477] cloud-init[1024]: | o.oEoo...       |
         Starting Accounts Service...
[   22.918889] cloud-init[1024]: | .= o o+S.       |
         Starting LSB: MD monitoring daemon...
[   22.971236] cloud-init[1024]: |. .o =  o        |
[[0;32m  OK  [0m] Started D-Bus System Message Bus.
[   23.042880] cloud-init[1024]: | *  + o          |
[   23.120550] cloud-init[1024]: |+ =o .           |
[   23.156320] cloud-init[1024]: |+Bo              |
[   23.171143] cloud-init[1024]: +----[SHA256]-----+
[   23.174947] cloud-init[1024]: Generating public/private ecdsa key pair.
[   23.178232] cloud-init[1024]: Your identification has been saved in /etc/ssh/ssh_host_ecdsa_key.
[   23.182044] cloud-init[1024]: Your public key has been saved in /etc/ssh/ssh_host_ecdsa_key.pub.
[   23.191449] cloud-init[1024]: The key fingerprint is:
[   23.213678] cloud-init[1024]: SHA256:9SpwMfLjxPl8Sl+qgWe//GR+ZZ1vS8T3lm3nEiIrOLg root@ubuntu-xenial
[   23.218520] cloud-init[1024]: The key's randomart image is:
[   23.221924] cloud-init[1024]: +---[ECDSA 256]---+
[   23.264634] cloud-init[1024]: |                 |
[   23.300269] cloud-init[1024]: |                 |
[   23.336335] [cloud-init[0;32m  OK  [0m[1024]: ] |      . o .      |Started Snappy daemon.

[   23.336697] cloud-init[1024]: |       + = .  .  |
[   23.344902] cloud-init[1024]: |      . S   .  o+|
[   23.346805] cloud-init[1024]: |       = =... o.O|
[   23.348667] cloud-init[1024]: |     . .+ Oo..+=O|
[   23.351046] cloud-init[1024]: |    . o .=.B *o+=|
[   23.352027] cloud-init[1024]: |    E. . .o.*oo=o|
[   23.365647]          Starting LSB: Record successful boot for GRUB...
cloud-init[1024]: +----[SHA256]-----+         Starting Auto import assertions from block devices...

[   23.367297]          Starting LXD - container startup/shutdown...
cloud-init[[0;32m  OK  [0m] Started FUSE filesystem for LXC.
[1024]: Generating public/private ed25519 key pair.
[   23.373279] cloud-init[1024]: Your identification has been saved in /etc/ssh/ssh_host_ed25519_key.
[   23.374631] cloud-init[1024]: Your public key has been saved in /etc/ssh/ssh_host_ed25519_key.pub.
[   23.377121] cloud-init[1024]: The key fingerprint is:
[   23.377981] cloud-init[1024]: SHA256:9QXyVn7+ZKm3VqHPszPxBr8MbRyuYX7GZeWLSODNOgA root@ubuntu-xenial
[   23.379085] cloud-init[1024]: The key's randomart image is:
[   23.379966] cloud-init[1024]: +--[ED25519 256]--+
[   23.381030] cloud-init[1024]: |          . . .  |
[   23.408466] cloud-init[1024]: |           o +   |
[[0;32m  OK  [0m] Started ACPI event daemon.
[[0;32m  OK  [0m] Started Deferred execution scheduler.
[   23.428251] cloud-init[1024]: |          . o o .|
[[0;32m  OK  [0m] Started Regular background program processing daemon.
[   23.460781] cloud-init[1024]: |     E   o o . +o|
[   23.472990]          cloud-initStarting Login Service...[1024]: 
|      . S + . .+*|
[   23.520362]          cloud-initStarting /etc/rc.local Compatibility...[1024]: 
|       . . + .*+B|
[   23.560938] cloud-init[1024]: |        . o .==XB|
[   23.564377] cloud-init[1024]: |         o .o.B%=|
         Starting Pollinate to seed the pseudo random number generator...
[[0;32m  OK  [0m] Started System Logging Service.
[[0;32m  OK  [0m] Started Auto import assertions from block devices.
[[0;32m  OK  [0m] Started /etc/rc.local Compatibility.
[   23.568710] cloud-init[1024]: |          .  o+**|
[   23.630772] cloud-init[1024]: +----[SHA256]-----+
[   23.869747] cloud-init[1121]: Generating locales (this might take a while)...
         Starting Authenticate and Authorize Users to Run Privileged Tasks...
[[0;32m  OK  [0m] Started Login Service.
[[0;32m  OK  [0m] Started LSB: Record successful boot for GRUB.
[[0;32m  OK  [0m] Started Login to default iSCSI targets.
[[0;32m  OK  [0m] Reached target Remote File Systems (Pre).
[[0;32m  OK  [0m] Reached target Remote File Systems.
         Starting LSB: VirtualBox Linux Additions...
         Starting LSB: daemon to balance interrupts for SMP systems...
         Starting Permit User Sessions...
         Starting LSB: automatic crash report generation...
         Starting LSB: Set the CPU Frequency Scaling governor to "ondemand"...
[[0;32m  OK  [0m] Started LSB: Set the CPU Frequency Scaling governor to "ondemand".
[[0;32m  OK  [0m] Started Permit User Sessions.
[[0;32m  OK  [0m] Started LSB: MD monitoring daemon.
         Starting Terminate Plymouth Boot Screen...
         Starting Hold until boot process finishes up...
[[0;32m  OK  [0m] Started Terminate Plymouth Boot Screen.
[[0;32m  OK  [0m] Started Hold until boot process finishes up.
[[0;32m  OK  [0m] Started Authenticate and Authorize Users to Run Privileged Tasks.
[[0;32m  OK  [0m] Started Accounts Service.
[[0;32m  OK  [0m] Started LSB: daemon to balance interrupts for SMP systems.
         Starting Set console scheme...
[[0;32m  OK  [0m] Started Getty on tty1.
[[0;32m  OK  [0m] Started Serial Getty on ttyS0.
[[0;32m  OK  [0m] Reached target Login Prompts.
[[0;32m  OK  [0m] Started LSB: automatic crash report generation.
[[0;32m  OK  [0m] Started Set console scheme.
[[0;32m  OK  [0m] Started LSB: VirtualBox Linux Additions.
[   26.639934] cloud-init[1121]:   en_US.UTF-8... done
[   26.653601] cloud-init[1121]: Generation complete.
[[0;32m  OK  [0m] Started LXD - container startup/shutdown.
[[0;32m  OK  [0m] Stopped OpenBSD Secure Shell server.
         Starting OpenBSD Secure Shell server...
[[0;32m  OK  [0m] Started OpenBSD Secure Shell server.
[[0;32m  OK  [0m] Created slice User Slice of ubuntu.
         Starting User Manager for UID 1000...
[[0;32m  OK  [0m] Started Session 1 of user ubuntu.
[[0;32m  OK  [0m] Started User Manager for UID 1000.
[   28.177852] cloud-init[1121]: Cloud-init v. 0.7.9 running 'modules:config' at Wed, 26 Apr 2017 22:40:46 +0000. Up 23.14 seconds.
[[0;32m  OK  [0m] Started Apply the settings specified in cloud-config.

Ubuntu 16.04.2 LTS ubuntu-xenial ttyS0

ubuntu-xenial login: ci-info: +++++Authorized keys from /home/ubuntu/.ssh/authorized_keys for user ubuntu++++++
ci-info: +---------+-------------------------------------------------+---------+---------+
ci-info: | Keytype |                Fingerprint (md5)                | Options | Comment |
ci-info: +---------+-------------------------------------------------+---------+---------+
ci-info: | ssh-rsa | 2d:6d:aa:cb:63:0d:99:62:5d:d5:f2:4e:94:3e:7b:a3 |    -    | vagrant |
ci-info: +---------+-------------------------------------------------+---------+---------+
<14>Apr 26 22:40:55 ec2: 
<14>Apr 26 22:40:55 ec2: #############################################################
<14>Apr 26 22:40:55 ec2: -----BEGIN SSH HOST KEY FINGERPRINTS-----
<14>Apr 26 22:40:55 ec2: 1024 SHA256:gUVgo90kTAU++mLFDhgBz8Grr68co1PuBcNUnP3LMMg root@ubuntu-xenial (DSA)
<14>Apr 26 22:40:55 ec2: 256 SHA256:9SpwMfLjxPl8Sl+qgWe//GR+ZZ1vS8T3lm3nEiIrOLg root@ubuntu-xenial (ECDSA)
<14>Apr 26 22:40:55 ec2: 256 SHA256:9QXyVn7+ZKm3VqHPszPxBr8MbRyuYX7GZeWLSODNOgA root@ubuntu-xenial (ED25519)
<14>Apr 26 22:40:55 ec2: 2048 SHA256:48c9eLv84zRK3zHueiHuh8L92QuvdbE9fIrc5tOZSu0 root@ubuntu-xenial (RSA)
<14>Apr 26 22:40:55 ec2: -----END SSH HOST KEY FINGERPRINTS-----
<14>Apr 26 22:40:55 ec2: #############################################################
-----BEGIN SSH HOST KEY KEYS-----
ecdsa-sha2-nistp256 AAAAE2VjZHNhLXNoYTItbmlzdHAyNTYAAAAIbmlzdHAyNTYAAABBBJ4VKowS5JZGu6tOFX07ItVzKWZnZ2sgLEM3F0kwsmwDs5KpGJV9/PyJgRTQPcsacEA1DPKzR/MgtQjDMjwPJlA= root@ubuntu-xenial
ssh-ed25519 AAAAC3NzaC1lZDI1NTE5AAAAIKp7kI885Wu6j/USTWHmieIH1qbbq1g6bdM8zwoayCuW root@ubuntu-xenial
ssh-rsa AAAAB3NzaC1yc2EAAAADAQABAAABAQC7g1wcHiOsBkyGbcZ04efsd+wyfWO673i3r3GWgzcZrWXNqoQyF7HxdZ8osccJ0FtBC6NBW7scJc18oyV5CTC241vvAxyENdh/kMFByGOxCc36NCFaACQG0y8h9IZt5jEd5WwjXI6d1a8aicEqsNQ3auAnJ9PY6e4Lef3mrWCZJ9/MV4mOxDsc7Vrrieu2R5REIOtUcrbT6vYj7ffMJvX6WucuWNPNg3lcw0zHPRRS2AiKPgeRWvwrpdD9A9fzhV3A+U/XNTYgm/rzzuAnIGQO8M60G8WxU1ZAPHNDWHZAYlhBqeCvXzMgvQDpIjMdxaR2N62r1sIO7sygs8Wl7LuP root@ubuntu-xenial
-----END SSH HOST KEY KEYS-----
[   32.796814] cloud-init[1597]: Cloud-init v. 0.7.9 running 'modules:final' at Wed, 26 Apr 2017 22:40:55 +0000. Up 32.60 seconds.
[   32.796989] cloud-init[1597]: Cloud-init v. 0.7.9 finished at Wed, 26 Apr 2017 22:40:55 +0000. Datasource DataSourceNoCloud [seed=/dev/sdb][dsmode=net].  Up 32.79 seconds
