[    0.000000] Initializing cgroup subsys cpuset
[    0.000000] Initializing cgroup subsys cpu
[    0.000000] Initializing cgroup subsys cpuacct
[    0.000000] Linux version 4.4.0-66-generic (buildd@lgw01-28) (gcc version 5.4.0 20160609 (Ubuntu 5.4.0-6ubuntu1~16.04.4) ) #87-Ubuntu SMP Fri Mar 3 15:29:05 UTC 2017 (Ubuntu 4.4.0-66.87-generic 4.4.44)
[    0.000000] Command line: BOOT_IMAGE=/boot/vmlinuz-4.4.0-66-generic root=LABEL=cloudimg-rootfs ro console=tty1 console=ttyS0
[    0.000000] KERNEL supported cpus:
[    0.000000]   Intel GenuineIntel
[    0.000000]   AMD AuthenticAMD
[    0.000000]   Centaur CentaurHauls
[    0.000000] x86/fpu: xstate_offset[2]:  576, xstate_sizes[2]:  256
[    0.000000] x86/fpu: Supporting XSAVE feature 0x01: 'x87 floating point registers'
[    0.000000] x86/fpu: Supporting XSAVE feature 0x02: 'SSE registers'
[    0.000000] x86/fpu: Supporting XSAVE feature 0x04: 'AVX registers'
[    0.000000] x86/fpu: Enabled xstate features 0x7, context size is 832 bytes, using 'standard' format.
[    0.000000] x86/fpu: Using 'lazy' FPU context switches.
[    0.000000] e820: BIOS-provided physical RAM map:
[    0.000000] BIOS-e820: [mem 0x0000000000000000-0x000000000009fbff] usable
[    0.000000] BIOS-e820: [mem 0x000000000009fc00-0x000000000009ffff] reserved
[    0.000000] BIOS-e820: [mem 0x00000000000f0000-0x00000000000fffff] reserved
[    0.000000] BIOS-e820: [mem 0x0000000000100000-0x000000003ffeffff] usable
[    0.000000] BIOS-e820: [mem 0x000000003fff0000-0x000000003fffffff] ACPI data
[    0.000000] BIOS-e820: [mem 0x00000000fec00000-0x00000000fec00fff] reserved
[    0.000000] BIOS-e820: [mem 0x00000000fee00000-0x00000000fee00fff] reserved
[    0.000000] BIOS-e820: [mem 0x00000000fffc0000-0x00000000ffffffff] reserved
[    0.000000] NX (Execute Disable) protection: active
[    0.000000] SMBIOS 2.5 present.
[    0.000000] Hypervisor detected: KVM
[    0.000000] e820: last_pfn = 0x3fff0 max_arch_pfn = 0x400000000
[    0.000000] MTRR: Disabled
[    0.000000] x86/PAT: MTRRs disabled, skipping PAT initialization too.
[    0.000000] x86/PAT: Configuration [0-7]: WB  WT  UC- UC  WB  WT  UC- UC  
[    0.000000] CPU MTRRs all blank - virtualized system.
[    0.000000] found SMP MP-table at [mem 0x0009fff0-0x0009ffff] mapped at [ffff88000009fff0]
[    0.000000] Scanning 1 areas for low memory corruption
[    0.000000] RAMDISK: [mem 0x36ac8000-0x3755bfff]
[    0.000000] ACPI: Early table checksum verification disabled
[    0.000000] ACPI: RSDP 0x00000000000E0000 000024 (v02 VBOX  )
[    0.000000] ACPI: XSDT 0x000000003FFF0030 00003C (v01 VBOX   VBOXXSDT 00000001 ASL  00000061)
[    0.000000] ACPI: FACP 0x000000003FFF00F0 0000F4 (v04 VBOX   VBOXFACP 00000001 ASL  00000061)
[    0.000000] ACPI: DSDT 0x000000003FFF0470 0021C8 (v02 VBOX   VBOXBIOS 00000002 INTL 20160108)
[    0.000000] ACPI: FACS 0x000000003FFF0200 000040
[    0.000000] ACPI: FACS 0x000000003FFF0200 000040
[    0.000000] ACPI: APIC 0x000000003FFF0240 00005C (v02 VBOX   VBOXAPIC 00000001 ASL  00000061)
[    0.000000] ACPI: SSDT 0x000000003FFF02A0 0001CC (v01 VBOX   VBOXCPUT 00000002 INTL 20160108)
[    0.000000] No NUMA configuration found
[    0.000000] Faking a node at [mem 0x0000000000000000-0x000000003ffeffff]
[    0.000000] NODE_DATA(0) allocated [mem 0x3ffeb000-0x3ffeffff]
[    0.000000] kvm-clock: Using msrs 4b564d01 and 4b564d00
[    0.000000] kvm-clock: cpu 0, msr 0:3ffe3001, primary cpu clock
[    0.000000] kvm-clock: using sched offset of 3245015105 cycles
[    0.000000] clocksource: kvm-clock: mask: 0xffffffffffffffff max_cycles: 0x1cd42e4dffb, max_idle_ns: 881590591483 ns
[    0.000000] Zone ranges:
[    0.000000]   DMA      [mem 0x0000000000001000-0x0000000000ffffff]
[    0.000000]   DMA32    [mem 0x0000000001000000-0x000000003ffeffff]
[    0.000000]   Normal   empty
[    0.000000]   Device   empty
[    0.000000] Movable zone start for each node
[    0.000000] Early memory node ranges
[    0.000000]   node   0: [mem 0x0000000000001000-0x000000000009efff]
[    0.000000]   node   0: [mem 0x0000000000100000-0x000000003ffeffff]
[    0.000000] Initmem setup node 0 [mem 0x0000000000001000-0x000000003ffeffff]
[    0.000000] ACPI: PM-Timer IO Port: 0x4008
[    0.000000] IOAPIC[0]: apic_id 2, version 32, address 0xfec00000, GSI 0-23
[    0.000000] ACPI: INT_SRC_OVR (bus 0 bus_irq 0 global_irq 2 dfl dfl)
[    0.000000] ACPI: INT_SRC_OVR (bus 0 bus_irq 9 global_irq 9 high level)
[    0.000000] Using ACPI (MADT) for SMP configuration information
[    0.000000] smpboot: Allowing 2 CPUs, 0 hotplug CPUs
[    0.000000] PM: Registered nosave memory: [mem 0x00000000-0x00000fff]
[    0.000000] PM: Registered nosave memory: [mem 0x0009f000-0x0009ffff]
[    0.000000] PM: Registered nosave memory: [mem 0x000a0000-0x000effff]
[    0.000000] PM: Registered nosave memory: [mem 0x000f0000-0x000fffff]
[    0.000000] e820: [mem 0x40000000-0xfebfffff] available for PCI devices
[    0.000000] Booting paravirtualized kernel on KVM
[    0.000000] clocksource: refined-jiffies: mask: 0xffffffff max_cycles: 0xffffffff, max_idle_ns: 7645519600211568 ns
[    0.000000] setup_percpu: NR_CPUS:512 nr_cpumask_bits:512 nr_cpu_ids:2 nr_node_ids:1
[    0.000000] PERCPU: Embedded 33 pages/cpu @ffff88003fc00000 s98264 r8192 d28712 u1048576
[    0.000000] PV qspinlock hash table entries: 256 (order: 0, 4096 bytes)
[    0.000000] Built 1 zonelists in Node order, mobility grouping on.  Total pages: 257913
[    0.000000] Policy zone: DMA32
[    0.000000] Kernel command line: BOOT_IMAGE=/boot/vmlinuz-4.4.0-66-generic root=LABEL=cloudimg-rootfs ro console=tty1 console=ttyS0
[    0.000000] PID hash table entries: 4096 (order: 3, 32768 bytes)
[    0.000000] Memory: 1001744K/1048120K available (8452K kernel code, 1293K rwdata, 3980K rodata, 1488K init, 1316K bss, 46376K reserved, 0K cma-reserved)
[    0.000000] SLUB: HWalign=64, Order=0-3, MinObjects=0, CPUs=2, Nodes=1
[    0.000000] Hierarchical RCU implementation.
[    0.000000] 	Build-time adjustment of leaf fanout to 64.
[    0.000000] 	RCU restricting CPUs from NR_CPUS=512 to nr_cpu_ids=2.
[    0.000000] RCU: Adjusting geometry for rcu_fanout_leaf=64, nr_cpu_ids=2
[    0.000000] NR_IRQS:33024 nr_irqs:440 16
[    0.000000] Console: colour VGA+ 80x25
[    0.000000] console [tty1] enabled
[    0.000000] console [ttyS0] enabled
[    0.000000] tsc: Detected 2494.224 MHz processor
[    1.252100] Calibrating delay loop (skipped) preset value.. 4988.44 BogoMIPS (lpj=9976896)
[    1.253347] pid_max: default: 32768 minimum: 301
[    1.254022] ACPI: Core revision 20150930
[    1.255482] ACPI: 2 ACPI AML tables successfully acquired and loaded
[    1.256443] Security Framework initialized
[    1.257076] Yama: becoming mindful.
[    1.257648] AppArmor: AppArmor initialized
[    1.258345] Dentry cache hash table entries: 131072 (order: 8, 1048576 bytes)
[    1.259428] Inode-cache hash table entries: 65536 (order: 7, 524288 bytes)
[    1.260763] Mount-cache hash table entries: 2048 (order: 2, 16384 bytes)
[    1.261640] Mountpoint-cache hash table entries: 2048 (order: 2, 16384 bytes)
[    1.262688] Initializing cgroup subsys io
[    1.263304] Initializing cgroup subsys memory
[    1.263969] Initializing cgroup subsys devices
[    1.264621] Initializing cgroup subsys freezer
[    1.265270] Initializing cgroup subsys net_cls
[    1.265928] Initializing cgroup subsys perf_event
[    1.266604] Initializing cgroup subsys net_prio
[    1.267265] Initializing cgroup subsys hugetlb
[    1.267932] Initializing cgroup subsys pids
[    1.268640] CPU: Physical Processor ID: 0
[    1.269252] CPU: Processor Core ID: 0
[    1.270613] mce: CPU supports 0 MCE banks
[    1.271238] Last level iTLB entries: 4KB 1024, 2MB 1024, 4MB 1024
[    1.272071] Last level dTLB entries: 4KB 1024, 2MB 1024, 4MB 1024, 1GB 4
[    1.274520] Freeing SMP alternatives memory: 32K (ffffffff820b9000 - ffffffff820c1000)
[    1.282538] ftrace: allocating 32123 entries in 126 pages
[    1.354133] smpboot: APIC(0) Converting physical 0 to logical package 0
[    1.366245] smpboot: Max logical packages: 1
[    1.394425] x2apic enabled
[    1.473875] Switched APIC routing to physical x2apic.
[    1.576401] ..TIMER: vector=0x30 apic1=0 pin1=2 apic2=-1 pin2=-1
[    1.767533] smpboot: CPU0: Intel(R) Core(TM) i7-4710HQ CPU @ 2.50GHz (family: 0x6, model: 0x3c, stepping: 0x3)
[    1.784815] Performance Events: unsupported p6 CPU model 60 no PMU driver, software events only.
[    1.786194] KVM setup paravirtual spinlock
[    1.787483] x86: Booting SMP configuration:
[    1.788132] .... node  #0, CPUs:      #1
[    1.893814] kvm-clock: cpu 1, msr 0:3ffe3041, secondary cpu clock
[    2.016687] mce: CPU supports 0 MCE banks
[    2.019037] x86: Booted up 1 node, 2 CPUs
[    2.019832] smpboot: Total of 2 processors activated (9976.89 BogoMIPS)
[    2.021025] devtmpfs: initialized
[    2.023653] evm: security.selinux
[    2.025941] evm: security.SMACK64
[    2.026481] evm: security.SMACK64EXEC
[    2.027056] evm: security.SMACK64TRANSMUTE
[    2.044666] evm: security.SMACK64MMAP
[    2.076847] evm: security.ima
[    2.087391] evm: security.capability
[    2.088175] clocksource: jiffies: mask: 0xffffffff max_cycles: 0xffffffff, max_idle_ns: 7645041785100000 ns
[    2.137377] pinctrl core: initialized pinctrl subsystem
[    2.138225] RTC time: 23:56:00, date: 04/26/17
[    2.139400] NET: Registered protocol family 16
[    2.151659] cpuidle: using governor ladder
[    2.263855] cpuidle: using governor menu
[    2.297067] PCCT header not found.
[    2.297685] ACPI: bus type PCI registered
[    2.298298] acpiphp: ACPI Hot Plug PCI Controller Driver version: 0.5
[    2.299229] PCI: Using configuration type 1 for base access
[    2.312590] ACPI: Added _OSI(Module Device)
[    2.415351] ACPI: Added _OSI(Processor Device)
[    2.455554] ACPI: Added _OSI(3.0 _SCP Extensions)
[    2.456238] ACPI: Added _OSI(Processor Aggregator Device)
[    2.457561] ACPI: Executed 1 blocks of module-level executable AML code
[    2.460139] ACPI: Interpreter enabled
[    2.496731] ACPI: (supports S0 S5)
[    2.545499] ACPI: Using IOAPIC for interrupt routing
[    2.695156] PCI: Using host bridge windows from ACPI; if necessary, use "pci=nocrs" and report a bug
[    2.813205] ACPI: PCI Root Bridge [PCI0] (domain 0000 [bus 00-ff])
[    2.814036] acpi PNP0A03:00: _OSC: OS supports [ASPM ClockPM Segments MSI]
[    2.814922] acpi PNP0A03:00: _OSC failed (AE_NOT_FOUND); disabling ASPM
[    2.815808] acpi PNP0A03:00: fail to add MMCONFIG information, can't access extended PCI configuration space under this bridge.
[    2.817530] PCI host bridge to bus 0000:00
[    2.818160] pci_bus 0000:00: root bus resource [io  0x0000-0x0cf7 window]
[    2.819031] pci_bus 0000:00: root bus resource [io  0x0d00-0xffff window]
[    2.819902] pci_bus 0000:00: root bus resource [mem 0x000a0000-0x000bffff window]
[    2.821041] pci_bus 0000:00: root bus resource [mem 0x40000000-0xffdfffff window]
[    2.822667] pci_bus 0000:00: root bus resource [bus 00-ff]
[    2.825096] pci 0000:00:01.1: legacy IDE quirk: reg 0x10: [io  0x01f0-0x01f7]
[    2.826291] pci 0000:00:01.1: legacy IDE quirk: reg 0x14: [io  0x03f6]
[    2.827398] pci 0000:00:01.1: legacy IDE quirk: reg 0x18: [io  0x0170-0x0177]
[    2.828592] pci 0000:00:01.1: legacy IDE quirk: reg 0x1c: [io  0x0376]
[    2.842295] pci 0000:00:07.0: quirk: [io  0x4000-0x403f] claimed by PIIX4 ACPI
[    2.963951] pci 0000:00:07.0: quirk: [io  0x4100-0x410f] claimed by PIIX4 SMB
[    3.087734] ACPI: PCI Interrupt Link [LNKA] (IRQs 5 9 10 *11)
[    3.132890] ACPI: PCI Interrupt Link [LNKB] (IRQs 5 9 10 *11)
[    3.153986] ACPI: PCI Interrupt Link [LNKC] (IRQs 5 9 *10 11)
[    3.171593] ACPI: PCI Interrupt Link [LNKD] (IRQs 5 *9 10 11)
[    3.173150] ACPI: Enabled 2 GPEs in block 00 to 07
[    3.174526] vgaarb: setting as boot device: PCI:0000:00:02.0
[    3.201013] vgaarb: device added: PCI:0000:00:02.0,decodes=io+mem,owns=io+mem,locks=none
[    3.202198] vgaarb: loaded
[    3.202679] vgaarb: bridge control possible 0000:00:02.0
[    3.203622] SCSI subsystem initialized
[    3.204304] ACPI: bus type USB registered
[    3.211524] usbcore: registered new interface driver usbfs
[    3.222049] usbcore: registered new interface driver hub
[    3.312972] usbcore: registered new device driver usb
[    3.313955] PCI: Using ACPI for IRQ routing
[    3.314824] NetLabel: Initializing
[    3.315380] NetLabel:  domain hash size = 128
[    3.316029] NetLabel:  protocols = UNLABELED CIPSOv4
[    3.384831] NetLabel:  unlabeled traffic allowed by default
[    3.404215] amd_nb: Cannot enumerate AMD northbridges
[    3.404947] clocksource: Switched to clocksource kvm-clock
[    3.411593] AppArmor: AppArmor Filesystem Enabled
[    3.498066] pnp: PnP ACPI init
[    3.588392] pnp: PnP ACPI: found 3 devices
[    3.716627] clocksource: acpi_pm: mask: 0xffffff max_cycles: 0xffffff, max_idle_ns: 2085701024 ns
[    3.871794] NET: Registered protocol family 2
[    3.872536] TCP established hash table entries: 8192 (order: 4, 65536 bytes)
[    3.873415] TCP bind hash table entries: 8192 (order: 5, 131072 bytes)
[    3.874240] TCP: Hash tables configured (established 8192 bind 8192)
[    3.875039] UDP hash table entries: 512 (order: 2, 16384 bytes)
[    3.875802] UDP-Lite hash table entries: 512 (order: 2, 16384 bytes)
[    3.921653] NET: Registered protocol family 1
[    4.048954] pci 0000:00:00.0: Limiting direct PCI/PCI transfers
[    4.114701] pci 0000:00:01.0: Activating ISA DMA hang workarounds
[    4.115933] Trying to unpack rootfs image as initramfs...
[    5.559856] Freeing initrd memory: 10832K (ffff880036ac8000 - ffff88003755c000)
[    5.754334] RAPL PMU detected, API unit is 2^-32 Joules, 4 fixed counters 10737418240 ms ovfl timer
[    5.842466] hw unit of domain pp0-core 2^-0 Joules
[    5.843120] hw unit of domain package 2^-0 Joules
[    5.843753] hw unit of domain dram 2^-0 Joules
[    5.844366] hw unit of domain pp1-gpu 2^-0 Joules
[    5.845114] platform rtc_cmos: registered platform RTC device (no PNP device found)
[    5.846230] Scanning for low memory corruption every 60 seconds
[    5.847329] futex hash table entries: 512 (order: 3, 32768 bytes)
[    5.848124] audit: initializing netlink subsys (disabled)
[    5.848841] audit: type=2000 audit(1493250965.662:1): initialized
[    5.849888] Initialise system trusted keyring
[    5.850649] HugeTLB registered 2 MB page size, pre-allocated 0 pages
[    5.852511] zbud: loaded
[    5.853172] VFS: Disk quotas dquot_6.6.0
[    5.853776] VFS: Dquot-cache hash table entries: 512 (order 0, 4096 bytes)
[    5.854799] squashfs: version 4.0 (2009/01/31) Phillip Lougher
[    5.855769] fuse init (API version 7.23)
[    5.856436] Key type big_key registered
[    5.857038] Allocating IMA MOK and blacklist keyrings.
[    5.858942] Key type asymmetric registered
[    5.859533] Asymmetric key parser 'x509' registered
[    5.860222] Block layer SCSI generic (bsg) driver version 0.4 loaded (major 249)
[    5.861344] io scheduler noop registered
[    5.861925] io scheduler deadline registered (default)
[    5.862623] io scheduler cfq registered
[    5.863261] pci_hotplug: PCI Hot Plug PCI Core version: 0.5
[    5.863983] pciehp: PCI Express Hot Plug Controller Driver version: 0.4
[    5.864889] ACPI: AC Adapter [AC] (on-line)
[    5.865558] input: Power Button as /devices/LNXSYSTM:00/LNXPWRBN:00/input/input0
[    5.866612] ACPI: Power Button [PWRF]
[    5.867195] input: Sleep Button as /devices/LNXSYSTM:00/LNXSLPBN:00/input/input1
[    5.868240] ACPI: Sleep Button [SLPF]
[    5.868932] GHES: HEST is not enabled!
[    5.869611] ACPI: Battery Slot [BAT0] (battery present)
[    5.870511] Serial: 8250/16550 driver, 32 ports, IRQ sharing enabled
[    5.892551] 00:02: ttyS0 at I/O 0x3f8 (irq = 4, base_baud = 115200) is a 16550A
[    5.894474] Linux agpgart interface v0.103
[    5.897161] brd: module loaded
[    5.898760] loop: module loaded
[    5.958269] scsi host0: ata_piix
[    5.958910] scsi host1: ata_piix
[    5.959449] ata1: PATA max UDMA/33 cmd 0x1f0 ctl 0x3f6 bmdma 0xd000 irq 14
[    5.960279] ata2: PATA max UDMA/33 cmd 0x170 ctl 0x376 bmdma 0xd008 irq 15
[    5.962300] libphy: Fixed MDIO Bus: probed
[    5.962987] tun: Universal TUN/TAP device driver, 1.6
[    5.963646] tun: (C) 1999-2004 Max Krasnyansky <maxk@qualcomm.com>
[    5.964445] PPP generic driver version 2.4.2
[    6.047891] ehci_hcd: USB 2.0 'Enhanced' Host Controller (EHCI) Driver
[    6.049778] ehci-pci: EHCI PCI platform driver
[    6.050403] ehci-platform: EHCI generic platform driver
[    6.051094] ohci_hcd: USB 1.1 'Open' Host Controller (OHCI) Driver
[    6.051865] ohci-pci: OHCI PCI platform driver
[    6.052481] ohci-platform: OHCI generic platform driver
[    6.053190] uhci_hcd: USB Universal Host Controller Interface driver
[    6.054041] i8042: PNP: PS/2 Controller [PNP0303:PS2K,PNP0f03:PS2M] at 0x60,0x64 irq 1,12
[    6.055556] serio: i8042 KBD port at 0x60,0x64 irq 1
[    6.056224] serio: i8042 AUX port at 0x60,0x64 irq 12
[    6.057011] mousedev: PS/2 mouse device common for all mice
[    6.142051] input: AT Translated Set 2 keyboard as /devices/platform/i8042/serio0/input/input2
[    6.194069] rtc_cmos rtc_cmos: rtc core: registered rtc_cmos as rtc0
[    6.195001] rtc_cmos rtc_cmos: alarms up to one day, 114 bytes nvram
[    6.195908] i2c /dev entries driver
[    6.196546] device-mapper: uevent: version 1.0.3
[    6.197359] device-mapper: ioctl: 4.34.0-ioctl (2015-10-28) initialised: dm-devel@redhat.com
[    6.198650] ledtrig-cpu: registered to indicate activity on CPUs
[    6.199939] NET: Registered protocol family 10
[    6.200790] NET: Registered protocol family 17
[    6.201514] Key type dns_resolver registered
[    6.202388] microcode: CPU0 sig=0x306c3, pf=0x40, revision=0x0
[    6.205646] microcode: CPU1 sig=0x306c3, pf=0x40, revision=0x0
[    6.206574] microcode: Microcode Update Driver: v2.01 <tigran@aivazian.fsnet.co.uk>, Peter Oruba
[    6.208257] registered taskstats version 1
[    6.208898] Loading compiled-in X.509 certificates
[    6.210210] Loaded X.509 cert 'Build time autogenerated kernel key: 32ca4feee90b5cde51f5f8c0e024b22f8c679982'
[    6.211650] zswap: loaded using pool lzo/zbud
[    6.213713] Key type trusted registered
[    6.218576] Key type encrypted registered
[    6.223509] AppArmor: AppArmor sha1 policy hashing enabled
[    6.224299] ima: No TPM chip found, activating TPM-bypass!
[    6.225868] evm: HMAC attrs: 0x1
[    6.226719]   Magic number: 13:274:960
[    6.227436] rtc_cmos rtc_cmos: setting system clock to 2017-04-26 23:56:04 UTC (1493250964)
[    6.228785] BIOS EDD facility v0.16 2004-Jun-25, 0 devices found
[    6.229645] EDD information not available.
[    6.231424] Freeing unused kernel memory: 1488K (ffffffff81f45000 - ffffffff820b9000)
[    6.232594] Write protecting the kernel read-only data: 14336k
[    6.233928] Freeing unused kernel memory: 1776K (ffff880001844000 - ffff880001a00000)
[    6.235374] Freeing unused kernel memory: 116K (ffff880001de3000 - ffff880001e00000)
Loading, please wait...
starting version[    6.245857] random: systemd-udevd: uninitialized urandom read (16 bytes read, 2 bits of entropy available)
 229
[    6.246408] random: udevadm: uninitialized urandom read (16 bytes read, 2 bits of entropy available)
[    6.246436] random: udevadm: uninitialized urandom read (16 bytes read, 2 bits of entropy available)
[    6.246522] random: udevadm: uninitialized urandom read (16 bytes read, 2 bits of entropy available)
[    6.246554] random: udevadm: uninitialized urandom read (16 bytes read, 2 bits of entropy available)
[    6.246586] random: udevadm: uninitialized urandom read (16 bytes read, 2 bits of entropy available)
[    6.246631] random: udevadm: uninitialized urandom read (16 bytes read, 2 bits of entropy available)
[    6.246662] random: udevadm: uninitialized urandom read (16 bytes read, 2 bits of entropy available)
[    6.246692] random: udevadm: uninitialized urandom read (16 bytes read, 2 bits of entropy available)
[    6.246719] random: udevadm: uninitialized urandom read (16 bytes read, 2 bits of entropy available)
[    6.285235] e1000: Intel(R) PRO/1000 Network Driver - version 7.3.21-k8-NAPI
[    6.296402] e1000: Copyright (c) 1999-2006 Intel Corporation.
[    6.302862] Fusion MPT base driver 3.04.20
[    6.316136] Copyright (c) 1999-2008 LSI Corporation
[    6.332918] AVX version of gcm_enc/dec engaged.
[    6.347673] AES CTR mode by8 optimization enabled
[    6.351879] Fusion MPT SPI Host driver 3.04.20
[    6.524784] input: ImExPS/2 Generic Explorer Mouse as /devices/platform/i8042/serio1/input/input4
[    6.845024] tsc: Refined TSC clocksource calibration: 2495.358 MHz
[    6.916276] e1000 0000:00:03.0 eth0: (PCI:33MHz:32-bit) 02:43:fc:58:af:9d
[    6.916279] e1000 0000:00:03.0 eth0: Intel(R) PRO/1000 Network Connection
[    7.086611] clocksource: tsc: mask: 0xffffffffffffffff max_cycles: 0x23f818e080c, max_idle_ns: 440795295036 ns
[    7.239880] e1000 0000:00:08.0 eth1: (PCI:33MHz:32-bit) 08:00:27:21:e2:94
[    7.366271] e1000 0000:00:08.0 eth1: Intel(R) PRO/1000 Network Connection
[    7.368300] e1000 0000:00:08.0 enp0s8: renamed from eth1
[    7.369195] mptbase: ioc0: Initiating bringup
[    7.377137] e1000 0000:00:03.0 enp0s3: renamed from eth0
[    7.433093] ioc0: LSI53C1030 A0: Capabilities={Initiator}
[    7.634073] scsi host2: ioc0: LSI53C1030 A0, FwRev=00000000h, Ports=1, MaxQ=256, IRQ=20
[    7.841198] scsi 2:0:0:0: Direct-Access     VBOX     HARDDISK         1.0  PQ: 0 ANSI: 5
[    7.847391] scsi target2:0:0: Beginning Domain Validation
[    7.922493] scsi target2:0:0: Domain Validation skipping write tests
[    7.923296] scsi target2:0:0: Ending Domain Validation
[    7.923998] scsi target2:0:0: asynchronous
[    7.924982] scsi 2:0:1:0: Direct-Access     VBOX     HARDDISK         1.0  PQ: 0 ANSI: 5
[    7.926107] scsi target2:0:1: Beginning Domain Validation
[    7.954009] scsi target2:0:1: Domain Validation skipping write tests
[    7.954800] scsi target2:0:1: Ending Domain Validation
[    7.955498] scsi target2:0:1: asynchronous
[    7.959335] sd 2:0:0:0: Attached scsi generic sg0 type 0
[    7.993492] sd 2:0:1:0: Attached scsi generic sg1 type 0
[    7.993598] sd 2:0:0:0: [sda] 20971520 512-byte logical blocks: (10.7 GB/10.0 GiB)
[    8.006676] sd 2:0:1:0: [sdb] 20480 512-byte logical blocks: (10.5 MB/10.0 MiB)
[    8.007904] sd 2:0:0:0: [sda] Write Protect is off
[    8.008776] sd 2:0:0:0: [sda] Incomplete mode parameter data
[    8.009607] sd 2:0:0:0: [sda] Assuming drive cache: write through
[    8.010592] sd 2:0:1:0: [sdb] Write Protect is off
[    8.011653] sd 2:0:1:0: [sdb] Incomplete mode parameter data
[    8.012478] sd 2:0:1:0: [sdb] Assuming drive cache: write through
[    8.126218]  sda: sda1
[    8.188610] sd 2:0:0:0: [sda] Attached SCSI disk
[    8.189761] sd 2:0:1:0: [sdb] Attached SCSI disk
[    9.349062] floppy0: no floppy controllers found
Begin: Loading essential drivers ... [   10.762071] md: linear personality registered for level -1
[   10.764885] md: multipath personality registered for level -4
[   10.768877] md: raid0 personality registered for level 0
[   10.773039] md: raid1 personality registered for level 1
[   10.844987] raid6: sse2x1   gen() 10287 MB/s
[   10.916992] raid6: sse2x1   xor()  8013 MB/s
[   10.988990] raid6: sse2x2   gen() 12930 MB/s
[   11.056984] raid6: sse2x2   xor()  8838 MB/s
[   11.128992] raid6: sse2x4   gen() 15071 MB/s
[   11.200988] raid6: sse2x4   xor() 10385 MB/s
[   11.203475] raid6: using algorithm sse2x4 gen() 15071 MB/s
[   11.204272] raid6: .... xor() 10385 MB/s, rmw enabled
[   11.205053] raid6: using ssse3x2 recovery algorithm
[   11.207094] xor: automatically using best checksumming function:
[   11.785572]    avx       : 48923.000 MB/sec
[   12.157250] async_tx: api initialized (async)
[   12.172982] md: raid6 personality registered for level 6
[   12.176505] md: raid5 personality registered for level 5
[   12.178306] md: raid4 personality registered for level 4
[   12.183617] md: raid10 personality registered for level 10
done.
Begin: Running /scripts/init-premount ... done.
Begin: Mounting root file system ... Begin: Running /scripts/local-top ... done.
Begin: Running /scripts/local-premount ... [   12.236559] Btrfs loaded
Scanning for Btrfs filesystems
done.
Warning: fsck not present, so skipping root file system
[   12.470243] EXT4-fs (sda1): mounted filesystem with ordered data mode. Opts: (null)
done.
Begin: Running /scripts/local-bottom ... done.
Begin: Running /scripts/init-bottom ... done.
[   12.947173] systemd[1]: systemd 229 running in system mode. (+PAM +AUDIT +SELINUX +IMA +APPARMOR +SMACK +SYSVINIT +UTMP +LIBCRYPTSETUP +GCRYPT +GNUTLS +ACL +XZ -LZ4 +SECCOMP +BLKID +ELFUTILS +KMOD -IDN)
[   12.968071] systemd[1]: Detected virtualization oracle.
[   12.968831] systemd[1]: Detected architecture x86-64.

Welcome to [1mUbuntu 16.04.2 LTS[0m!

[   13.021344] systemd[1]: Set hostname to <ubuntu>.
[   13.048658] systemd[1]: Initializing machine ID from random generator.
[   13.056512] systemd[1]: Installed transient /etc/machine-id file.
[   13.470330] random: nonblocking pool is initialized
[   13.878784] systemd[1]: Listening on LVM2 poll daemon socket.
[[0;32m  OK  [0m] Listening on LVM2 poll daemon socket.
[   13.884419] systemd[1]: Started Forward Password Requests to Wall Directory Watch.
[[0;32m  OK  [0m] Started Forward Password Requests to Wall Directory Watch.
[   13.893079] systemd[1]: Reached target Swap.
[[0;32m  OK  [0m] Reached target Swap.
[   140055333]ssystemd[1]: Listening on Jouraa  Socket (/dev/log).
[[0;32m  OK  [0m] Listening on Journal Socket (/dev/log).
[   14.426761] systemd[1]: Listening on Device-mapper event daemon FIFOs.
[[0;32m  OK  [0m] Listening on Device-mapper event daemon FIFOs.
[   14.729102] systemd[1]: Listening on Syslog Socket.
[[0;32m  OK  [0m] Listening on Syslog Socket.
[   14.947729] systemd[1]: Listening on LVM2 metadata daemon socket.
[[0;32m  OK  [0m] Listening on LVM2 metadata daemon socket.
[   14.950326] systemd[1]: Reached target User and Group Name Lookups.
[[0;32m  OK  [0m] Reached target User and Group Name Lookups.
[   14.951950] systemd[1]: Listening on Journal Audit Socket.
[[0;32m  OK  [0m] Listening on Journal Audit Socket.
[   14.954563] systemd[1]: Listening on udev Control Socket.
[[0;32m  OK  [0m] Listening on udev Control Socket.
[   14.956356] systemd[1]: Reached target Encrypted Volumes.
[[0;32m  OK  [0m] Reached target Encrypted Volumes.
[   14.957872] systemd[1]: Listening on /dev/initctl Compatibility Named Pipe.
[[0;32m  OK  [0m] Listening on /dev/initctl Compatibility Named Pipe.
[   14.959790] systemd[1]: Created slice User and Session Slice.
[[0;32m  OK  [0m] Created slice User and Session Slice.
[   14.961322] systemd[1]: Set up automount Arbitrary Executable File Formats File System Automount Point.
[[0;32m  OK  [0m] Set up automount Arbitrary Executab...ats File System Automount Point.
[   14.963483] systemd[1]: Listening on udev Kerne  ookket.
[[0;32m  OK  [0m] Listening on udev Kernel Socket.
[   15.065279] systemd[1]: Created slice System Slice.
[[0;32m  OK  [0m] Created slice System Slice.
[   15.088223] systemd[1]: Created slice system-serial\x2dgetty.slice.
[[0;32m  OK  [0m] Created slice system-serial\x2dgetty.slice.
[   15.089709] systemd[1]: Reached target Slices.
[[0;32m  OK  [0m] Reached target Slices.
[   15.090942] systemd[1]: Listening on Journal Socket.
[[0;32m  OK  [0m] Listening on Journal Socket.
[   15.121067] systemd[1]: Starting Remount Root and Kernel File Systems...
         Starting Remount Root and Kernel File Systems...
[   15.127619] systemd[1]: Mounting Huge Pages File System...
         Mounting Huge Pages File System...
[   15.153833] systemd[1]: Starting Set console keymap...
         Starting Set console keymap...
[   15.205721] EXT4-fs (sda1): re-mounted. Opts: (null)
[   15.341091] systemd[1]: Mounting Debug File System...
         Mounting Debug File System...
[   15.349550] systemd[1]: Starting Create list of required static device nodes for the current kernel...
         Starting Create list of required st... nodes for the current kernel...
[   15.393120] systemd[1]: Starting Load Kernel Modules...
         Starting Load Kernel Modules...
[   15.405950] systemd[1]: Starting Nameserver information manager...
         Starting Nameserver information manager...
[   15.410658] systemd[1]: Starting Journal Service...
         Starting Journal Service...
[   15.416036] systemd[1]: Mounting POSIX Message Queue File System...
         Mounting POSIX Message Queue File System...
[   15.428672] systemd[1]: Starting Uncomplicated firewall...
         Starting Uncomplicated firewall...
[   15.436265] systemd[1]: Starting Monitoring of LVM2 mirrors, snapshots etc. using dmeventd or progress polling...
         Starting Monitoring of LVM2 mirrors... dmeventd or progress polling...
[   15.443412] systemd[1]: Mounted Debug File System.
[[0;32m  OK  [0m] Mounted Debug File System.
[   15.447396] systemd[1]: Mounted POSIX Message Queue File System.
[[0;32m  OK  [0m] Mounted POSIX Message Queue File System.
[   15.448942] systemd[1]: Mounted Huge Pages File System.
[[0;32m  OK  [0m] Mounted Huge Pages File System.
[   15.451857] systemd[1]: Started Remount Root and Kernel File Systems.
[[0;32m  OK  [0m] Started Remount Root and Kernel File Systems.
[   15.459220] systemd[1]: Started Set console keymap.
[[0;32m  OK  [0m] Started Set console keymap.
[   15.465201] systemd[1]: Started Create list of required static device nodes for the current kernel.
[[0;32m  OK  [0m] Started Create list of required sta...ce nodes for the current kernel.
[   15.503485] systemd[1]: Starting Create Static Device Nodes in /dev...
         Starting Create Static Device Nodes in /dev...
[   15.518865] systemd[1]: Starting Load/Save Random Seed...
         Starting Load/Save Random Seed...
[   15.524121] systemd[1]: Starting Initial cloud-init job (pre-networking)...
         Starting Initial cloud-init job (pre-networking)...
[   15.552047] Loading iSCSI transport class v2.0-870.
[   15.609125] systemd[1]: Starting udev Coldplug all Devices...
         Starting udev Coldplug all Devices...
[   15.618432] systemd[1]: Started Uncomplicated firewall.
[[0;32m  OK  [0m] Started Uncomplicated firewall.
[   15.625985] systemd[1]: Started Nameserver information manager.
[[0;32m  OK  [0m] Started Nameserver information manager.
[   15.633032] systemd[1]: Started Load/Save Random Seed.
[[0;32m  OK  [0m] Started Load/Save Random Seed.
[   15.651026] iscsi: registered transport (tcp)
[   15.859613] systemd[1]: Started udev Coldplug all Devices.
[[0;32m  OK  [0m] Started udev Coldplug all Devices.
[   16.005121] systemd[1]: Started LVM2 metadata daemon.
[[0;32m  OK  [0m] Started LVM2 metadata daemon.
[   16.164806] systemd[1]: Started Journal Service.
[[0;32m  OK  [0m] Started Journal Service.
[   16.327731] iscsi: registered transport (iser)
         Starting Flush Journal to Persistent Storage...
[[0;32m  OK  [0m] Started Load Kernel Modules.
         Mounting FUSE Control File System...
         Starting Apply Kernel Variables...
[[0;32m  OK  [0m] Mounted FUSE Control File System.
[   16.499387] systemd-journald[425]: Received request to flush runtime journal from PID 1
[[0;32m  OK  [0m] Started Monitoring of LVM2 mirrors,...ng dmeventd or progress polling.
[[0;32m  OK  [0m] Started Flush Journal to Persistent Storage.
[[0;32m  OK  [0m] Started Apply Kernel Variables.
[[0;32m  OK  [0m] Started Create Static Device Nodes in /dev.
         Starting udev Kernel Device Manager...
[[0;32m  OK  [0m] Started udev Kernel Device Manager.
[[0;32m  OK  [0m] Reached target Local File Systems (Pre).
[[0;32m  OK  [0m] Reached target Local File Systems.
         Starting Commit a transient machine-id on disk...
         Starting Tell Plymouth To Write Out Runtime Data...
         Starting Set console font and keymap...
         Starting LSB: AppArmor initialization...
         Starting Create Volatile Files and Directories...
[[0;32m  OK  [0m] Started Dispatch Password Requests to Console Directory Watch.
[[0;32m  OK  [0m] Started Commit a transient machine-id on disk.
[[0;32m  OK  [0m] Started Tell Plymouth To Write Out Runtime Data.
[[0;32m  OK  [0m] Started Create Volatile Files and Directories.
[[0;32m  OK  [0m] Reached target System Time Synchronized.
         Starting Update UTMP about System Boot/Shutdown...
[[0;32m  OK  [0m] Started Update UTMP about System Boot/Shutdown.
[[0;32m  OK  [0m] Found device /dev/ttyS0.
[[0;32m  OK  [0m] Listening on Load/Save RF Kill Switch Status /dev/rfkill Watch.
[[0;32m  OK  [0m] Started LSB: AppArmor initialization.
[[0;32m  OK  [0m] Started Set console font and keymap.
[[0;32m  OK  [0m] Created slice system-getty.slice.
[   20.080878] cloud-init[444]: Cloud-init v. 0.7.9 running 'init-local' at Wed, 26 Apr 2017 23:56:20 +0000. Up 19.56 seconds.
[[0;32m  OK  [0m] Started Initial cloud-init job (pre-networking).
[[0;32m  OK  [0m] Reached target Network (Pre).
         Starting Raise network interfaces...
[[0;32m  OK  [0m] Started Raise network interfaces.
         Starting Initial cloud-init job (metadata service crawler)...
[[0;32m  OK  [0m] Reached target Network.
[   22.450626] cloud-init[1059]: Cloud-init v. 0.7.9 running 'init' at Wed, 26 Apr 2017 23:56:22 +0000. Up 20.81 seconds.
[   22.478963] cloud-init[1059]: ci-info: ++++++++++++++++++++++++++++++++++++++Net device info++++++++++++++++++++++++++++++++++++++
[   22.480332] cloud-init[1059]: ci-info: +--------+-------+----------------------------+---------------+-------+-------------------+
[   22.481657] cloud-init[1059]: ci-info: | Device |   Up  |          Address           |      Mask     | Scope |     Hw-Address    |
[   22.482946] cloud-init[1059]: ci-info: +--------+-------+----------------------------+---------------+-------+-------------------+
[   22.484268] cloud-init[1059]: ci-info: | enp0s8 | False |             .              |       .       |   .   | 08:00:27:21:e2:94 |
[   22.492211] cloud-init[1059]: ci-info: | enp0s3 |  True |         10.0.2.15          | 255.255.255.0 |   .   | 02:43:fc:58:af:9d |
[   22.492329] cloud-init[1059]: ci-info: | enp0s3 |  True | fe80::43:fcff:fe58:af9d/64 |       .       |  link | 02:43:fc:58:af:9d |
[[0;32m  OK  [0m] Started Initial cloud-init job (metadata service crawler).
[   22.492407] cloud-init[1059]: ci-info: |   lo   |  True |         127.0.0.1          |   255.0.0.0   |   .   |         .         |
[   22.522938] cloud-init[1059]: ci-info: |   lo   |  True |          ::1/128           |       .       |  host |         .         |
[   22.536915] cloud-init[1059]: ci-info: +--------+-------+----------------------------+---------------+-------+-------------------+
[   22.537164] cloud-init[1059]: ci-info: +++++++++++++++++++++++++++Route IPv4 info++++++++++++++++++++++++++++
[   22.537286] cloud-init[1059]: ci-info: +-------+-------------+----------+---------------+-----------+-------+
[   22.537406] cloud-init[1059]: ci-info: | Route | Destination | Gateway  |    Genmask    | Interface | Flags |
[   22.537535] cloud-init[1059]: ci-info: +-------+-------------+----------+---------------+-----------+-------+
[   22.537648] cloud-init[1059]: ci-info: |   0   |   0.0.0.0   | 10.0.2.2 |    0.0.0.0    |   enp0s3  |   UG  |
[   22.537772] cloud-init[1059]: ci-info: |   1   |   10.0.2.0  | 0.0.0.0  | 255.255.255.0 |   enp0s3  |   U   |
[   22.537891] cloud-init[1059]: ci-info: +-------+-------------+----------+---------------+-----------+-------+
[   22.538030] cloud-init[1059]: Generating public/private rsa key pair.
[   22.538135] cloud-init[1059]: Your identification has been saved in /etc/ssh/ssh_host_rsa_key.
[   22.538254] cloud-init[1059]: Your public key has been saved in /etc/ssh/ssh_host_rsa_key.pub.
[   22.538379] cloud-init[1059]: The key fingerprint is:
[   22.538498] cloud-init[1059]: SHA256:d9AvqhmbRZ+QZxtqmdcTTWexcTIx0ggM84lcMtkWEQw root@ubuntu-xenial
[   22.538624] cloud-init[1059]: The key's randomart image is:
[   22.538742] cloud-init[1059]: +---[RSA 2048]----+
[   22.538862] cloud-init[1059]: |        EB*=.o=+.|
[   22.538983] cloud-init[1059]: |       ..B=o...+=|
[   22.539103] cloud-init[1059]: |        o.+ .  .+|
[   22.539224] cloud-init[1059]: |           o . +.|
[[0;32m  OK  [0m] Reached target System Initialization.
[[   22.539346] cloud-init[1059]: |        S = * o .|
[   22.998426] cloud-init[1059]: |         o @ * . |
[   22.998463] cloud-init[1059]: |        . B = o  |
[   22.998552] cloud-init[1059]: |         O .   . |
[0;32m  OK  [0m] Started Daily Cleanup of Temporary Directories.
[   22.998633] cloud-init[1059]: |        =        |
[[   23.001825] cloud-init[1059]: +----[SHA256]-----+
[   23.001917] cloud-init[1059]: Generating public/private dsa key pair.
[   23.002037] cloud-init[1059]: Your identification has been saved in /etc/ssh/ssh_host_dsa_key.
[   23.002160] cloud-init[1059]: Your public key has been saved in /etc/ssh/ssh_host_dsa_key.pub.
[   23.002280] cloud-init[1059]: The key fingerprint is:
[   23.002400] cloud-init[1059]: SHA256:LMKQxbv7/KCJiwXiWjvLMwrlplabI5pi8WugWYeFNbk root@ubuntu-xenial
[   23.002522] cloud-init[1059]: The key's randomart image is:
[   23.002648] cloud-init[1059]: +---[DSA 1024]----+
[   23.002766] cloud-init[1059]: |   ...           |
[   23.002886] cloud-init[1059]: |   o=            |
[   23.003007] cloud-init[1059]: |  oo +           |
[   23.003128] cloud-init[1059]: |  .oE  .         |
[   23.003248] cloud-init[1059]: |o .oo.. S        |
[   23.003369] cloud-init[1059]: |o*o.o. .         |
[   23.003489] cloud-init[1059]: |o+X.o..          |
[   23.003611] cloud-init[1059]: |*%+O.+ .         |
[   23.003732] cloud-init[1059]: |%.OB=.o..        |
[   23.003859] cloud-init[1059]: +----[SHA256]-----+
[   23.003977] cloud-init[1059]: Generating public/private ecdsa key pair.
[   23.004227] cloud-init[1059]: Your identification has been saved in /etc/ssh/ssh_host_ecdsa_key.
[   23.004346] cloud-init[1059]: Your public key has been saved in /etc/ssh/ssh_host_ecdsa_key.pub.
[   23.004465] cloud-init[1059]: The key fingerprint is:
[   23.004586] cloud-init[1059]: SHA256:eTd2UOtkQ1ukpI3h9x/Dzonjznxv20oOTsJ47EVtVPw root@ubuntu-xenial
[   23.004706] cloud-init[1059]: The key's randomart image is:
[   23.004953] cloud-init[1059]: +---[ECDSA 256]---+
[   23.005075] cloud-init[1059]: |            . +o+|
[   23.005193] cloud-init[1059]: |           . O *.|
[   23.005316] cloud-init[1059]: |            = @ .|
[   23.005435] cloud-init[1059]: |         .   O.oE|
[   23.005560] cloud-init[1059]: |        S . = =+.|
[   23.005679] cloud-init[1059]: |         = + ++ =|
[   23.005799] cloud-init[1059]: |        . = +o.+.|
[   23.005920] cloud-init[1059]: |         o =++..o|
[   23.006041] cloud-init[1059]: |          . o=++=|
[   23.006161] cloud-init[1059]: +----[SHA256]-----+
[   23.006283] cloud-init[1059]: Generating public/private ed25519 key pair.
[   23.006404] cloud-init[1059]: Your identification has been saved in /etc/ssh/ssh_host_ed25519_key.
[   23.006523] cloud-init[1059]: Your public key has been saved in /etc/ssh/ssh_host_ed25519_key.pub.
[   23.006645] cloud-init[1059]: The key fingerprint is:
[   23.006764] cloud-init[1059]: SHA256:NIjGlRxaXsmI6dvBppxN9Mx9aXi/l8sca8WRbp8xEbg root@ubuntu-xenial
[   23.007012] cloud-init[1059]: The key's randomart image is:
[   23.007134] cloud-init[1059]: +--[ED25519 256]--+
[   23.007249] cloud-init[1059]: |     ++=..    .  |
[   23.007371] cloud-init[1059]: |   .o*=oo    . . |
[   23.007490] cloud-init[1059]: |   .=oo+o. . .. o|
[   23.007611] cloud-init[1059]: |   .. =.+.o =E + |
[   23.007733] cloud-init[1059]: |   . O .S  + ...o|
[   23.007853] cloud-init[1059]: |    = o       .=o|
[   23.007974] cloud-init[1059]: |              .oB|
[   23.008224] cloud-init[1059]: |              ++=|
[   23.008536] cloud-init[1059]: |              .*.|
[   23.008590] cloud-init[1059]: +----[SHA256]-----+
[0;32m  OK  [0m] Started Timer to automatically refresh installed snaps.
[[0;32m  OK  [0m] Started Trigger resolvconf update for networkd DNS.
[[0;32m  OK  [0m] Started Daily apt activities.
[[0;32m  OK  [0m] Reached target Timers.
         Starting LXD - unix socket.
         Starting Socket activation for snappy daemon.
[[0;32m  OK  [0m] Listening on D-Bus System Message Bus Socket.
[[0;32m  OK  [0m] Started ACPI Events Check.
[[0;32m  OK  [0m] Reached target Paths.
[[0;32m  OK  [0m] Listening on UUID daemon activation socket.
[[0;32m  OK  [0m] Listening on ACPID Listen Socket.
[[0;32m  OK  [0m] Reached target Network is Online.
         Starting iSCSI initiator daemon (iscsid)...
[[0;32m  OK  [0m] Reached target Cloud-config availability.
[[0;32m  OK  [0m] Listening on LXD - unix socket.
[[0;32m  OK  [0m] Listening on Socket activation for snappy daemon.
[[0;32m  OK  [0m] Reached target Sockets.
[[0;32m  OK  [0m] Reached target Basic System.
         Starting LSB: MD monitoring daemon...
         Starting Accounts Service...
[[0;32m  OK  [0m] Started FUSE filesystem for LXC.
         Starting /etc/rc.local Compatibility...
         Starting LSB: Record successful boot for GRUB...
[[0;32m  OK  [0m] Started Snappy daemon.
         Starting Auto import assertions from block devices...
         Starting System Logging Service...
         Starting Login Service...
[[0;32m  OK  [0m] Started Regular background program processing daemon.
[[0;32m  OK  [0m] Started Deferred execution scheduler.
[[0;32m  OK  [0m] Started D-Bus System Message Bus.
         Starting Pollinate to seed the pseudo random number generator...
[[0;32m  OK  [0m] Started ACPI event daemon.
         Starting Apply the settings specified in cloud-config...
         Starting LXD - container startup/shutdown...
[[0;32m  OK  [0m] Started System Logging Service.
[[0;32m  OK  [0m] Started iSCSI initiator daemon (iscsid).
[[0;32m  OK  [0m] Started /etc/rc.local Compatibility.
[[0;32m  OK  [0m] Started Auto import assertions from block devices.
         Starting Login to default iSCSI targets...
[[0;32m  OK  [0m] Started Login Service.
[[0;32m  OK  [0m] Started LSB: Record successful boot for GRUB.
         Starting Authenticate and Authorize Users to Run Privileged Tasks...
[[0;32m  OK  [0m] Started LSB: MD monitoring daemon.
[[0;32m  OK  [0m] Started Login to default iSCSI targets.
[[0;32m  OK  [0m] Reached target Remote File Systems (Pre).
[[0;32m  OK  [0m] Reached target Remote File Systems.
         Starting Permit User Sessions...
         Starting LSB: daemon to balance interrupts for SMP systems...
         Starting LSB: Set the CPU Frequency Scaling governor to "ondemand"...
         Starting LSB: automatic crash report generation...
         Starting LSB: VirtualBox Linux Additions...
[[0;32m  OK  [0m] Started LSB: Set the CPU Frequency Scaling governor to "ondemand".
[[0;32m  OK  [0m] Started Permit User Sessions.
         Starting Terminate Plymouth Boot Screen...
         Starting Hold until boot process finishes up...
[[0;32m  OK  [0m] Started Terminate Plymouth Boot Screen.
[[0;32m  OK  [0m] Started Hold until boot process finishes up.
[[0;32m  OK  [0m] Started Serial Getty on ttyS0.
         Starting Set console scheme...
[[0;32m  OK  [0m] Started Getty on tty1.
[[0;32m  OK  [0m] Reached target Login Prompts.
[[0;32m  OK  [0m] Started Set console scheme.
[[0;32m  OK  [0m] Started LSB: automatic crash report generation.
[[0;32m  OK  [0m] Started Authenticate and Authorize Users to Run Privileged Tasks.
[[0;32m  OK  [0m] Started Accounts Service.
[[0;32m  OK  [0m] Started LSB: daemon to balance interrupts for SMP systems.
[   26.042894] cloud-init[1207]: Generating locales (this might take a while)...
[[0;32m  OK  [0m] Started LSB: VirtualBox Linux Additions.
[[0;32m  OK  [0m] Started LXD - container startup/shutdown.
[   27.920976] cloud-init[1207]:   en_US.UTF-8... done
[   27.932362] cloud-init[1207]: Generation complete.
[[0;32m  OK  [0m] Stopped OpenBSD Secure Shell server.
         Starting OpenBSD Secure Shell server...
[[0;32m  OK  [0m] Started OpenBSD Secure Shell server.
[[0;32m  OK  [0m] Created slice User Slice of ubuntu.
         Starting User Manager for UID 1000...
[[0;32m  OK  [0m] Started Session 1 of user ubuntu.
[[0;32m  OK  [0m] Started User Manager for UID 1000.
[[0;32m  OK  [0m] Started Pollinate to seed the pseudo random number generator.
[[0;32m  OK  [0m] Reached target Multi-User System.
[[0;32m  OK  [0m] Reached target Graphical Interface.
         Starting Update UTMP about System Runlevel Changes...
[[0;32m  OK  [0m] Started Update UTMP about System Runlevel Changes.
[   29.701354] cloud-init[1207]: Cloud-init v. 0.7.9 running 'modules:config' at Wed, 26 Apr 2017 23:56:26 +0000. Up 25.10 seconds.
[[0;32m  OK  [0m] Started Apply the settings specified in cloud-config.
         Starting Execute cloud user/final scripts...
ci-info: no authorized ssh keys fingerprints found for user ubuntu.
<14>Apr 26 23:56:31 ec2: 
<14>Apr 26 23:56:31 ec2: #############################################################
<14>Apr 26 23:56:31 ec2: -----BEGIN SSH HOST KEY FINGERPRINTS-----
<14>Apr 26 23:56:31 ec2: 1024 SHA256:LMKQxbv7/KCJiwXiWjvLMwrlplabI5pi8WugWYeFNbk root@ubuntu-xenial (DSA)
<14>Apr 26 23:56:31 ec2: 256 SHA256:eTd2UOtkQ1ukpI3h9x/Dzonjznxv20oOTsJ47EVtVPw root@ubuntu-xenial (ECDSA)
<14>Apr 26 23:56:31 ec2: 256 SHA256:NIjGlRxaXsmI6dvBppxN9Mx9aXi/l8sca8WRbp8xEbg root@ubuntu-xenial (ED25519)
<14>Apr 26 23:56:31 ec2: 2048 SHA256:d9AvqhmbRZ+QZxtqmdcTTWexcTIx0ggM84lcMtkWEQw root@ubuntu-xenial (RSA)
<14>Apr 26 23:56:31 ec2: -----END SSH HOST KEY FINGERPRINTS-----
<14>Apr 26 23:56:31 ec2: #############################################################
-----BEGIN SSH HOST KEY KEYS-----
ecdsa-sha2-nistp256 AAAAE2VjZHNhLXNoYTItbmlzdHAyNTYAAAAIbmlzdHAyNTYAAABBBPZws/c07QUPGinsbL5sghnbYXKUdY2Ihe0te+vI9RJqns5IxlMvc2/ifLpB1TVuYO4C341D5JJoNs4b3YM657M= root@ubuntu-xenial
ssh-ed25519 AAAAC3NzaC1lZDI1NTE5AAAAIN4M1ZD9EqluQefn4OdYZAUZ4rNBs5ZgK8djTInAJuUs root@ubuntu-xenial
ssh-rsa AAAAB3NzaC1yc2EAAAADAQABAAABAQCg/5uO0nMbB4h+vXpBJizQ1WNBouXXoEkuQtLaReqNcHLuG9rF5J8/xsZax555CcJ27K5B44jv4UmYaCzKSy1Fj9MDGkWlbM40uE3AHcWn8I+SybKspop0auUmVPCsEiNlgAscx9cp6iYjScrauVwpnPKBcBJitI4W7R8xCb9UGpGlr1qC6Om6OJN2LHMVYJVAW6kqJ8tSZu5mW1mZ7nElsNNfuVr5PnJJiOQ3rbu/T6YM4jSiHGMuIdIVqxJdtqqpQ8MvDOi38bIDGPUanYcopSEPDRuqJeDBAJIpUV2ozRh6ng2kYAgovOSk8BEMpI14RbwYDpl4Da10vDdW4MfN root@ubuntu-xenial
-----END SSH HOST KEY KEYS-----
[   30.395447] cloud-init[1484]: Cloud-init v. 0.7.9 running 'modules:final' at Wed, 26 Apr 2017 23:56:31 +0000. Up 30.02 seconds.
[   30.398135] cloud-init[1484]: ci-info: no authorized ssh keys fingerprints found for user ubuntu.
[   30.401675] cloud-init[1484]: Cloud-init v. 0.7.9 finished at Wed, 26 Apr 2017 23:56:31 +0000. Datasource DataSourceNoCloud [seed=/dev/sdb][dsmode=net].  Up 30.38 seconds
[[0;32m  OK  [0m] Started Execute cloud user/final scripts.
[[0;32m  OK  [0m] Reached target Cloud-init target.

Ubuntu 16.04.2 LTS ubuntu-xenial ttyS0

ubuntu-xenial login: [7395780252.199773] NMI watchdog: BUG: soft lockup - CPU#0 stuck for 4797s! [swapper/0:0]
[7395780252.199813] NMI watchdog: BUG: soft lockup - CPU#1 stuck for 4828s! [swapper/1:0]
