[    0.000000] Initializing cgroup subsys cpuset
[    0.000000] Initializing cgroup subsys cpu
[    0.000000] Initializing cgroup subsys cpuacct
[    0.000000] Linux version 4.4.0-66-generic (buildd@lgw01-28) (gcc version 5.4.0 20160609 (Ubuntu 5.4.0-6ubuntu1~16.04.4) ) #87-Ubuntu SMP Fri Mar 3 15:29:05 UTC 2017 (Ubuntu 4.4.0-66.87-generic 4.4.44)
[    0.000000] Command line: BOOT_IMAGE=/boot/vmlinuz-4.4.0-66-generic root=LABEL=cloudimg-rootfs ro console=tty1 console=ttyS0
[    0.000000] KERNEL supported cpus:
[    0.000000]   Intel GenuineIntel
[    0.000000]   AMD AuthenticAMD
[    0.000000]   Centaur CentaurHauls
[    0.000000] x86/fpu: xstate_offset[2]:  576, xstate_sizes[2]:  256
[    0.000000] x86/fpu: Supporting XSAVE feature 0x01: 'x87 floating point registers'
[    0.000000] x86/fpu: Supporting XSAVE feature 0x02: 'SSE registers'
[    0.000000] x86/fpu: Supporting XSAVE feature 0x04: 'AVX registers'
[    0.000000] x86/fpu: Enabled xstate features 0x7, context size is 832 bytes, using 'standard' format.
[    0.000000] x86/fpu: Using 'lazy' FPU context switches.
[    0.000000] e820: BIOS-provided physical RAM map:
[    0.000000] BIOS-e820: [mem 0x0000000000000000-0x000000000009fbff] usable
[    0.000000] BIOS-e820: [mem 0x000000000009fc00-0x000000000009ffff] reserved
[    0.000000] BIOS-e820: [mem 0x00000000000f0000-0x00000000000fffff] reserved
[    0.000000] BIOS-e820: [mem 0x0000000000100000-0x000000003ffeffff] usable
[    0.000000] BIOS-e820: [mem 0x000000003fff0000-0x000000003fffffff] ACPI data
[    0.000000] BIOS-e820: [mem 0x00000000fec00000-0x00000000fec00fff] reserved
[    0.000000] BIOS-e820: [mem 0x00000000fee00000-0x00000000fee00fff] reserved
[    0.000000] BIOS-e820: [mem 0x00000000fffc0000-0x00000000ffffffff] reserved
[    0.000000] NX (Execute Disable) protection: active
[    0.000000] SMBIOS 2.5 present.
[    0.000000] Hypervisor detected: KVM
[    0.000000] e820: last_pfn = 0x3fff0 max_arch_pfn = 0x400000000
[    0.000000] MTRR: Disabled
[    0.000000] x86/PAT: MTRRs disabled, skipping PAT initialization too.
[    0.000000] x86/PAT: Configuration [0-7]: WB  WT  UC- UC  WB  WT  UC- UC  
[    0.000000] CPU MTRRs all blank - virtualized system.
[    0.000000] found SMP MP-table at [mem 0x0009fff0-0x0009ffff] mapped at [ffff88000009fff0]
[    0.000000] Scanning 1 areas for low memory corruption
[    0.000000] RAMDISK: [mem 0x36ac8000-0x3755bfff]
[    0.000000] ACPI: Early table checksum verification disabled
[    0.000000] ACPI: RSDP 0x00000000000E0000 000024 (v02 VBOX  )
[    0.000000] ACPI: XSDT 0x000000003FFF0030 00003C (v01 VBOX   VBOXXSDT 00000001 ASL  00000061)
[    0.000000] ACPI: FACP 0x000000003FFF00F0 0000F4 (v04 VBOX   VBOXFACP 00000001 ASL  00000061)
[    0.000000] ACPI: DSDT 0x000000003FFF0470 0021C8 (v02 VBOX   VBOXBIOS 00000002 INTL 20160108)
[    0.000000] ACPI: FACS 0x000000003FFF0200 000040
[    0.000000] ACPI: FACS 0x000000003FFF0200 000040
[    0.000000] ACPI: APIC 0x000000003FFF0240 00005C (v02 VBOX   VBOXAPIC 00000001 ASL  00000061)
[    0.000000] ACPI: SSDT 0x000000003FFF02A0 0001CC (v01 VBOX   VBOXCPUT 00000002 INTL 20160108)
[    0.000000] No NUMA configuration found
[    0.000000] Faking a node at [mem 0x0000000000000000-0x000000003ffeffff]
[    0.000000] NODE_DATA(0) allocated [mem 0x3ffeb000-0x3ffeffff]
[    0.000000] kvm-clock: Using msrs 4b564d01 and 4b564d00
[    0.000000] kvm-clock: cpu 0, msr 0:3ffe3001, primary cpu clock
[    0.000000] kvm-clock: using sched offset of 3251285452 cycles
[    0.000000] clocksource: kvm-clock: mask: 0xffffffffffffffff max_cycles: 0x1cd42e4dffb, max_idle_ns: 881590591483 ns
[    0.000000] Zone ranges:
[    0.000000]   DMA      [mem 0x0000000000001000-0x0000000000ffffff]
[    0.000000]   DMA32    [mem 0x0000000001000000-0x000000003ffeffff]
[    0.000000]   Normal   empty
[    0.000000]   Device   empty
[    0.000000] Movable zone start for each node
[    0.000000] Early memory node ranges
[    0.000000]   node   0: [mem 0x0000000000001000-0x000000000009efff]
[    0.000000]   node   0: [mem 0x0000000000100000-0x000000003ffeffff]
[    0.000000] Initmem setup node 0 [mem 0x0000000000001000-0x000000003ffeffff]
[    0.000000] ACPI: PM-Timer IO Port: 0x4008
[    0.000000] IOAPIC[0]: apic_id 2, version 32, address 0xfec00000, GSI 0-23
[    0.000000] ACPI: INT_SRC_OVR (bus 0 bus_irq 0 global_irq 2 dfl dfl)
[    0.000000] ACPI: INT_SRC_OVR (bus 0 bus_irq 9 global_irq 9 high level)
[    0.000000] Using ACPI (MADT) for SMP configuration information
[    0.000000] smpboot: Allowing 2 CPUs, 0 hotplug CPUs
[    0.000000] PM: Registered nosave memory: [mem 0x00000000-0x00000fff]
[    0.000000] PM: Registered nosave memory: [mem 0x0009f000-0x0009ffff]
[    0.000000] PM: Registered nosave memory: [mem 0x000a0000-0x000effff]
[    0.000000] PM: Registered nosave memory: [mem 0x000f0000-0x000fffff]
[    0.000000] e820: [mem 0x40000000-0xfebfffff] available for PCI devices
[    0.000000] Booting paravirtualized kernel on KVM
[    0.000000] clocksource: refined-jiffies: mask: 0xffffffff max_cycles: 0xffffffff, max_idle_ns: 7645519600211568 ns
[    0.000000] setup_percpu: NR_CPUS:512 nr_cpumask_bits:512 nr_cpu_ids:2 nr_node_ids:1
[    0.000000] PERCPU: Embedded 33 pages/cpu @ffff88003fc00000 s98264 r8192 d28712 u1048576
[    0.000000] PV qspinlock hash table entries: 256 (order: 0, 4096 bytes)
[    0.000000] Built 1 zonelists in Node order, mobility grouping on.  Total pages: 257913
[    0.000000] Policy zone: DMA32
[    0.000000] Kernel command line: BOOT_IMAGE=/boot/vmlinuz-4.4.0-66-generic root=LABEL=cloudimg-rootfs ro console=tty1 console=ttyS0
[    0.000000] PID hash table entries: 4096 (order: 3, 32768 bytes)
[    0.000000] Memory: 1001744K/1048120K available (8452K kernel code, 1293K rwdata, 3980K rodata, 1488K init, 1316K bss, 46376K reserved, 0K cma-reserved)
[    0.000000] SLUB: HWalign=64, Order=0-3, MinObjects=0, CPUs=2, Nodes=1
[    0.000000] Hierarchical RCU implementation.
[    0.000000] 	Build-time adjustment of leaf fanout to 64.
[    0.000000] 	RCU restricting CPUs from NR_CPUS=512 to nr_cpu_ids=2.
[    0.000000] RCU: Adjusting geometry for rcu_fanout_leaf=64, nr_cpu_ids=2
[    0.000000] NR_IRQS:33024 nr_irqs:440 16
[    0.000000] Console: colour VGA+ 80x25
[    0.000000] console [tty1] enabled
[    0.000000] console [ttyS0] enabled
[    0.000000] tsc: Detected 2494.224 MHz processor
[    0.441392] Calibrating delay loop (skipped) preset value.. 4988.44 BogoMIPS (lpj=9976896)
[    0.442520] pid_max: default: 32768 minimum: 301
[    0.443126] ACPI: Core revision 20150930
[    0.444433] ACPI: 2 ACPI AML tables successfully acquired and loaded
[    0.445360] Security Framework initialized
[    0.466973] Yama: becoming mindful.
[    0.467490] AppArmor: AppArmor initialized
[    0.468109] Dentry cache hash table entries: 131072 (order: 8, 1048576 bytes)
[    0.469143] Inode-cache hash table entries: 65536 (order: 7, 524288 bytes)
[    0.470356] Mount-cache hash table entries: 2048 (order: 2, 16384 bytes)
[    0.471167] Mountpoint-cache hash table entries: 2048 (order: 2, 16384 bytes)
[    0.472128] Initializing cgroup subsys io
[    0.472683] Initializing cgroup subsys memory
[    0.473325] Initializing cgroup subsys devices
[    0.473927] Initializing cgroup subsys freezer
[    0.474517] Initializing cgroup subsys net_cls
[    0.475113] Initializing cgroup subsys perf_event
[    0.475753] Initializing cgroup subsys net_prio
[    0.476393] Initializing cgroup subsys hugetlb
[    0.592541] Initializing cgroup subsys pids
[    0.681268] CPU: Physical Processor ID: 0
[    0.769286] CPU: Processor Core ID: 0
[    0.857750] mce: CPU supports 0 MCE banks
[    0.941127] Last level iTLB entries: 4KB 1024, 2MB 1024, 4MB 1024
[    1.023677] Last level dTLB entries: 4KB 1024, 2MB 1024, 4MB 1024, 1GB 4
[    1.070486] Freeing SMP alternatives memory: 32K (ffffffff820b9000 - ffffffff820c1000)
[    1.077979] ftrace: allocating 32123 entries in 126 pages
[    1.272889] smpboot: APIC(0) Converting physical 0 to logical package 0
[    1.444188] smpboot: Max logical packages: 1
[    1.553785] x2apic enabled
[    1.601855] Switched APIC routing to physical x2apic.
[    1.735393] ..TIMER: vector=0x30 apic1=0 pin1=2 apic2=-1 pin2=-1
[    2.009162] smpboot: CPU0: Intel(R) Core(TM) i7-4710HQ CPU @ 2.50GHz (family: 0x6, model: 0x3c, stepping: 0x3)
[    2.128295] Performance Events: unsupported p6 CPU model 60 no PMU driver, software events only.
[    2.130299] KVM setup paravirtual spinlock
[    2.132063] x86: Booting SMP configuration:
[    2.133001] .... node  #0, CPUs:      #1
[    2.133646] kvm-clock: cpu 1, msr 0:3ffe3041, secondary cpu clock
[    2.135060] mce: CPU supports 0 MCE banks
[    2.137468] x86: Booted up 1 node, 2 CPUs
[    2.194041] smpboot: Total of 2 processors activated (9976.89 BogoMIPS)
[    2.296659] devtmpfs: initialized
[    2.299095] evm: security.selinux
[    2.299588] evm: security.SMACK64
[    2.300073] evm: security.SMACK64EXEC
[    2.300587] evm: security.SMACK64TRANSMUTE
[    2.301172] evm: security.SMACK64MMAP
[    2.301694] evm: security.ima
[    2.302154] evm: security.capability
[    2.302818] clocksource: jiffies: mask: 0xffffffff max_cycles: 0xffffffff, max_idle_ns: 7645041785100000 ns
[    2.304132] pinctrl core: initialized pinctrl subsystem
[    2.304893] RTC time:  6:31:16, date: 04/30/17
[    2.306036] NET: Registered protocol family 16
[    2.317147] cpuidle: using governor ladder
[    2.329290] cpuidle: using governor menu
[    2.330039] PCCT header not found.
[    2.330777] ACPI: bus type PCI registered
[    2.331367] acpiphp: ACPI Hot Plug PCI Controller Driver version: 0.5
[    2.332197] PCI: Using configuration type 1 for base access
[    2.345472] ACPI: Added _OSI(Module Device)
[    2.346220] ACPI: Added _OSI(Processor Device)
[    2.346821] ACPI: Added _OSI(3.0 _SCP Extensions)
[    2.347445] ACPI: Added _OSI(Processor Aggregator Device)
[    2.348683] ACPI: Executed 1 blocks of module-level executable AML code
[    2.351075] ACPI: Interpreter enabled
[    2.356922] ACPI: (supports S0 S5)
[    2.357440] ACPI: Using IOAPIC for interrupt routing
[    2.358179] PCI: Using host bridge windows from ACPI; if necessary, use "pci=nocrs" and report a bug
[    2.361957] ACPI: PCI Root Bridge [PCI0] (domain 0000 [bus 00-ff])
[    2.362698] acpi PNP0A03:00: _OSC: OS supports [ASPM ClockPM Segments MSI]
[    2.363501] acpi PNP0A03:00: _OSC failed (AE_NOT_FOUND); disabling ASPM
[    2.364297] acpi PNP0A03:00: fail to add MMCONFIG information, can't access extended PCI configuration space under this bridge.
[    2.365890] PCI host bridge to bus 0000:00
[    2.366468] pci_bus 0000:00: root bus resource [io  0x0000-0x0cf7 window]
[    2.367256] pci_bus 0000:00: root bus resource [io  0x0d00-0xffff window]
[    2.368043] pci_bus 0000:00: root bus resource [mem 0x000a0000-0x000bffff window]
[    2.369127] pci_bus 0000:00: root bus resource [mem 0x40000000-0xffdfffff window]
[    2.370184] pci_bus 0000:00: root bus resource [bus 00-ff]
[    2.371937] pci 0000:00:01.1: legacy IDE quirk: reg 0x10: [io  0x01f0-0x01f7]
[    2.372755] pci 0000:00:01.1: legacy IDE quirk: reg 0x14: [io  0x03f6]
[    2.373581] pci 0000:00:01.1: legacy IDE quirk: reg 0x18: [io  0x0170-0x0177]
[    2.374401] pci 0000:00:01.1: legacy IDE quirk: reg 0x1c: [io  0x0376]
[    2.390545] pci 0000:00:07.0: quirk: [io  0x4000-0x403f] claimed by PIIX4 ACPI
[    2.394147] pci 0000:00:07.0: quirk: [io  0x4100-0x410f] claimed by PIIX4 SMB
[    2.403481] ACPI: PCI Interrupt Link [LNKA] (IRQs 5 9 10 *11)
[    2.411645] ACPI: PCI Interrupt Link [LNKB] (IRQs 5 9 10 *11)
[    2.564935] ACPI: PCI Interrupt Link [LNKC] (IRQs 5 9 *10 11)
[    2.590156] ACPI: PCI Interrupt Link [LNKD] (IRQs 5 *9 10 11)
[    2.591220] ACPI: Enabled 2 GPEs in block 00 to 07
[    2.701876] vgaarb: setting as boot device: PCI:0000:00:02.0
[    2.848759] vgaarb: device added: PCI:0000:00:02.0,decodes=io+mem,owns=io+mem,locks=none
[    3.061450] vgaarb: loaded
[    3.137487] vgaarb: bridge control possible 0000:00:02.0
[    3.169086] SCSI subsystem initialized
[    3.169756] ACPI: bus type USB registered
[    3.174476] usbcore: registered new interface driver usbfs
[    3.175185] usbcore: registered new interface driver hub
[    3.197374] usbcore: registered new device driver usb
[    3.239704] PCI: Using ACPI for IRQ routing
[    3.240496] NetLabel: Initializing
[    3.241030] NetLabel:  domain hash size = 128
[    3.241614] NetLabel:  protocols = UNLABELED CIPSOv4
[    3.242258] NetLabel:  unlabeled traffic allowed by default
[    3.243083] amd_nb: Cannot enumerate AMD northbridges
[    3.243752] clocksource: Switched to clocksource kvm-clock
[    3.250215] AppArmor: AppArmor Filesystem Enabled
[    3.252370] pnp: PnP ACPI init
[    3.253419] pnp: PnP ACPI: found 3 devices
[    3.262029] clocksource: acpi_pm: mask: 0xffffff max_cycles: 0xffffff, max_idle_ns: 2085701024 ns
[    3.264725] NET: Registered protocol family 2
[    3.269287] TCP established hash table entries: 8192 (order: 4, 65536 bytes)
[    3.270121] TCP bind hash table entries: 8192 (order: 5, 131072 bytes)
[    3.270932] TCP: Hash tables configured (established 8192 bind 8192)
[    3.271697] UDP hash table entries: 512 (order: 2, 16384 bytes)
[    3.272426] UDP-Lite hash table entries: 512 (order: 2, 16384 bytes)
[    3.273247] NET: Registered protocol family 1
[    3.273868] pci 0000:00:00.0: Limiting direct PCI/PCI transfers
[    3.274606] pci 0000:00:01.0: Activating ISA DMA hang workarounds
[    3.275804] Trying to unpack rootfs image as initramfs...
[    4.667973] Freeing initrd memory: 10832K (ffff880036ac8000 - ffff88003755c000)
[    4.816616] RAPL PMU detected, API unit is 2^-32 Joules, 4 fixed counters 10737418240 ms ovfl timer
[    4.819643] hw unit of domain pp0-core 2^-0 Joules
[    4.820318] hw unit of domain package 2^-0 Joules
[    4.820939] hw unit of domain dram 2^-0 Joules
[    4.821524] hw unit of domain pp1-gpu 2^-0 Joules
[    4.822217] platform rtc_cmos: registered platform RTC device (no PNP device found)
[    4.823279] Scanning for low memory corruption every 60 seconds
[    4.824542] futex hash table entries: 512 (order: 3, 32768 bytes)
[    4.825353] audit: initializing netlink subsys (disabled)
[    4.826037] audit: type=2000 audit(1493533880.878:1): initialized
[    4.826992] Initialise system trusted keyring
[    4.827775] HugeTLB registered 2 MB page size, pre-allocated 0 pages
[    4.829745] zbud: loaded
[    4.830449] VFS: Disk quotas dquot_6.6.0
[    4.831024] VFS: Dquot-cache hash table entries: 512 (order 0, 4096 bytes)
[    4.832051] squashfs: version 4.0 (2009/01/31) Phillip Lougher
[    4.833094] fuse init (API version 7.23)
[    4.833828] Key type big_key registered
[    4.834398] Allocating IMA MOK and blacklist keyrings.
[    4.836235] Key type asymmetric registered
[    4.836824] Asymmetric key parser 'x509' registered
[    4.837502] Block layer SCSI generic (bsg) driver version 0.4 loaded (major 249)
[    4.838588] io scheduler noop registered
[    4.839148] io scheduler deadline registered (default)
[    4.839855] io scheduler cfq registered
[    4.840474] pci_hotplug: PCI Hot Plug PCI Core version: 0.5
[    4.841187] pciehp: PCI Express Hot Plug Controller Driver version: 0.4
[    4.842060] ACPI: AC Adapter [AC] (on-line)
[    4.842668] input: Power Button as /devices/LNXSYSTM:00/LNXPWRBN:00/input/input0
[    4.843667] ACPI: Power Button [PWRF]
[    4.844288] input: Sleep Button as /devices/LNXSYSTM:00/LNXSLPBN:00/input/input1
[    4.845332] ACPI: Sleep Button [SLPF]
[    4.846009] GHES: HEST is not enabled!
[    4.846481] ACPI: Battery Slot [BAT0] (battery present)
[    4.847362] Serial: 8250/16550 driver, 32 ports, IRQ sharing enabled
[    4.869395] 00:02: ttyS0 at I/O 0x3f8 (irq = 4, base_baud = 115200) is a 16550A
[    4.875002] Linux agpgart interface v0.103
[    4.878220] brd: module loaded
[    4.879881] loop: module loaded
[    4.880803] scsi host0: ata_piix
[    4.881416] scsi host1: ata_piix
[    4.881938] ata1: PATA max UDMA/33 cmd 0x1f0 ctl 0x3f6 bmdma 0xd000 irq 14
[    4.882737] ata2: PATA max UDMA/33 cmd 0x170 ctl 0x376 bmdma 0xd008 irq 15
[    4.884703] libphy: Fixed MDIO Bus: probed
[    4.885307] tun: Universal TUN/TAP device driver, 1.6
[    4.885942] tun: (C) 1999-2004 Max Krasnyansky <maxk@qualcomm.com>
[    4.886761] PPP generic driver version 2.4.2
[    4.887457] ehci_hcd: USB 2.0 'Enhanced' Host Controller (EHCI) Driver
[    4.888280] ehci-pci: EHCI PCI platform driver
[    4.888937] ehci-platform: EHCI generic platform driver
[    4.889617] ohci_hcd: USB 1.1 'Open' Host Controller (OHCI) Driver
[    4.890373] ohci-pci: OHCI PCI platform driver
[    4.890985] ohci-platform: OHCI generic platform driver
[    4.891640] uhci_hcd: USB Universal Host Controller Interface driver
[    4.892479] i8042: PNP: PS/2 Controller [PNP0303:PS2K,PNP0f03:PS2M] at 0x60,0x64 irq 1,12
[    4.893926] serio: i8042 KBD port at 0x60,0x64 irq 1
[    4.894580] serio: i8042 AUX port at 0x60,0x64 irq 12
[    4.895463] mousedev: PS/2 mouse device common for all mice
[    4.896523] input: AT Translated Set 2 keyboard as /devices/platform/i8042/serio0/input/input2
[    4.898029] rtc_cmos rtc_cmos: rtc core: registered rtc_cmos as rtc0
[    4.898854] rtc_cmos rtc_cmos: alarms up to one day, 114 bytes nvram
[    4.899629] i2c /dev entries driver
[    4.900248] device-mapper: uevent: version 1.0.3
[    4.900978] device-mapper: ioctl: 4.34.0-ioctl (2015-10-28) initialised: dm-devel@redhat.com
[    4.902094] ledtrig-cpu: registered to indicate activity on CPUs
[    4.903350] NET: Registered protocol family 10
[    4.904122] NET: Registered protocol family 17
[    4.904745] Key type dns_resolver registered
[    4.905530] microcode: CPU0 sig=0x306c3, pf=0x40, revision=0x0
[    4.906306] microcode: CPU1 sig=0x306c3, pf=0x40, revision=0x0
[    4.907106] microcode: Microcode Update Driver: v2.01 <tigran@aivazian.fsnet.co.uk>, Peter Oruba
[    4.908679] registered taskstats version 1
[    4.909262] Loading compiled-in X.509 certificates
[    4.910453] Loaded X.509 cert 'Build time autogenerated kernel key: 32ca4feee90b5cde51f5f8c0e024b22f8c679982'
[    4.911713] zswap: loaded using pool lzo/zbud
[    4.913835] Key type trusted registered
[    4.917535] Key type encrypted registered
[    4.918147] AppArmor: AppArmor sha1 policy hashing enabled
[    4.918860] ima: No TPM chip found, activating TPM-bypass!
[    4.919569] evm: HMAC attrs: 0x1
[    4.920478]   Magic number: 13:354:520
[    4.921129] rtc_cmos rtc_cmos: setting system clock to 2017-04-30 06:31:19 UTC (1493533879)
[    4.922408] BIOS EDD facility v0.16 2004-Jun-25, 0 devices found
[    4.923132] EDD information not available.
[    5.041102] Freeing unused kernel memory: 1488K (ffffffff81f45000 - ffffffff820b9000)
[    5.239075] Write protecting the kernel read-only data: 14336k
[    5.246852] Freeing unused kernel memory: 1776K (ffff880001844000 - ffff880001a00000)
[    5.248237] Freeing unused kernel memory: 116K (ffff880001de3000 - ffff880001e00000)
Loading, please wait...
starting version[    5.288800] random: systemd-udevd: uninitialized urandom read (16 bytes read, 2 bits of entropy available)
 229
[    5.289297] random: udevadm: uninitialized urandom read (16 bytes read, 2 bits of entropy available)
[    5.289326] random: udevadm: uninitialized urandom read (16 bytes read, 2 bits of entropy available)
[    5.289415] random: udevadm: uninitialized urandom read (16 bytes read, 2 bits of entropy available)
[    5.289446] random: udevadm: uninitialized urandom read (16 bytes read, 2 bits of entropy available)
[    5.289477] random: udevadm: uninitialized urandom read (16 bytes read, 2 bits of entropy available)
[    5.289507] random: udevadm: uninitialized urandom read (16 bytes read, 2 bits of entropy available)
[    5.289536] random: udevadm: uninitialized urandom read (16 bytes read, 2 bits of entropy available)
[    5.289563] random: udevadm: uninitialized urandom read (16 bytes read, 2 bits of entropy available)
[    5.289590] random: udevadm: uninitialized urandom read (16 bytes read, 2 bits of entropy available)
[    5.315551] e1000: Intel(R) PRO/1000 Network Driver - version 7.3.21-k8-NAPI
[    5.612243] e1000: Copyright (c) 1999-2006 Intel Corporation.
[    5.790736] Fusion MPT base driver 3.04.20
[    5.792676] Copyright (c) 1999-2008 LSI Corporation
[    5.796240] AVX version of gcm_enc/dec engaged.
[    5.796853] AES CTR mode by8 optimization enabled
[    5.802861] Fusion MPT SPI Host driver 3.04.20
[    5.819840] tsc: Refined TSC clocksource calibration: 2494.047 MHz
[    5.825912] clocksource: tsc: mask: 0xffffffffffffffff max_cycles: 0x23f34214206, max_idle_ns: 440795275089 ns
[    5.996223] input: ImExPS/2 Generic Explorer Mouse as /devices/platform/i8042/serio1/input/input4
[    6.110846] e1000 0000:00:03.0 eth0: (PCI:33MHz:32-bit) 02:43:fc:58:af:9d
[    6.337385] e1000 0000:00:03.0 eth0: Intel(R) PRO/1000 Network Connection
[    6.338937] mptbase: ioc0: Initiating bringup
[    6.404114] ioc0: LSI53C1030 A0: Capabilities={Initiator}
[    6.577950] scsi host2: ioc0: LSI53C1030 A0, FwRev=00000000h, Ports=1, MaxQ=256, IRQ=20
[    6.720265] scsi 2:0:0:0: Direct-Access     VBOX     HARDDISK         1.0  PQ: 0 ANSI: 5
[    6.933271] scsi target2:0:0: Beginning Domain Validation
[    6.934600] scsi target2:0:0: Domain Validation skipping write tests
[    6.935439] scsi target2:0:0: Ending Domain Validation
[    6.936239] scsi target2:0:0: asynchronous
[    6.937068] scsi 2:0:1:0: Direct-Access     VBOX     HARDDISK         1.0  PQ: 0 ANSI: 5
[    6.938271] scsi target2:0:1: Beginning Domain Validation
[    6.939489] scsi target2:0:1: Domain Validation skipping write tests
[    6.940360] scsi target2:0:1: Ending Domain Validation
[    6.941124] scsi target2:0:1: asynchronous
[    7.014774] sd 2:0:0:0: [sda] 20971520 512-byte logical blocks: (10.7 GB/10.0 GiB)
[    7.014856] sd 2:0:0:0: Attached scsi generic sg0 type 0
[    7.398789] sd 2:0:0:0: [sda] Write Protect is off
[    7.401472] sd 2:0:1:0: Attached scsi generic sg1 type 0
[    7.407523] sd 2:0:1:0: [sdb] 20480 512-byte logical blocks: (10.5 MB/10.0 MiB)
[    7.407589] sd 2:0:0:0: [sda] Incomplete mode parameter data
[    7.407590] sd 2:0:0:0: [sda] Assuming drive cache: write through
[    7.415923] sd 2:0:1:0: [sdb] Write Protect is off
[    7.421445] e1000 0000:00:08.0 eth1: (PCI:33MHz:32-bit) 08:00:27:3e:d1:d0
[    7.421449] e1000 0000:00:08.0 eth1: Intel(R) PRO/1000 Network Connection
[    7.831811]  sda: sda1
[    7.832518] e1000 0000:00:03.0 enp0s3: renamed from eth0
[    8.007665] sd 2:0:1:0: [sdb] Incomplete mode parameter data
[    8.008439] sd 2:0:1:0: [sdb] Assuming drive cache: write through
[    8.009450] sd 2:0:0:0: [sda] Attached SCSI disk
[    8.016247] e1000 0000:00:08.0 enp0s8: renamed from eth1
[    8.114341] sd 2:0:1:0: [sdb] Attached SCSI disk
[    8.811881] floppy0: no floppy controllers found
[    8.918601] work still pending
Begin: Loading e[   10.277828] md: linear personality registered for level -1
ssential drivers ... [   10.570644] md: multipath personality registered for level -4
[   10.591540] md: raid0 personality registered for level 0
[   10.594332] md: raid1 personality registered for level 1
[   10.678194] raid6: sse2x1   gen() 11540 MB/s
[   10.835868] raid6: sse2x1   xor()  8199 MB/s
[   11.078168] raid6: sse2x2   gen() 14666 MB/s
[   11.408151] raid6: sse2x2   xor()  9697 MB/s
[   11.703769] raid6: sse2x4   gen() 15371 MB/s
[   11.856526] raid6: sse2x4   xor() 10750 MB/s
[   11.918376] raid6: using algorithm sse2x4 gen() 15371 MB/s
[   11.919125] raid6: .... xor() 10750 MB/s, rmw enabled
[   11.919794] raid6: using ssse3x2 recovery algorithm
[   11.921863] xor: automatically using best checksumming function:
[   11.959766]    avx       : 20971.000 MB/sec
[   11.965322] async_tx: api initialized (async)
[   11.971304] md: raid6 personality registered for level 6
[   11.973444] md: raid5 personality registered for level 5
[   11.974140] md: raid4 personality registered for level 4
[   11.980163] md: raid10 personality registered for level 10
done.
Begin: Running /scripts/init-premount ... done.
Begin: Mounting root file system ... Begin: Running /scripts/local-top ... done.
Begin: Running /scripts/local-premount ... [   12.008428] Btrfs loaded
Scanning for Btrfs filesystems
done.
Warning: fsck not present, so skipping root file system
[   12.231756] EXT4-fs (sda1): mounted filesystem with ordered data mode. Opts: (null)
done.
Begin: Running /scripts/local-bottom ... done.
Begin: Running /scripts/init-bottom ... done.
[   22995522]]sssseedd11::sssseedd2299 running in system mode. (+PAM +AUDIT +SELINUX +IMA +APPARMOR +SMACK +SYSVINIT +UTMP +LIBCRYPTSETUP +GCRYPT +GNUTLS +ACL +XZ -LZ4 +SECCOMP +BLKID +ELFUTILS +KMOD -IDN)
[   13.295329] systemd[1]: Detected virtualization oracle.
[   13.296023] systemd[1]: Detected architecture x86-64.

Welcome to [1mUbuntu 16.04.2 LTS[0m!

[   1..661122  yyttmm[[]]  eet hostname to <ubuntu-xenial>.
[   13.911977] random:nnonblocking pool is initialized
[   44.789012] systemd[1]: Listening on /dev/initctl Compatibility Named Pipe.
[[0;32m  OK  [0m] Listening on /dev/initctl Compatibility Named Pipe.
[   14.819894] systemd[1]: Created slice System Slice.
[[0;32m  OK  [0m] Created slice System Slice.
[   14.821374] systemd[1]: Listening on Journal Audit Socket.
[[0;32m  OK  [0m] Listening on Journal Audit Socket.
[   14.823870] systemd[1]: Reached target Encrypted Volumes.
[[0;32m  OK  [0m] Reached target Encrypted Volumes.
[   14.826497] systemd[1]: Listening on Device-mapper event daemon FIFOs.
[[0;32m  OK  [0m] Listening on Device-mapper event daemon FIFOs.
[   14.829765] systemd[1]: Set up automount Arbitrary Executable File Formats File System Automount Point.
[[0;32m  OK  [0m] Set up automount Arbitrary Executab...ats File System Automount Point.
[   14.836952] systemd[1]: Listening on Syslog Socket.
[[0;32m  OK  [0m] Listening on Syslog Socket.
[   14.844517] systemd[1]: Listening on LVM2 poll daemon socket.
[[0;32m  OK  [0m] Listening on LVM2 poll daemon socket.
[   14.847522] systemd[1]: Listening on Journal Socket.
[[0;32m  OK  [0m] Listening on Journal Socket.
[   14.864045] systemd[1]: Starting Remount Root and Kernel File Systems...
         Starting Remount Root and Kernel File Systems...
[   14.879709] systemd[1]: Mounting POSIX Message Queue File System...
         Mounting POSIX Message Queue File System...
[   14.887857] systemd[1]: Mounting Debug File System...
         Mounting Debug File System...
[   14.897915] systemd[1]: Starting Set console keymap...
         Starting Set console keymap...
[   14.901895] systemd[1]: Reached target Swap.
[[0;32m  OK  [0m] Reached target Swap.
[   14.904615] systemd[1]: Listening on LVM2 metadata daemon socket.
[[0;32m  OK  [0m] Listening on LVM2 metadata daemon socket.
[   14.907777] systemd[1]: Listening on udev Control Socket.
[[0;32m  OK  [0m] Listening on udev Control Socket.
[   14.912472] systemd[1]: Created slice system-serial\x2dgetty.slice.
[[0;32m  OK  [0m] Created slice system-serial\x2dgetty.slice.
[   14.920644] systemd[1]: Reached target User and Group Name Lookups.
[[0;32m  OK  [0m] Reached target User and Group Name Lookups.
[   14.923912] systemd[1]: Created slice User and Session Slice.
[[0;32m  OK  [0m] Created slice User and Session Slice.
[   14.930629] systemd[1]: Reached target Slices.
[[0;32m  OK  [0m] Reached target Slices.
[   14.943909] systemd[1]: Starting Create list of required static device nodes for the current kernel...
         Starting Create list of required st... nodes for the current kernel...
[   14.951428] systemd[1]: Started Forward Password Requests to Wall Directory Watch.
[[0;32m  OK  [0m] Started Forward Password Requests to Wall Directory Watch.
[   14.987852] systemd[1]: Mounting Huge Pages File System...
         Mounting Huge Pages File System...
[   14.992728] systemd[1]: Starting Nameserver information manager...
         Starting Nameserver information manager...
[   15.028125] systemd[1]: Starting Load Kernel Modules...
         Starting Load Kernel Modules...
[   15.064171] EXT4-fs (sda1): re-mounted. Opts: (null)
[   15.296835] Loading iSCSI transport class v2.0-870.
[   15.440092] systemd[1]: Starting Uncomplicated firewall...
         Starting Uncomplicated firewall...
[   15.688191] systemd[1]: Listening on udev Kernel Socket.
[   15.856340] iscsi: registered transport (tcp)
[[0;32m  OK  [0m] Listening on udev Kernel Socket.
[   15.860090] systemd[1]: Listening on Journal Socket (/dev/log).
[[0;32m  OK  [0m] Listening on Journal Socket (/dev/log).
[   15.880065] systemd[1]: Starting Journal Service...
         Starting Journal Service...
[   66.000938] systemd[1]: Saartnn  Moiitoringoo  VVM2mmrrrors, nnpphhtt  tt..uusing dmevettd or progress pollnng...
         Starting Monitoring of LVM2 mirrors... dmeventd or progress polling...
[   16.899190] systemd[1]: Mounted Debug File System.
[[0;32m  OK  [0m] Mounted Debug File System.
[   16.923125] systemd[1]: Mounted POSIX Message Queue File System.
[[0;32m  OK  [0m] Mounted POSIX Message Queue File System.
[   16.936325] systemd[1]: Mounted Huge Pages File System.
[[0;32m  OK  [0m] Mounted Huge Pages File System.
[   16.938195] systemd[1]: Started Journal Service.
[[0;32m  OK  [0m] Started Journal Service.
[[0;32m  OK  [0m] Started Remount Root and Kernel File Systems.
[[0;32m  OK  [0m] Started Set console keymap.
[[0;32m  OK  [0m] Started Create list of required sta...ce nodes for the current kernel.
[   169944331] iscsi: registrrddttaassoort((iser
[[0;32m  OK  [0m] Started Load Kernel Modules.
[[0;32m  OK  [0m] Started Uncomplicated firewall.
[[0;32m  OK  [0m] Started Nameserver information manager.
[[0;32m  OK  [0m] Started LVM2 metadata daemon.
         Mounting FUSE Control File System...
         Starting Apply Kernel Variables...
         Starting Create Static Device Nodes in /dev...
         Starting udev Coldplug all Devices...
         Starting Initial cloud-init job (pre-networking)...
         Starting Load/Save Random Seed...
         Starting Flush Journal to Persistent Storage...
[[0;32m  OK  [0m] Mounted FUSE Control File System.
[[0;32m  OK  [0m] Started Monitoring of LVM2 mirrors,...ng dmeventd or progress polling.
[[0;32m  OK  [0m] Started Apply Kernel Variables.
[[0;32m  OK  [0m] Started Create Static Device Nodes in /dev.
[[0;32m  OK  [0m] Started Load/Save Random Seed.
[[0;32m  OK  [0m] Started udev Coldplug all Devices.
         Starting udev Kernel Device Manager...
[[0;32m  OK  [0m] Started Flush Journal to Persistent Storage.
[[0;32m  OK  [0m] Started udev Kernel Device Manager.
[[0;32m  OK  [0m] Reached target Local File Systems (Pre).
[[0;32m  OK  [0m] Reached target Local File Systems.
         Starting LSB: AppArmor initialization...
         Starting Create Volatile Files and Directories...
         Starting Set console font and keymap...
         Starting Tell Plymouth To Write Out Runtime Data...
[[0;32m  OK  [0m] Started Dispatch Password Requests to Console Directory Watch.
[[0;32m  OK  [0m] Found device /dev/ttyS0.
[[0;32m  OK  [0m] Started Create Volatile Files and Directories.
[[0;32m  OK  [0m] Started Tell Plymouth To Write Out Runtime Data.
[[0;32m  OK  [0m] Reached target System Time Synchronized.
         Starting Update UTMP about System Boot/Shutdown...
[[0;32m  OK  [0m] Started Update UTMP about System Boot/Shutdown.
[[0;32m  OK  [0m] Started Set console font and keymap.
[[0;32m  OK  [0m] Created slice system-getty.slice.
[[0;32m  OK  [0m] Found device 82540EM Gigabit Ethern...r (PRO/1000 MT Desktop Adapter).
[[0;32m  OK  [0m] Found device 82540EM Gigabit Ethern...r (PRO/1000 MT Desktop Adapter).
[[0;32m  OK  [0m] Listening on Load/Save RF Kill Switch Status /dev/rfkill Watch.
[[0;32m  OK  [0m] Started LSB: AppArmor initialization.
[   20.182207] cloud-init[465]: Cloud-init v. 0.7.9 running 'init-local' at Sun, 30 Apr 2017 06:31:37 +0000. Up 19.63 seconds.
[[0;32m  OK  [0m] Started Initial cloud-init job (pre-networking).
[[0;32m  OK  [0m] Reached target Network (Pre).
         Starting Raise network interfaces...
[[0;32m  OK  [0m] Started ifup for enp0s8.
[[0;32m  OK  [0m] Started ifup for enp0s3.
[[0;32m  OK  [0m] Started Raise network interfaces.
[[0;32m  OK  [0m] Reached target Network.
         Starting Initial cloud-init job (metadata service crawler)...
[   21.386090] cloud-init[1151]: Cloud-init v. 0.7.9 running 'init' at Sun, 30 Apr 2017 06:31:38 +0000. Up 20.83 seconds.
[   21.400107] cloud-init[1151]: ci-info: ++++++++++++++++++++++++++++++++++++++Net device info++++++++++++++++++++++++++++++++++++++
[   21.403666] cloud-init[1151]: ci-info: +--------+------+-----------------------------+---------------+-------+-------------------+
[   21.404913] cloud-init[1151]: ci-info: | Device |  Up  |           Address           |      Mask     | Scope |     Hw-Address    |
[   21.406115] cloud-init[1151]: ci-info: +--------+------+-----------------------------+---------------+-------+-------------------+
[   21.407261] cloud-init[1151]: ci-info: | enp0s8 | True |         192.168.1.2         | 255.255.255.0 |   .   | 08:00:27:3e:d1:d0 |
[   21.409520] cloud-init[1151]: ci-info: | enp0s8 | True | fe80::a00:27ff:fe3e:d1d0/64 |       .       |  link | 08:00:27:3e:d1:d0 |
[   21.411913] cloud-init[1151]: ci-info: | enp0s3 | True |          10.0.2.15          | 255.255.255.0 |   .   | 02:43:fc:58:af:9d |
[   21.413106] cloud-init[1151]: ci-info: | enp0s3 | True |  fe80::43:fcff:fe58:af9d/64 |       .       |  link | 02:43:fc:58:af:9d |
[   21.414231] cloud-init[1151]: ci-info: |   lo   | True |          127.0.0.1          |   255.0.0.0   |   .   |         .         |
[   21.415337] cloud-init[1151]: ci-info: |   lo   | True |           ::1/128           |       .       |  host |         .         |
[   21.416470] cloud-init[1151]: ci-info: +--------+------+-----------------------------+---------------+-------+-------------------+
[   21.417584] cloud-init[1151]: ci-info: +++++++++++++++++++++++++++Route IPv4 info++++++++++++++++++++++++++++
[   21.423025] cloud-init[1151]: ci-info: +-------+-------------+----------+---------------+-----------+-------+
[   21.426441] cloud-init[1151]: ci-info: | Route | Destination | Gateway  |    Genmask    | Interface | Flags |
[   21.428473] cloud-init[1151]: ci-info: +-------+-------------+----------+---------------+-----------+-------+
[   21.429683] cloud-init[1151]: ci-info: |   0   |   0.0.0.0   | 10.0.2.2 |    0.0.0.0    |   enp0s3  |   UG  |
[   21.430864] cloud-init[1151]: ci-info: |   1   |   10.0.2.0  | 0.0.0.0  | 255.255.255.0 |   enp0s3  |   U   |
[   21.433165] cloud-init[1151]: ci-info: |   2   | 192.168.1.0 | 0.0.0.0  | 255.255.255.0 |   enp0s8  |   U   |
[   21.434408] cloud-init[1151]: ci-info: +-------+-------------+----------+---------------+-----------+-------+
[[0;32m  OK  [0m] Started Initial cloud-init job (metadata service crawler).
[[0;32m  OK  [0m] Reached target System Initialization.
[[0;32m  OK  [0m] Listening on ACPID Listen Socket.
[[0;32m  OK  [0m] Listening on D-Bus System Message Bus Socket.
[[0;32m  OK  [0m] Started Daily Cleanup of Temporary Directories.
[[0;32m  OK  [0m] Started Timer to automatically refresh installed snaps.
[[0;32m  OK  [0m] Listening on UUID daemon activation socket.
         Starting Socket activation for snappy daemon.
         Starting LXD - unix socket.
[[0;32m  OK  [0m] Started Daily apt activities.
[[0;32m  OK  [0m] Reached target Timers.
[[0;32m  OK  [0m] Started ACPI Events Check.
[[0;32m  OK  [0m] Started Trigger resolvconf update for networkd DNS.
[[0;32m  OK  [0m] Reached target Paths.
[[0;32m  OK  [0m] Reached target Cloud-config availability.
[[0;32m  OK  [0m] Reached target Network is Online.
         Starting iSCSI initiator daemon (iscsid)...
[[0;32m  OK  [0m] Listening on Socket activation for snappy daemon.
[[0;32m  OK  [0m] Listening on LXD - unix socket.
[[0;32m  OK  [0m] Reached target Sockets.
[[0;32m  OK  [0m] Reached target Basic System.
[[0;32m  OK  [0m] Started Deferred execution scheduler.
         Starting LSB: Record successful boot for GRUB...
         Starting LXD - container startup/shutdown...
         Starting Accounts Service...
         Starting OpenBSD Secure Shell server...
         Starting A high performance web server and a reverse proxy server...
         Starting Login Service...
[[0;32m  OK  [0m] Started FUSE filesystem for LXC.
[[0;32m  OK  [0m] Started Regular background program processing daemon.
[[0;32m  OK  [0m] Started D-Bus System Message Bus.
[[0;32m  OK  [0m] Started ACPI event daemon.
         Starting Apply the settings specified in cloud-config...
         Starting System Logging Service...
         Starting LSB: MD monitoring daemon...
[[0;32m  OK  [0m] Started Snappy daemon.
         Starting Auto import assertions from block devices...
         Starting /etc/rc.local Compatibility...
[[0;32m  OK  [0m] Started OpenBSD Secure Shell server.
[[0;32m  OK  [0m] Started iSCSI initiator daemon (iscsid).
[[0;32m  OK  [0m] Started Auto import assertions from block devices.
[[0;32m  OK  [0m] Started /etc/rc.local Compatibility.
[   24.075843] cloud-init[1240]: Cloud-init v. 0.7.9 running 'modules:config' at Sun, 30 Apr 2017 06:31:41 +0000. Up 23.82 seconds.
[[0;32m  OK  [0m] Started System Logging Service.
[[0;32m  OK  [0m] Started Apply the settings specified in cloud-config.
[[0;32m  OK  [0m] Started Login Service.
         Starting Authenticate and Authorize Users to Run Privileged Tasks...
         Starting Login to default iSCSI targets...
[[0;32m  OK  [0m] Started LSB: Record successful boot for GRUB.
[[0;32m  OK  [0m] Started Login to default iSCSI targets.
[[0;32m  OK  [0m] Started LSB: MD monitoring daemon.
[[0;32m  OK  [0m] Reached target Remote File Systems (Pre).
[[0;32m  OK  [0m] Reached target Remote File Systems.
         Starting LSB: automatic crash report generation...
         Starting Permit User Sessions...
         Starting LSB: VirtualBox Linux Additions...
         Starting LSB: daemon to balance interrupts for SMP systems...
         Starting LSB: Set the CPU Frequency Scaling governor to "ondemand"...
[[0;32m  OK  [0m] Started Permit User Sessions.
[[0;32m  OK  [0m] Started Authenticate and Authorize Users to Run Privileged Tasks.
[[0;32m  OK  [0m] Started Accounts Service.
         Starting Hold until boot process finishes up...
         Starting Terminate Plymouth Boot Screen...
[[0;32m  OK  [0m] Started LSB: Set the CPU Frequency Scaling governor to "ondemand".
[[0;32m  OK  [0m] Started Hold until boot process finishes up.
[[0;32m  OK  [0m] Started Terminate Plymouth Boot Screen.
[[0;32m  OK  [0m] Started Serial Getty on ttyS0.
[[0;32m  OK  [0m] Started Getty on tty1.
[[0;32m  OK  [0m] Reached target Login Prompts.
         Starting Set console scheme...
[[0;32m  OK  [0m] Started LSB: automatic crash report generation.
[[0;32m  OK  [0m] Started LXD - container startup/shutdown.
[[0;32m  OK  [0m] Started LSB: daemon to balance interrupts for SMP systems.
[[0;32m  OK  [0m] Started Set console scheme.
[[0;32m  OK  [0m] Created slice User Slice of ubuntu.
         Starting User Manager for UID 1000...
[[0;32m  OK  [0m] Started Session 1 of user ubuntu.
[[0;32m  OK  [0m] Started A high performance web server and a reverse proxy server.
[[0;32m  OK  [0m] Started User Manager for UID 1000.
[[0;32m  OK  [0m] Started LSB: VirtualBox Linux Additions.
[[0;32m  OK  [0m] Reached target Multi-User System.
         Starting Execute cloud user/final scripts...
[[0;32m  OK  [0m] Reached target Graphical Interface.
         Starting Update UTMP about System Runlevel Changes...
[[0;32m  OK  [0m] Started Update UTMP about System Runlevel Changes.
[   26.333942] cloud-init[1394]: Cloud-init v. 0.7.9 running 'modules:final' at Sun, 30 Apr 2017 06:31:43 +0000. Up 26.15 seconds.
[   26.468373] cloud-init[1394]: Cloud-init v. 0.7.9 finished at Sun, 30 Apr 2017 06:31:43 +0000. Datasource DataSourceNoCloud [seed=/dev/sdb][dsmode=net].  Up 26.32 seconds
[[0;32m  OK  [0m] Started Execute cloud user/final scripts.
[[0;32m  OK  [0m] Reached target Cloud-init target.

Ubuntu 16.04.2 LTS ubuntu-xenial ttyS0

ubuntu-xenial login:          Stopping Session 6 of user ubuntu.
[[0;32m  OK  [0m] Stopped target Graphical Interface.
         Stopping Accounts Service...
[[0;32m  OK  [0m] Closed Load/Save RF Kill Switch Status /dev/rfkill Watch.
         Stopping User Manager for UID 1000...
[          Stopping Serial Getty on ttyS0...
         Stopping D-Bus System Message Bus...
         Stopping Deferred execution scheduler...
         Stopping Regular background program processing daemon...
         Stopping LSB: automatic crash report generation...
         Stopping LSB: daemon to balance interrupts for SMP systems...
         Stopping LSB: VirtualBox Linux Additions...
         Stopping FUSE filesystem for LXC...
         Stopping LXD - container startup/shutdown...
         Stopping LSB: MD monitoring daemon...
         Stopping Snappy daemon...
         Stopping LSB: Set the CPU Frequency Scaling governor to "ondemand"...
[[0;32m  OK  [0m] Stopped target System Time Synchronized.
         Stopping Authenticate and Authorize Users to Run Privileged Tasks...
         Stopping OpenBSD Secure Shell server...
         Stopping A high performance web server and a reverse proxy server...
         Stopping System Logging Service...
         Stopping ACPI event daemon...
         Stopping LSB: Record successful boot for GRUB...
[[0;32m  OK  [0m] Unmounted /var/lib/lxcfs.
[[0;32m  OK  [0m] Stopped Deferred execution scheduler.
[[0;32m  OK  [0m] Stopped Accounts Service.
[[0;32m  OK  [0m] Stopped OpenBSD Secure Shell server.
[[0;32m  OK  [0m] Stopped Regular background program processing daemon.
[[0;32m  OK  [0m] Stopped System Logging Service.
[[0;32m  OK  [0m] Stopped Snappy daemon.
[[0;32m  OK  [0m] Stopped Authenticate and Authorize Users to Run Privileged Tasks.
[[0;32m  OK  [0m] Stopped Serial Getty on ttyS0.
[[0;32m  OK  [0m] Stopped Getty on tty1.
[[0;32m  OK  [0m] Stopped User Manager for UID 1000.
[[0;32m  OK  [0m] Stopped Session 6 of user ubuntu.
[[0;32m  OK  [0m] Stopped D-Bus System Message Bus.
[[0;32m  OK  [0m] Stopped A high performance web server and a reverse proxy server.
[[0;32m  OK  [0m] Stopped FUSE filesystem for LXC.
[[0;32m  OK  [0m] Stopped LSB: automatic crash report generation.
[[0;32m  OK  [0m] Stopped LSB: daemon to balance interrupts for SMP systems.
[[0;32m  OK  [0m] Stopped ACPI event daemon.
[[0;32m  OK  [0m] Stopped LSB: VirtualBox Linux Additions.
[[0;32m  OK  [0m] Stopped LSB: MD monitoring daemon.
[[0;32m  OK  [0m] Stopped LSB: Set the CPU Frequency Scaling governor to "ondemand".
[[0;32m  OK  [0m] Stopped LXD - container startup/shutdown.
[[0;32m  OK  [0m] Stopped LSB: Record successful boot for GRUB.
[[0;32m  OK  [0m] Removed slice User Slice of ubuntu.
         Stopping Login Service...
[[0;32m  OK  [0m] Removed slice system-getty.slice.
[[0;32m  OK  [0m] Removed slice system-serial\x2dgetty.slice.
         Stopping Permit User Sessions...
[[0;32m  OK  [0m] Stopped /etc/rc.local Compatibility.
[[0;32m  OK  [0m] Stopped Permit User Sessions.
[[0;32m  OK  [0m] Stopped target Remote File Systems.
[[0;32m  OK  [0m] Stopped target Remote File Systems (Pre).
         Stopping Login to default iSCSI targets...
[[0;32m  OK  [0m] Stopped Login Service.
[[0;32m  OK  [0m] Stopped target Basic System.
[[0;32m  OK  [0m] Stopped target Sockets.
[[0;32m  OK  [0m] Closed LXD - unix socket.
[[0;32m  OK  [0m] Closed UUID daemon activation socket.
[[0;32m  OK  [0m] Closed Syslog Socket.
[[0;32m  OK  [0m] Closed Socket activation for snappy daemon.
[[0;32m  OK  [0m] Closed ACPID Listen Socket.
[[0;32m  OK  [0m] Stopped target Slices.
[[0;32m  OK  [0m] Stopped target Paths.
[[0;32m  OK  [0m] Stopped Forward Password Requests to Wall Directory Watch.
[[0;32m  OK  [0m] Stopped Dispatch Password Requests to Console Directory Watch.
[[0;32m  OK  [0m] Stopped Trigger resolvconf update for networkd DNS.
[[0;32m  OK  [0m] Stopped ACPI Events Check.
[[0;32m  OK  [0m] Closed D-Bus System Message Bus Socket.
[[0;32m  OK  [0m] Stopped target System Initialization.
         Stopping Load/Save Random Seed...
[[0;32m  OK  [0m] Stopped Create Volatile Files and Directories.
[[0;32m  OK  [0m] Stopped target Encrypted Volumes.
[[0;32m  OK  [0m] Stopped target Swap.
[[0;32m  OK  [0m] Stopped target User and Group Name Lookups.
[[0;32m  OK  [0m] Removed slice User and Session Slice.
[[0;32m  OK  [0m] Stopped Load/Save Random Seed.
[[0;32m  OK  [0m] Stopped Login to default iSCSI targets.
         Stopping iSCSI initiator daemon (iscsid)...
[[0;32m  OK  [0m] Stopped iSCSI initiator daemon (iscsid).
[[0;32m  OK  [0m] Stopped target Network is Online.
[[0;32m  OK  [0m] Stopped target Network.
[[0;32m  OK  [0m] Stopped Initial cloud-init job (metadata service crawler).
         Stopping Raise network interfaces...
[[0;32m  OK  [0m] Stopped Raise network interfaces.
[[0;32m  OK  [0m] Stopped Apply Kernel Variables.
[[0;32m  OK  [0m] Stopped Load Kernel Modules.
[[0;32m  OK  [0m] Stopped target Local File Systems.
         Unmounting /vagrant...
         Starting Unattended Upgrades Shutdown...
         Unmounting /run/user/1000...
         Unmounting /var/www...
[[0;32m  OK  [0m] Stopped target Network (Pre).
[[0;32m  OK  [0m] Stopped Initial cloud-init job (pre-networking).
[[0;32m  OK  [0m] Unmounted /vagrant.
[[0;32m  OK  [0m] Started Unattended Upgrades Shutdown.
[[0;32m  OK  [0m] Unmounted /run/user/1000.
[[0;32m  OK  [0m] Unmounted /var/www.
[[0;32m  OK  [0m] Reached target Unmount All Filesystems.
[[0;32m  OK  [0m] Stopped target Local File Systems (Pre).
         Stopping Monitoring of LVM2 mirrors... dmeventd or progress polling...
[[0;32m  OK  [0m] Stopped Create Static Device Nodes in /dev.
[[0;32m  OK  [0m] Stopped Remount Root and Kernel File Systems.
[[0;32m  OK  [0m] Reached target Shutdown.
[ 1340.640927] reboot: Power down
