[    0.000000] Initializing cgroup subsys cpuset
[    0.000000] Initializing cgroup subsys cpu
[    0.000000] Initializing cgroup subsys cpuacct
[    0.000000] Linux version 4.4.0-66-generic (buildd@lgw01-28) (gcc version 5.4.0 20160609 (Ubuntu 5.4.0-6ubuntu1~16.04.4) ) #87-Ubuntu SMP Fri Mar 3 15:29:05 UTC 2017 (Ubuntu 4.4.0-66.87-generic 4.4.44)
[    0.000000] Command line: BOOT_IMAGE=/boot/vmlinuz-4.4.0-66-generic root=LABEL=cloudimg-rootfs ro console=tty1 console=ttyS0
[    0.000000] KERNEL supported cpus:
[    0.000000]   Intel GenuineIntel
[    0.000000]   AMD AuthenticAMD
[    0.000000]   Centaur CentaurHauls
[    0.000000] x86/fpu: xstate_offset[2]:  576, xstate_sizes[2]:  256
[    0.000000] x86/fpu: Supporting XSAVE feature 0x01: 'x87 floating point registers'
[    0.000000] x86/fpu: Supporting XSAVE feature 0x02: 'SSE registers'
[    0.000000] x86/fpu: Supporting XSAVE feature 0x04: 'AVX registers'
[    0.000000] x86/fpu: Enabled xstate features 0x7, context size is 832 bytes, using 'standard' format.
[    0.000000] x86/fpu: Using 'lazy' FPU context switches.
[    0.000000] e820: BIOS-provided physical RAM map:
[    0.000000] BIOS-e820: [mem 0x0000000000000000-0x000000000009fbff] usable
[    0.000000] BIOS-e820: [mem 0x000000000009fc00-0x000000000009ffff] reserved
[    0.000000] BIOS-e820: [mem 0x00000000000f0000-0x00000000000fffff] reserved
[    0.000000] BIOS-e820: [mem 0x0000000000100000-0x000000003ffeffff] usable
[    0.000000] BIOS-e820: [mem 0x000000003fff0000-0x000000003fffffff] ACPI data
[    0.000000] BIOS-e820: [mem 0x00000000fec00000-0x00000000fec00fff] reserved
[    0.000000] BIOS-e820: [mem 0x00000000fee00000-0x00000000fee00fff] reserved
[    0.000000] BIOS-e820: [mem 0x00000000fffc0000-0x00000000ffffffff] reserved
[    0.000000] NX (Execute Disable) protection: active
[    0.000000] SMBIOS 2.5 present.
[    0.000000] Hypervisor detected: KVM
[    0.000000] e820: last_pfn = 0x3fff0 max_arch_pfn = 0x400000000
[    0.000000] MTRR: Disabled
[    0.000000] x86/PAT: MTRRs disabled, skipping PAT initialization too.
[    0.000000] x86/PAT: Configuration [0-7]: WB  WT  UC- UC  WB  WT  UC- UC  
[    0.000000] CPU MTRRs all blank - virtualized system.
[    0.000000] found SMP MP-table at [mem 0x0009fff0-0x0009ffff] mapped at [ffff88000009fff0]
[    0.000000] Scanning 1 areas for low memory corruption
[    0.000000] RAMDISK: [mem 0x36ac8000-0x3755bfff]
[    0.000000] ACPI: Early table checksum verification disabled
[    0.000000] ACPI: RSDP 0x00000000000E0000 000024 (v02 VBOX  )
[    0.000000] ACPI: XSDT 0x000000003FFF0030 00003C (v01 VBOX   VBOXXSDT 00000001 ASL  00000061)
[    0.000000] ACPI: FACP 0x000000003FFF00F0 0000F4 (v04 VBOX   VBOXFACP 00000001 ASL  00000061)
[    0.000000] ACPI: DSDT 0x000000003FFF0470 0021C8 (v02 VBOX   VBOXBIOS 00000002 INTL 20160108)
[    0.000000] ACPI: FACS 0x000000003FFF0200 000040
[    0.000000] ACPI: FACS 0x000000003FFF0200 000040
[    0.000000] ACPI: APIC 0x000000003FFF0240 00005C (v02 VBOX   VBOXAPIC 00000001 ASL  00000061)
[    0.000000] ACPI: SSDT 0x000000003FFF02A0 0001CC (v01 VBOX   VBOXCPUT 00000002 INTL 20160108)
[    0.000000] No NUMA configuration found
[    0.000000] Faking a node at [mem 0x0000000000000000-0x000000003ffeffff]
[    0.000000] NODE_DATA(0) allocated [mem 0x3ffeb000-0x3ffeffff]
[    0.000000] kvm-clock: Using msrs 4b564d01 and 4b564d00
[    0.000000] kvm-clock: cpu 0, msr 0:3ffe3001, primary cpu clock
[    0.000000] kvm-clock: using sched offset of 3204632664 cycles
[    0.000000] clocksource: kvm-clock: mask: 0xffffffffffffffff max_cycles: 0x1cd42e4dffb, max_idle_ns: 881590591483 ns
[    0.000000] Zone ranges:
[    0.000000]   DMA      [mem 0x0000000000001000-0x0000000000ffffff]
[    0.000000]   DMA32    [mem 0x0000000001000000-0x000000003ffeffff]
[    0.000000]   Normal   empty
[    0.000000]   Device   empty
[    0.000000] Movable zone start for each node
[    0.000000] Early memory node ranges
[    0.000000]   node   0: [mem 0x0000000000001000-0x000000000009efff]
[    0.000000]   node   0: [mem 0x0000000000100000-0x000000003ffeffff]
[    0.000000] Initmem setup node 0 [mem 0x0000000000001000-0x000000003ffeffff]
[    0.000000] ACPI: PM-Timer IO Port: 0x4008
[    0.000000] IOAPIC[0]: apic_id 2, version 32, address 0xfec00000, GSI 0-23
[    0.000000] ACPI: INT_SRC_OVR (bus 0 bus_irq 0 global_irq 2 dfl dfl)
[    0.000000] ACPI: INT_SRC_OVR (bus 0 bus_irq 9 global_irq 9 high level)
[    0.000000] Using ACPI (MADT) for SMP configuration information
[    0.000000] smpboot: Allowing 2 CPUs, 0 hotplug CPUs
[    0.000000] PM: Registered nosave memory: [mem 0x00000000-0x00000fff]
[    0.000000] PM: Registered nosave memory: [mem 0x0009f000-0x0009ffff]
[    0.000000] PM: Registered nosave memory: [mem 0x000a0000-0x000effff]
[    0.000000] PM: Registered nosave memory: [mem 0x000f0000-0x000fffff]
[    0.000000] e820: [mem 0x40000000-0xfebfffff] available for PCI devices
[    0.000000] Booting paravirtualized kernel on KVM
[    0.000000] clocksource: refined-jiffies: mask: 0xffffffff max_cycles: 0xffffffff, max_idle_ns: 7645519600211568 ns
[    0.000000] setup_percpu: NR_CPUS:512 nr_cpumask_bits:512 nr_cpu_ids:2 nr_node_ids:1
[    0.000000] PERCPU: Embedded 33 pages/cpu @ffff88003fc00000 s98264 r8192 d28712 u1048576
[    0.000000] PV qspinlock hash table entries: 256 (order: 0, 4096 bytes)
[    0.000000] Built 1 zonelists in Node order, mobility grouping on.  Total pages: 257913
[    0.000000] Policy zone: DMA32
[    0.000000] Kernel command line: BOOT_IMAGE=/boot/vmlinuz-4.4.0-66-generic root=LABEL=cloudimg-rootfs ro console=tty1 console=ttyS0
[    0.000000] PID hash table entries: 4096 (order: 3, 32768 bytes)
[    0.000000] Memory: 1001744K/1048120K available (8452K kernel code, 1293K rwdata, 3980K rodata, 1488K init, 1316K bss, 46376K reserved, 0K cma-reserved)
[    0.000000] SLUB: HWalign=64, Order=0-3, MinObjects=0, CPUs=2, Nodes=1
[    0.000000] Hierarchical RCU implementation.
[    0.000000] 	Build-time adjustment of leaf fanout to 64.
[    0.000000] 	RCU restricting CPUs from NR_CPUS=512 to nr_cpu_ids=2.
[    0.000000] RCU: Adjusting geometry for rcu_fanout_leaf=64, nr_cpu_ids=2
[    0.000000] NR_IRQS:33024 nr_irqs:440 16
[    0.000000] Console: colour VGA+ 80x25
[    0.000000] console [tty1] enabled
[    0.000000] console [ttyS0] enabled
[    0.000000] tsc: Detected 2494.224 MHz processor
[    1.279790] Calibrating delay loop (skipped) preset value.. 4988.44 BogoMIPS (lpj=9976896)
[    1.280918] pid_max: default: 32768 minimum: 301
[    1.281521] ACPI: Core revision 20150930
[    1.282830] ACPI: 2 ACPI AML tables successfully acquired and loaded
[    1.283816] Security Framework initialized
[    1.284375] Yama: becoming mindful.
[    1.284916] AppArmor: AppArmor initialized
[    1.285554] Dentry cache hash table entries: 131072 (order: 8, 1048576 bytes)
[    1.286532] Inode-cache hash table entries: 65536 (order: 7, 524288 bytes)
[    1.287777] Mount-cache hash table entries: 2048 (order: 2, 16384 bytes)
[    1.288609] Mountpoint-cache hash table entries: 2048 (order: 2, 16384 bytes)
[    1.289565] Initializing cgroup subsys io
[    1.290119] Initializing cgroup subsys memory
[    1.290699] Initializing cgroup subsys devices
[    1.291316] Initializing cgroup subsys freezer
[    1.291902] Initializing cgroup subsys net_cls
[    1.292492] Initializing cgroup subsys perf_event
[    1.293122] Initializing cgroup subsys net_prio
[    1.293765] Initializing cgroup subsys hugetlb
[    1.294359] Initializing cgroup subsys pids
[    1.294981] CPU: Physical Processor ID: 0
[    1.295569] CPU: Processor Core ID: 0
[    1.296911] mce: CPU supports 0 MCE banks
[    1.297476] Last level iTLB entries: 4KB 1024, 2MB 1024, 4MB 1024
[    1.298207] Last level dTLB entries: 4KB 1024, 2MB 1024, 4MB 1024, 1GB 4
[    1.300536] Freeing SMP alternatives memory: 32K (ffffffff820b9000 - ffffffff820c1000)
[    1.308025] ftrace: allocating 32123 entries in 126 pages
[    1.341197] smpboot: APIC(0) Converting physical 0 to logical package 0
[    1.507937] smpboot: Max logical packages: 1
[    1.611249] x2apic enabled
[    1.611890] Switched APIC routing to physical x2apic.
[    1.613480] ..TIMER: vector=0x30 apic1=0 pin1=2 apic2=-1 pin2=-1
[    1.718765] smpboot: CPU0: Intel(R) Core(TM) i7-4710HQ CPU @ 2.50GHz (family: 0x6, model: 0x3c, stepping: 0x3)
[    1.800546] Performance Events: unsupported p6 CPU model 60 no PMU driver, software events only.
[    1.801778] KVM setup paravirtual spinlock
[    1.802970] x86: Booting SMP configuration:
[    1.803539] .... node  #0, CPUs:      #1
[    1.804199] kvm-clock: cpu 1, msr 0:3ffe3041, secondary cpu clock
[    1.805477] mce: CPU supports 0 MCE banks
[    1.807804] x86: Booted up 1 node, 2 CPUs
[    1.808596] smpboot: Total of 2 processors activated (9976.89 BogoMIPS)
[    1.809676] devtmpfs: initialized
[    1.812195] evm: security.selinux
[    1.812708] evm: security.SMACK64
[    1.813191] evm: security.SMACK64EXEC
[    1.813703] evm: security.SMACK64TRANSMUTE
[    1.814253] evm: security.SMACK64MMAP
[    1.814799] evm: security.ima
[    1.815286] evm: security.capability
[    1.816018] clocksource: jiffies: mask: 0xffffffff max_cycles: 0xffffffff, max_idle_ns: 7645041785100000 ns
[    1.817333] pinctrl core: initialized pinctrl subsystem
[    1.818105] RTC time:  7:11:23, date: 04/30/17
[    1.819269] NET: Registered protocol family 16
[    1.830546] cpuidle: using governor ladder
[    1.902435] cpuidle: using governor menu
[    1.903181] PCCT header not found.
[    1.903882] ACPI: bus type PCI registered
[    1.904451] acpiphp: ACPI Hot Plug PCI Controller Driver version: 0.5
[    1.905295] PCI: Using configuration type 1 for base access
[    1.919096] ACPI: Added _OSI(Module Device)
[    1.921858] ACPI: Added _OSI(Processor Device)
[    1.922467] ACPI: Added _OSI(3.0 _SCP Extensions)
[    1.923071] ACPI: Added _OSI(Processor Aggregator Device)
[    1.924264] ACPI: Executed 1 blocks of module-level executable AML code
[    1.926613] ACPI: Interpreter enabled
[    1.927146] ACPI: (supports S0 S5)
[    1.927643] ACPI: Using IOAPIC for interrupt routing
[    1.928383] PCI: Using host bridge windows from ACPI; if necessary, use "pci=nocrs" and report a bug
[    1.932133] ACPI: PCI Root Bridge [PCI0] (domain 0000 [bus 00-ff])
[    1.932880] acpi PNP0A03:00: _OSC: OS supports [ASPM ClockPM Segments MSI]
[    1.933674] acpi PNP0A03:00: _OSC failed (AE_NOT_FOUND); disabling ASPM
[    1.934452] acpi PNP0A03:00: fail to add MMCONFIG information, can't access extended PCI configuration space under this bridge.
[    1.936017] PCI host bridge to bus 0000:00
[    1.936572] pci_bus 0000:00: root bus resource [io  0x0000-0x0cf7 window]
[    1.937382] pci_bus 0000:00: root bus resource [io  0x0d00-0xffff window]
[    1.938165] pci_bus 0000:00: root bus resource [mem 0x000a0000-0x000bffff window]
[    1.939172] pci_bus 0000:00: root bus resource [mem 0x40000000-0xffdfffff window]
[    1.940178] pci_bus 0000:00: root bus resource [bus 00-ff]
[    1.941880] pci 0000:00:01.1: legacy IDE quirk: reg 0x10: [io  0x01f0-0x01f7]
[    1.942722] pci 0000:00:01.1: legacy IDE quirk: reg 0x14: [io  0x03f6]
[    1.943486] pci 0000:00:01.1: legacy IDE quirk: reg 0x18: [io  0x0170-0x0177]
[    1.944354] pci 0000:00:01.1: legacy IDE quirk: reg 0x1c: [io  0x0376]
[    1.958737] pci 0000:00:07.0: quirk: [io  0x4000-0x403f] claimed by PIIX4 ACPI
[    1.974804] pci 0000:00:07.0: quirk: [io  0x4100-0x410f] claimed by PIIX4 SMB
[    1.982922] ACPI: PCI Interrupt Link [LNKA] (IRQs 5 9 10 *11)
[    1.989098] ACPI: PCI Interrupt Link [LNKB] (IRQs 5 9 10 *11)
[    1.997839] ACPI: PCI Interrupt Link [LNKC] (IRQs 5 9 *10 11)
[    2.011031] ACPI: PCI Interrupt Link [LNKD] (IRQs 5 *9 10 11)
[    2.012124] ACPI: Enabled 2 GPEs in block 00 to 07
[    2.013082] vgaarb: setting as boot device: PCI:0000:00:02.0
[    2.013791] vgaarb: device added: PCI:0000:00:02.0,decodes=io+mem,owns=io+mem,locks=none
[    2.014852] vgaarb: loaded
[    2.015307] vgaarb: bridge control possible 0000:00:02.0
[    2.016237] SCSI subsystem initialized
[    2.016883] ACPI: bus type USB registered
[    2.045464] usbcore: registered new interface driver usbfs
[    2.046167] usbcore: registered new interface driver hub
[    2.046851] usbcore: registered new device driver usb
[    2.047742] PCI: Using ACPI for IRQ routing
[    2.050955] NetLabel: Initializing
[    2.051458] NetLabel:  domain hash size = 128
[    2.052062] NetLabel:  protocols = UNLABELED CIPSOv4
[    2.052706] NetLabel:  unlabeled traffic allowed by default
[    2.053554] amd_nb: Cannot enumerate AMD northbridges
[    2.126548] clocksource: Switched to clocksource kvm-clock
[    2.175814] AppArmor: AppArmor Filesystem Enabled
[    2.292529] pnp: PnP ACPI init
[    2.362043] pnp: PnP ACPI: found 3 devices
[    2.375966] clocksource: acpi_pm: mask: 0xffffff max_cycles: 0xffffff, max_idle_ns: 2085701024 ns
[    2.387306] NET: Registered protocol family 2
[    2.388038] TCP established hash table entries: 8192 (order: 4, 65536 bytes)
[    2.388890] TCP bind hash table entries: 8192 (order: 5, 131072 bytes)
[    2.389675] TCP: Hash tables configured (established 8192 bind 8192)
[    2.390439] UDP hash table entries: 512 (order: 2, 16384 bytes)
[    2.391172] UDP-Lite hash table entries: 512 (order: 2, 16384 bytes)
[    2.391975] NET: Registered protocol family 1
[    2.392565] pci 0000:00:00.0: Limiting direct PCI/PCI transfers
[    2.393291] pci 0000:00:01.0: Activating ISA DMA hang workarounds
[    2.394483] Trying to unpack rootfs image as initramfs...
[    3.801699] Freeing initrd memory: 10832K (ffff880036ac8000 - ffff88003755c000)
[    3.808178] RAPL PMU detected, API unit is 2^-32 Joules, 4 fixed counters 10737418240 ms ovfl timer
[    3.809479] hw unit of domain pp0-core 2^-0 Joules
[    3.810186] hw unit of domain package 2^-0 Joules
[    3.810896] hw unit of domain dram 2^-0 Joules
[    3.811560] hw unit of domain pp1-gpu 2^-0 Joules
[    3.812273] platform rtc_cmos: registered platform RTC device (no PNP device found)
[    3.813486] Scanning for low memory corruption every 60 seconds
[    3.814720] futex hash table entries: 512 (order: 3, 32768 bytes)
[    3.819447] audit: initializing netlink subsys (disabled)
[    3.820230] audit: type=2000 audit(1493536288.105:1): initialized
[    3.821312] Initialise system trusted keyring
[    3.823342] HugeTLB registered 2 MB page size, pre-allocated 0 pages
[    3.825352] zbud: loaded
[    3.826037] VFS: Disk quotas dquot_6.6.0
[    3.827747] VFS: Dquot-cache hash table entries: 512 (order 0, 4096 bytes)
[    3.828822] squashfs: version 4.0 (2009/01/31) Phillip Lougher
[    3.829958] fuse init (API version 7.23)
[    3.830780] Key type big_key registered
[    3.835005] Allocating IMA MOK and blacklist keyrings.
[    3.836775] Key type asymmetric registered
[    3.837405] Asymmetric key parser 'x509' registered
[    3.838125] Block layer SCSI generic (bsg) driver version 0.4 loaded (major 249)
[    3.839307] io scheduler noop registered
[    3.839921] io scheduler deadline registered (default)
[    3.840636] io scheduler cfq registered
[    3.841289] pci_hotplug: PCI Hot Plug PCI Core version: 0.5
[    3.842036] pciehp: PCI Express Hot Plug Controller Driver version: 0.4
[    3.843047] ACPI: AC Adapter [AC] (on-line)
[    3.843693] input: Power Button as /devices/LNXSYSTM:00/LNXPWRBN:00/input/input0
[    3.844826] ACPI: Power Button [PWRF]
[    3.845434] input: Sleep Button as /devices/LNXSYSTM:00/LNXSLPBN:00/input/input1
[    3.846500] ACPI: Sleep Button [SLPF]
[    3.847268] GHES: HEST is not enabled!
[    3.847740] ACPI: Battery Slot [BAT0] (battery present)
[    3.848702] Serial: 8250/16550 driver, 32 ports, IRQ sharing enabled
[    3.870791] 00:02: ttyS0 at I/O 0x3f8 (irq = 4, base_baud = 115200) is a 16550A
[    3.875163] Linux agpgart interface v0.103
[    3.883041] brd: module loaded
[    3.885983] loop: module loaded
[    3.886994] scsi host0: ata_piix
[    3.887645] scsi host1: ata_piix
[    3.888196] ata1: PATA max UDMA/33 cmd 0x1f0 ctl 0x3f6 bmdma 0xd000 irq 14
[    3.890152] ata2: PATA max UDMA/33 cmd 0x170 ctl 0x376 bmdma 0xd008 irq 15
[    3.895103] libphy: Fixed MDIO Bus: probed
[    3.895785] tun: Universal TUN/TAP device driver, 1.6
[    3.896533] tun: (C) 1999-2004 Max Krasnyansky <maxk@qualcomm.com>
[    3.897510] PPP generic driver version 2.4.2
[    3.899302] ehci_hcd: USB 2.0 'Enhanced' Host Controller (EHCI) Driver
[    3.900188] ehci-pci: EHCI PCI platform driver
[    3.903186] ehci-platform: EHCI generic platform driver
[    3.905049] ohci_hcd: USB 1.1 'Open' Host Controller (OHCI) Driver
[    3.905860] ohci-pci: OHCI PCI platform driver
[    3.906499] ohci-platform: OHCI generic platform driver
[    3.907252] uhci_hcd: USB Universal Host Controller Interface driver
[    3.908118] i8042: PNP: PS/2 Controller [PNP0303:PS2K,PNP0f03:PS2M] at 0x60,0x64 irq 1,12
[    3.909687] serio: i8042 KBD port at 0x60,0x64 irq 1
[    3.910386] serio: i8042 AUX port at 0x60,0x64 irq 12
[    3.911366] mousedev: PS/2 mouse device common for all mice
[    3.912462] input: AT Translated Set 2 keyboard as /devices/platform/i8042/serio0/input/input2
[    3.914052] rtc_cmos rtc_cmos: rtc core: registered rtc_cmos as rtc0
[    3.916007] rtc_cmos rtc_cmos: alarms up to one day, 114 bytes nvram
[    3.923055] i2c /dev entries driver
[    3.923693] device-mapper: uevent: version 1.0.3
[    3.924495] device-mapper: ioctl: 4.34.0-ioctl (2015-10-28) initialised: dm-devel@redhat.com
[    3.931087] ledtrig-cpu: registered to indicate activity on CPUs
[    4.091312] NET: Registered protocol family 10
[    4.185156] NET: Registered protocol family 17
[    4.253548] Key type dns_resolver registered
[    4.255414] microcode: CPU0 sig=0x306c3, pf=0x40, revision=0x0
[    4.265180] microcode: CPU1 sig=0x306c3, pf=0x40, revision=0x0
[    4.313250] microcode: Microcode Update Driver: v2.01 <tigran@aivazian.fsnet.co.uk>, Peter Oruba
[    4.468264] registered taskstats version 1
[    4.478814] Loading compiled-in X.509 certificates
[    4.479991] Loaded X.509 cert 'Build time autogenerated kernel key: 32ca4feee90b5cde51f5f8c0e024b22f8c679982'
[    4.481229] zswap: loaded using pool lzo/zbud
[    4.483257] Key type trusted registered
[    4.486043] Key type encrypted registered
[    4.486816] AppArmor: AppArmor sha1 policy hashing enabled
[    4.487588] ima: No TPM chip found, activating TPM-bypass!
[    4.488273] evm: HMAC attrs: 0x1
[    4.489064]   Magic number: 13:598:168
[    4.489707] rtc_cmos rtc_cmos: setting system clock to 2017-04-30 07:11:25 UTC (1493536285)
[    4.492023] BIOS EDD facility v0.16 2004-Jun-25, 0 devices found
[    4.492795] EDD information not available.
[    4.494441] Freeing unused kernel memory: 1488K (ffffffff81f45000 - ffffffff820b9000)
[    4.495525] Write protecting the kernel read-only data: 14336k
[    4.496784] Freeing unused kernel memory: 1776K (ffff880001844000 - ffff880001a00000)
[    4.498121] Freeing unused kernel memory: 116K (ffff880001de3000 - ffff880001e00000)
Loading, please wait...
starting version[    4.509947] random: systemd-udevd: uninitialized urandom read (16 bytes read, 2 bits of entropy available)
 229
[    4.510377] random: udevadm: uninitialized urandom read (16 bytes read, 2 bits of entropy available)
[    4.510405] random: udevadm: uninitialized urandom read (16 bytes read, 2 bits of entropy available)
[    4.510492] random: udevadm: uninitialized urandom read (16 bytes read, 2 bits of entropy available)
[    4.510544] random: udevadm: uninitialized urandom read (16 bytes read, 2 bits of entropy available)
[    4.510580] random: udevadm: uninitialized urandom read (16 bytes read, 2 bits of entropy available)
[    4.510610] random: udevadm: uninitialized urandom read (16 bytes read, 2 bits of entropy available)
[    4.510639] random: udevadm: uninitialized urandom read (16 bytes read, 2 bits of entropy available)
[    4.510666] random: udevadm: uninitialized urandom read (16 bytes read, 2 bits of entropy available)
[    4.510694] random: udevadm: uninitialized urandom read (16 bytes read, 2 bits of entropy available)
[    4.536185] e1000: Intel(R) PRO/1000 Network Driver - version 7.3.21-k8-NAPI
[    4.579302] e1000: Copyright (c) 1999-2006 Intel Corporation.
[    4.581993] Fusion MPT base driver 3.04.20
[    4.584232] Copyright (c) 1999-2008 LSI Corporation
[    4.596707] Fusion MPT SPI Host driver 3.04.20
[    4.620717] AVX version of gcm_enc/dec engaged.
[    5.063402] AES CTR mode by8 optimization enabled
[    5.073099] tsc: Refined TSC clocksource calibration: 2495.795 MHz
[    5.073100] clocksource: tsc: mask: 0xffffffffffffffff max_cycles: 0x23f9b577a3a, max_idle_ns: 440795232659 ns
[    5.329634] input: ImExPS/2 Generic Explorer Mouse as /devices/platform/i8042/serio1/input/input4
[    5.637810] e1000 0000:00:03.0 eth0: (PCI:33MHz:32-bit) 02:43:fc:58:af:9d
[    6.192363] e1000 0000:00:03.0 eth0: Intel(R) PRO/1000 Network Connection
[    6.581879] e1000 0000:00:08.0 eth1: (PCI:33MHz:32-bit) 08:00:27:0d:a8:c8
[    7.061553] e1000 0000:00:08.0 eth1: Intel(R) PRO/1000 Network Connection
[    7.382283] e1000 0000:00:03.0 enp0s3: renamed from eth0
[    7.451165] mptbase: ioc0: Initiating bringup
[    7.466824] e1000 0000:00:08.0 enp0s8: renamed from eth1
[    7.514723] ioc0: LSI53C1030 A0: Capabilities={Initiator}
[    7.713025] scsi host2: ioc0: LSI53C1030 A0, FwRev=00000000h, Ports=1, MaxQ=256, IRQ=20
[    7.891102] scsi 2:0:0:0: Direct-Access     VBOX     HARDDISK         1.0  PQ: 0 ANSI: 5
[    8.083451] scsi target2:0:0: Beginning Domain Validation
[    8.128459] floppy0: no floppy controllers found
[    8.129935] scsi target2:0:0: Domain Validation skipping write tests
[    8.130731] scsi target2:0:0: Ending Domain Validation
[    8.131430] scsi target2:0:0: asynchronous
[    8.132424] scsi 2:0:1:0: Direct-Access     VBOX     HARDDISK         1.0  PQ: 0 ANSI: 5
[    8.135481] scsi target2:0:1: Beginning Domain Validation
[    8.137906] scsi target2:0:1: Domain Validation skipping write tests
[    8.138707] scsi target2:0:1: Ending Domain Validation
[    8.139409] scsi target2:0:1: asynchronous
[    8.144995] sd 2:0:0:0: Attached scsi generic sg0 type 0
[    8.199217] sd 2:0:0:0: [sda] 20971520 512-byte logical blocks: (10.7 GB/10.0 GiB)
[    8.206096] sd 2:0:1:0: Attached scsi generic sg1 type 0
[    8.246276] sd 2:0:1:0: [sdb] 20480 512-byte logical blocks: (10.5 MB/10.0 MiB)
[    8.247553] sd 2:0:0:0: [sda] Write Protect is off
[    8.247654] sd 2:0:1:0: [sdb] Write Protect is off
[    8.247741] sd 2:0:1:0: [sdb] Incomplete mode parameter data
[    8.247742] sd 2:0:1:0: [sdb] Assuming drive cache: write through
[    8.251733] sd 2:0:0:0: [sda] Incomplete mode parameter data
[    8.252515] sd 2:0:0:0: [sda] Assuming drive cache: write through
[    8.364537]  sda: sda1
[    8.371915] sd 2:0:1:0: [sdb] Attached SCSI disk
[    8.511122] sd 2:0:0:0: [sda] Attached SCSI disk
Begin: Loading e[    9.845783] md: linear personality registered for level -1
ssential drivers ... [   10.151880] md: multipath personality registered for level -4
[   10.300242] md: raid0 personality registered for level 0
[   10.445501] md: raid1 personality registered for level 1
[   10.534593] raid6: sse2x1   gen()  8723 MB/s
[   10.626572] raid6: sse2x1   xor()  7699 MB/s
[   10.702583] raid6: sse2x2   gen() 12471 MB/s
[   10.894576] raid6: sse2x2   xor()  9058 MB/s
[   11.086580] raid6: sse2x4   gen() 15388 MB/s
[   11.258582] raid6: sse2x4   xor() 10503 MB/s
[   11.376415] raid6: using algorithm sse2x4 gen() 15388 MB/s
[   11.447403] raid6: .... xor() 10503 MB/s, rmw enabled
[   11.463115] raid6: using ssse3x2 recovery algorithm
[   11.466383] xor: automatically using best checksumming function:
[   11.746907]    avx       : 40337.000 MB/sec
[   11.868728] async_tx: api initialized (async)
[   11.874571] md: raid6 personality registered for level 6
[   12.189990] md: raid5 personality registered for level 5
[   12.195271] md: raid4 personality registered for level 4
[   12.201226] md: raid10 personality registered for level 10
done.
Begin: Running /scripts/init-premount ... done.
Begin: Mo[   12.241794] Btrfs loaded
unting root file system ... Begin: Running /scripts/local-top ... done.
Begin: Running /scripts/local-premount ... Scanning for Btrfs filesystems
done.
Warning: fsck not present, so skipping root file system
[   12.391780] EXT4-fs (sda1): mounted filesystem with ordered data mode. Opts: (null)
done.
Begin: Running /scripts/local-bottom ... done.
Begin: Running /scripts/init-bottom ... done.
[   12.980360] systemd[1]: systemd 229 running in system mode. (+PAM +AUDIT +SELINUX +IMA +APPARMOR +SMACK +SYSVINIT +UTMP +LIBCRYPTSETUP +GCRYPT +GNUTLS +ACL +XZ -LZ4 +SECCOMP +BLKID +ELFUTILS +KMOD -IDN)
[   13.018667] systemd[1]: Detected virtualization oracle.
[   13.096813] systemd[1]: Detected architecture x86-64.

Welcome to [1mUbuntu 16.04.2 LTS[0m!

[   13.642557] systemd[1]: Set hostname to <ubuntu-xenial>.

[   13.997421] random: nonblocking pool is initialized
[   15.485579] systemd[1]: Listening on Journal Audit Socket.
[[0;32m  OK  [0m] Listening on Journal Audit Socket.
[   15.776361] systemd[1]: Created slice System Slice.
[[0;32m  OK  [0m] Created slice System Slice.
[   15.777763] systemd[1]: Listening on Syslog Socket.
[[0;32m  OK  [0m] Listening on Syslog Socket.
[   15.779216] systemd[1]: Listening on Device-mapper event daemon FIFOs.
[[0;32m  OK  [0m] Listening on Device-mapper event daemon FIFOs.
[   15.780892] systemd[1]: Reached target User and Group Name Lookups.
[[0;32m  OK  [0m] Reached target User and Group Name Lookups.
[   15.783333] systemd[1]: Created slice User and Session Slice.
[[0;32m  OK  [0m] Created slice User and Session Slice.
[   15.786245] systemd[1]: Listening on LVM2 poll daemon socket.
[[0;32m  OK  [0m] Listening on LVM2 poll daemon socket.
[   15.787903] systemd[1]: Listening on udev Control Socket.
[[0;32m  OK  [0m] Listening on udev Control Socket.
[   15.789390] systemd[1]: Listening on Journal Socket.
[[0;32m  OK  [0m] Listening on Journal Socket.
[   15.802811] systemd[1]: Starting Create list of required static device nodes for the current kernel...
         Starting Create list of required st... nodes for the current kernel...
[   16.134777] systemd[1]: Starting Load Kernel Modules...
[   16.343200] Loading iSCSI transport class v2.0-870.
         Starting Load Kernel Mo[   16.483970] iscsi: registered transport (tcp)
dules...
[   16.554798] systemd[1]: Starting Uncomplicated firewall...
         Starting Uncomplicated firewall...
[   16.632497] systemd[1]: Mounting Debug File System...
         Mounting Debug File System...
[   16.634276] systemd[1]: Starting Nameserver information manager...
         Starting Nameserver information manager...
[   16.636184] systemd[1]: Mounting POSIX Message Queue File System...
         Mounting POSIX Message Queue File System...
[   16.637845] systemd[1]: Created slice system-serial\x2dgetty.slice.
[[0;32m  OK  [0m] Created slice system-serial\x2dgetty.slice.
[   16.640296] systemd[1]: Starting Set console keymap...
         Starting Set console keymap...
[   16.778396] systemd[1]: Started Forward Password Requests to Wall Directory Watch.
[[0;32m  OK  [0m] Started Forward Password Requests to Wall Directory Watch.
[   16.782352] systemd[1]: Listening on /dev/initctl Compatibility Named Pipe.
[[0;32m  OK  [0m] Listening on /dev/initctl Compatibility Named Pipe.
[   16.791070] systemd[1]: Listening on LVM2 metadata daemon socket.
[[0;32m  OK  [0m] Listening on LVM2 metadata daemon socket.
[   16.826902] systemd[1]: Starting Monitoring of LVM2 mirrors, snapshots etc. using dmeventd or progress polling...
         Starting Monitoring of LVM2 mirrors... dmeventd or progress polling...
[   16.841025] systemd[1]: Listening on Journal Socket (/dev/log).
[[0;32m  OK  [0m] Listening on Journal Socket (/dev/log).
[   16.845026] systemd[1]: Starting Journal Service...
         Starting Journal Service...
[   16.849792] systemd[1]: Mounting Huge Pages File System...
         Mounting Huge Pages File System...
[   16.853591] systemd[1]: Set up automount Arbitrary Executable File Formats File System Automount Point.
[[0;32m  OK  [0m] Set up automount Arbitrary Executab...ats File System Automount Point.
[   16.858169] systemd[1]: Reached target Encrypted Volumes.
[[0;32m  OK  [0m] Reached target Encrypted Volumes.
[   16.896871] iscsi: registered transport (iser)
[   16.942237] systemd[1]: Listening on udev Kernel Socket.
[[0;32m  OK  [0m] Listening on udev Kernel Socket.
[   17.009893] systemd[1]: Reached target Swap.
[[0;32m  OK  [0m] Reached target Swap.
[   17.022795] systemd[1]: Starting Remount Root and Kernel File Systems...
         [   17.194936] EXT4-fs (sda1): re-mounted. Opts: (null)
Starting Remount Root and Kernel File Systems...
[   17.354866] systemd[1]: Reached target Slices.
[[0;32m  OK  [0m] Reached target Slices.
[   17.507573] systemd[1]: Mounted Debug File System.
[[0;32m  OK  [0m] Mounted Debug File System.
[   17.514365] systemd[1]: Mounted POSIX Message Queue File System.
[[0;32m  OK  [0m] Mounted POSIX Message Queue File System.
[   17.516225] systemd[1]: Mounted Huge Pages File System.
[[0;32m  OK  [0m] Mounted Huge Pages File System.
[   17.517705] systemd[1]: Started Journal Service.
[[0;32m  OK  [0m] Started Journal Service.
[[0;32m  OK  [0m] Started Create list of required sta...ce nodes for the current kernel.
[[0;32m  OK  [0m] Started Load Kernel Modules.
[[0;32m  OK  [0m] Started Uncomplicated firewall.
[[0;32m  OK  [0m] Started Set console keymap.
[[0;32m  OK  [0m] Started Remount Root and Kernel File Systems.
[[0;32m  OK  [0m] Started Nameserver information manager.
[[0;32m  OK  [0m] Started LVM2 metadata daemon.
         Starting Initial cloud-init job (pre-networking)...
         Starting udev Coldplug all Devices...
         Starting Load/Save Random Seed...
         Starting Apply Kernel Variables...
         Mounting FUSE Control File System...
         Starting Create Static Device Nodes in /dev...
         Starting Flush Journal to Persistent Storage...
[[0;32m  OK  [0m] Mounted FUSE Control File System.
[   17.885248] systemd-journald[431]: Received request to flush runtime journal from PID 1
[[0;32m  OK  [0m] Started udev Coldplug all Devices.
[[0;32m  OK  [0m] Started Flush Journal to Persistent Storage.
[[0;32m  OK  [0m] Started Apply Kernel Variables.
[[0;32m  OK  [0m] Started Monitoring of LVM2 mirrors,...ng dmeventd or progress polling.
[[0;32m  OK  [0m] Started Load/Save Random Seed.
[[0;32m  OK  [0m] Started Create Static Device Nodes in /dev.
         Starting udev Kernel Device Manager...
[[0;32m  OK  [0m] Started udev Kernel Device Manager.
[[0;32m  OK  [0m] Started Dispatch Password Requests to Console Directory Watch.
[[0;32m  OK  [0m] Reached target Local File Systems (Pre).
[[0;32m  OK  [0m] Reached target Local File Systems.
         Starting Set console font and keymap...
         Starting Tell Plymouth To Write Out Runtime Data...
         Starting Create Volatile Files and Directories...
         Starting LSB: AppArmor initialization...
[[0;32m  OK  [0m] Started Tell Plymouth To Write Out Runtime Data.
[[0;32m  OK  [0m] Found device /dev/ttyS0.
[[0;32m  OK  [0m] Started Create Volatile Files and Directories.
         Starting Update UTMP about System Boot/Shutdown...
[[0;32m  OK  [0m] Reached target System Time Synchronized.
[[0;32m  OK  [0m] Started Update UTMP about System Boot/Shutdown.
[[0;32m  OK  [0m] Found device 82540EM Gigabit Ethern...r (PRO/1000 MT Desktop Adapter).
[[0;32m  OK  [0m] Found device 82540EM Gigabit Ethern...r (PRO/1000 MT Desktop Adapter).
[[0;32m  OK  [0m] Started Set console font and keymap.
[[0;32m  OK  [0m] Created slice system-getty.slice.
[[0;32m  OK  [0m] Listening on Load/Save RF Kill Switch Status /dev/rfkill Watch.
[[0;32m  OK  [0m] Started LSB: AppArmor initialization.
[   21.797560] cloud-init[461]: Cloud-init v. 0.7.9 running 'init-local' at Sun, 30 Apr 2017 07:11:44 +0000. Up 21.18 seconds.
[[0;32m  OK  [0m] Started Initial cloud-init job (pre-networking).
[[0;32m  OK  [0m] Reached target Network (Pre).
[[0;32m  OK  [0m] Started ifup for enp0s8.
[[0;32m  OK  [0m] Started ifup for enp0s3.
         Starting Raise network interfaces...
[[0;32m  OK  [0m] Started Raise network interfaces.
[[0;32m  OK  [0m] Reached target Network.
         Starting Initial cloud-init job (metadata service crawler)...
[   22.838499] cloud-init[1160]: Cloud-init v. 0.7.9 running 'init' at Sun, 30 Apr 2017 07:11:45 +0000. Up 22.37 seconds.
[   22.944506] cloud-init[1160]: ci-info: ++++++++++++++++++++++++++++++++++++++Net device info++++++++++++++++++++++++++++++++++++++
[   22.944734] cloud-init[1160]: ci-info: +--------+------+-----------------------------+---------------+-------+-------------------+
[[0;32m  OK  [0m] Started Initial cloud-init job (metadata service crawler).
[   22.944818] cloud-init[1160]: ci-info: | Device |  Up  |           Address           |      Mask     | Scope |     Hw-Address    |
[   23.213353] cloud-init[1160]: ci-info: +--------+------+-----------------------------+---------------+-------+-------------------+
[   23.213518] cloud-init[1160]: ci-info: | enp0s3 | True |          10.0.2.15          | 255.255.255.0 |   .   | 02:43:fc:58:af:9d |
[   23.213601] cloud-init[1160]: ci-info: | enp0s3 | True |  fe80::43:fcff:fe58:af9d/64 |       .       |  link | 02:43:fc:58:af:9d |
[   23.213685] cloud-init[1160]: ci-info: | enp0s8 | True |         192.168.1.3         | 255.255.255.0 |   .   | 08:00:27:0d:a8:c8 |
[   23.213766] cloud-init[1160]: ci-info: | enp0s8 | True | fe80::a00:27ff:fe0d:a8c8/64 |       .       |  link | 08:00:27:0d:a8:c8 |
[   23.213851] cloud-init[1160]: ci-info: |   lo   | True |          127.0.0.1          |   255.0.0.0   |   .   |         .         |
[   23.213934] cloud-init[1160]: ci-info: |   lo   | True |           ::1/128           |       .       |  host |         .         |
[   23.214027] cloud-init[1160]: ci-info: +--------+------+-----------------------------+---------------+-------+-------------------+
[   23.214111] cloud-init[1160]: ci-info: +++++++++++++++++++++++++++Route IPv4 info++++++++++++++++++++++++++++
[   23.214195] cloud-init[1160]: ci-info: +-------+-------------+----------+---------------+-----------+-------+
[   23.214276] cloud-init[1160]: ci-info: | Route | Destination | Gateway  |    Genmask    | Interface | Flags |
[   23.214357] cloud-init[1160]: ci-info: +-------+-------------+----------+---------------+-----------+-------+
[   23.214441] cloud-init[1160]: ci-info: |   0   |   0.0.0.0   | 10.0.2.2 |    0.0.0.0    |   enp0s3  |   UG  |
[   23.214618] cloud-init[1160]: ci-info: |   1   |   10.0.2.0  | 0.0.0.0  | 255.255.255.0 |   enp0s3  |   U   |
[   23.214700] cloud-init[1160]: ci-info: |   2   | 192.168.1.0 | 0.0.0.0  | 255.255.255.0 |   enp0s8  |   U   |
[   23.214783] cloud-init[1160]: ci-info: +-------+-------------+----------+---------------+-----------+-------+
[[0;32m  OK  [0m] Reached target System Initialization.
         Starting LXD - unix socket.
[[0;32m  OK  [0m] Started Daily Cleanup of Temporary Directories.
[[0;32m  OK  [0m] Listening on ACPID Listen Socket.
[[0;32m  OK  [0m] Started Daily apt activities.
[[0;32m  OK  [0m] Listening on UUID daemon activation socket.
[[0;32m  OK  [0m] Started Trigger resolvconf update for networkd DNS.
         Starting Socket activation for snappy daemon.
[[0;32m  OK  [0m] Listening on D-Bus System Message Bus Socket.
[[0;32m  OK  [0m] Started Timer to automatically refresh installed snaps.
[[0;32m  OK  [0m] Reached target Timers.
[[0;32m  OK  [0m] Started ACPI Events Check.
[[0;32m  OK  [0m] Reached target Paths.
[[0;32m  OK  [0m] Reached target Cloud-config availability.
[[0;32m  OK  [0m] Reached target Network is Online.
         Starting iSCSI initiator daemon (iscsid)...
[[0;32m  OK  [0m] Listening on LXD - unix socket.
[[0;32m  OK  [0m] Listening on Socket activation for snappy daemon.
[[0;32m  OK  [0m] Reached target Sockets.
[[0;32m  OK  [0m] Reached target Basic System.
[[0;32m  OK  [0m] Started Deferred execution scheduler.
[[0;32m  OK  [0m] Started Regular background program processing daemon.
         Starting Login Service...
         Starting System Logging Service...
[[0;32m  OK  [0m] Started ACPI event daemon.
         Starting Accounts Service...
         Starting Daily apt activities...
[[0;32m  OK  [0m] Started FUSE filesystem for LXC.
         Starting LSB: MD monitoring daemon...
         Starting Apply the settings specified in cloud-config...
         Starting OpenBSD Secure Shell server...
[[0;32m  OK  [0m] Started D-Bus System Message Bus.
[   24.622911] cloud-init[1229]: Cloud-init v. 0.7.9 running 'modules:config' at Sun, 30 Apr 2017 07:11:47 +0000. Up 24.40 seconds.
         Starting /etc/rc.local Compatibility...
[[0;32m  OK  [0m] Started Snappy daemon.
         Starting Auto import assertions from block devices...
         Starting LSB: Record successful boot for GRUB...
         Starting LXD - container startup/shutdown...
[[0;32m  OK  [0m] Started System Logging Service.
[[0;32m  OK  [0m] Started OpenBSD Secure Shell server.
[[0;32m  OK  [0m] Started Apply the settings specified in cloud-config.
[[0;32m  OK  [0m] Started /etc/rc.local Compatibility.
[[0;32m  OK  [0m] Started Auto import assertions from block devices.
[[0;32m  OK  [0m] Started Login Service.
[[0;32m  OK  [0m] Started iSCSI initiator daemon (iscsid).
         Starting Login to default iSCSI targets...
         Starting Authenticate and Authorize Users to Run Privileged Tasks...
[[0;32m  OK  [0m] Started Login to default iSCSI targets.
[[0;32m  OK  [0m] Reached target Remote File Systems (Pre).
[[0;32m  OK  [0m] Reached target Remote File Systems.
         Starting LSB: Apache2 web server...
         Starting LSB: Set the CPU Frequency Scaling governor to "ondemand"...
         Starting LSB: daemon to balance interrupts for SMP systems...
         Starting Permit User Sessions...
         Starting LSB: VirtualBox Linux Additions...
         Starting LSB: automatic crash report generation...
[[0;32m  OK  [0m] Started LSB: MD monitoring daemon.
[[0;32m  OK  [0m] Started LSB: Set the CPU Frequency Scaling governor to "ondemand".
[[0;32m  OK  [0m] Started Permit User Sessions.
         Starting Terminate Plymouth Boot Screen...
         Starting Hold until boot process finishes up...
[[0;32m  OK  [0m] Started LSB: Record successful boot for GRUB.
[[0;32m  OK  [0m] Started Terminate Plymouth Boot Screen.
[[0;32m  OK  [0m] Started Hold until boot process finishes up.
[[0;32m  OK  [0m] Started Getty on tty1.
         Starting Set console scheme...
[[0;32m  OK  [0m] Started Serial Getty on ttyS0.
[[0;32m  OK  [0m] Reached target Login Prompts.
[[0;32m  OK  [0m] Started LSB: daemon to balance interrupts for SMP systems.
[[0;32m  OK  [0m] Started LSB: automatic crash report generation.
[[0;32m  OK  [0m] Started Set console scheme.
[[0;32m  OK  [0m] Started Authenticate and Authorize Users to Run Privileged Tasks.
[[0;32m  OK  [0m] Started Accounts Service.
[[0;32m  OK  [0m] Started LSB: VirtualBox Linux Additions.
[[0;32m  OK  [0m] Created slice User Slice of ubuntu.
         Starting User Manager for UID 1000...
[[0;32m  OK  [0m] Started Session 1 of user ubuntu.
[[0;32m  OK  [0m] Started User Manager for UID 1000.
[[0;32m  OK  [0m] Started LXD - container startup/shutdown.
[[0;32m  OK  [0m] Started LSB: Apache2 web server.
[[0;32m  OK  [0m] Reached target Multi-User System.
         Starting Execute cloud user/final scripts...
[[0;32m  OK  [0m] Reached target Graphical Interface.
         Starting Update UTMP about System Runlevel Changes...
[   31.236232] cloud-init[1584]: Cloud-init v. 0.7.9 running 'modules:final' at Sun, 30 Apr 2017 07:11:53 +0000. Up 31.01 seconds.
[   31.236529] cloud-init[1584]: Cloud-init v. 0.7.9 finished at Sun, 30 Apr 2017 07:11:54 +0000. Datasource DataSourceNoCloud [seed=/dev/sdb][dsmode=net].  Up 31.23 seconds

Ubuntu 16.04.2 LTS ubuntu-xenial ttyS0

ubuntu-xenial login: 