[    0.000000] Initializing cgroup subsys cpuset
[    0.000000] Initializing cgroup subsys cpu
[    0.000000] Initializing cgroup subsys cpuacct
[    0.000000] Linux version 4.4.0-66-generic (buildd@lgw01-28) (gcc version 5.4.0 20160609 (Ubuntu 5.4.0-6ubuntu1~16.04.4) ) #87-Ubuntu SMP Fri Mar 3 15:29:05 UTC 2017 (Ubuntu 4.4.0-66.87-generic 4.4.44)
[    0.000000] Command line: BOOT_IMAGE=/boot/vmlinuz-4.4.0-66-generic root=LABEL=cloudimg-rootfs ro console=tty1 console=ttyS0
[    0.000000] KERNEL supported cpus:
[    0.000000]   Intel GenuineIntel
[    0.000000]   AMD AuthenticAMD
[    0.000000]   Centaur CentaurHauls
[    0.000000] x86/fpu: xstate_offset[2]:  576, xstate_sizes[2]:  256
[    0.000000] x86/fpu: Supporting XSAVE feature 0x01: 'x87 floating point registers'
[    0.000000] x86/fpu: Supporting XSAVE feature 0x02: 'SSE registers'
[    0.000000] x86/fpu: Supporting XSAVE feature 0x04: 'AVX registers'
[    0.000000] x86/fpu: Enabled xstate features 0x7, context size is 832 bytes, using 'standard' format.
[    0.000000] x86/fpu: Using 'lazy' FPU context switches.
[    0.000000] e820: BIOS-provided physical RAM map:
[    0.000000] BIOS-e820: [mem 0x0000000000000000-0x000000000009fbff] usable
[    0.000000] BIOS-e820: [mem 0x000000000009fc00-0x000000000009ffff] reserved
[    0.000000] BIOS-e820: [mem 0x00000000000f0000-0x00000000000fffff] reserved
[    0.000000] BIOS-e820: [mem 0x0000000000100000-0x000000003ffeffff] usable
[    0.000000] BIOS-e820: [mem 0x000000003fff0000-0x000000003fffffff] ACPI data
[    0.000000] BIOS-e820: [mem 0x00000000fec00000-0x00000000fec00fff] reserved
[    0.000000] BIOS-e820: [mem 0x00000000fee00000-0x00000000fee00fff] reserved
[    0.000000] BIOS-e820: [mem 0x00000000fffc0000-0x00000000ffffffff] reserved
[    0.000000] NX (Execute Disable) protection: active
[    0.000000] SMBIOS 2.5 present.
[    0.000000] Hypervisor detected: KVM
[    0.000000] e820: last_pfn = 0x3fff0 max_arch_pfn = 0x400000000
[    0.000000] MTRR: Disabled
[    0.000000] x86/PAT: MTRRs disabled, skipping PAT initialization too.
[    0.000000] x86/PAT: Configuration [0-7]: WB  WT  UC- UC  WB  WT  UC- UC  
[    0.000000] CPU MTRRs all blank - virtualized system.
[    0.000000] found SMP MP-table at [mem 0x0009fff0-0x0009ffff] mapped at [ffff88000009fff0]
[    0.000000] Scanning 1 areas for low memory corruption
[    0.000000] RAMDISK: [mem 0x36ac8000-0x3755bfff]
[    0.000000] ACPI: Early table checksum verification disabled
[    0.000000] ACPI: RSDP 0x00000000000E0000 000024 (v02 VBOX  )
[    0.000000] ACPI: XSDT 0x000000003FFF0030 00003C (v01 VBOX   VBOXXSDT 00000001 ASL  00000061)
[    0.000000] ACPI: FACP 0x000000003FFF00F0 0000F4 (v04 VBOX   VBOXFACP 00000001 ASL  00000061)
[    0.000000] ACPI: DSDT 0x000000003FFF0470 00210F (v01 VBOX   VBOXBIOS 00000002 INTL 20160108)
[    0.000000] ACPI: FACS 0x000000003FFF0200 000040
[    0.000000] ACPI: FACS 0x000000003FFF0200 000040
[    0.000000] ACPI: APIC 0x000000003FFF0240 00005C (v02 VBOX   VBOXAPIC 00000001 ASL  00000061)
[    0.000000] ACPI: SSDT 0x000000003FFF02A0 0001CC (v01 VBOX   VBOXCPUT 00000002 INTL 20160108)
[    0.000000] No NUMA configuration found
[    0.000000] Faking a node at [mem 0x0000000000000000-0x000000003ffeffff]
[    0.000000] NODE_DATA(0) allocated [mem 0x3ffeb000-0x3ffeffff]
[    0.000000] kvm-clock: Using msrs 4b564d01 and 4b564d00
[    0.000000] kvm-clock: cpu 0, msr 0:3ffe3001, primary cpu clock
[    0.000000] kvm-clock: using sched offset of 3208408530 cycles
[    0.000000] clocksource: kvm-clock: mask: 0xffffffffffffffff max_cycles: 0x1cd42e4dffb, max_idle_ns: 881590591483 ns
[    0.000000] Zone ranges:
[    0.000000]   DMA      [mem 0x0000000000001000-0x0000000000ffffff]
[    0.000000]   DMA32    [mem 0x0000000001000000-0x000000003ffeffff]
[    0.000000]   Normal   empty
[    0.000000]   Device   empty
[    0.000000] Movable zone start for each node
[    0.000000] Early memory node ranges
[    0.000000]   node   0: [mem 0x0000000000001000-0x000000000009efff]
[    0.000000]   node   0: [mem 0x0000000000100000-0x000000003ffeffff]
[    0.000000] Initmem setup node 0 [mem 0x0000000000001000-0x000000003ffeffff]
[    0.000000] ACPI: PM-Timer IO Port: 0x4008
[    0.000000] IOAPIC[0]: apic_id 2, version 32, address 0xfec00000, GSI 0-23
[    0.000000] ACPI: INT_SRC_OVR (bus 0 bus_irq 0 global_irq 2 dfl dfl)
[    0.000000] ACPI: INT_SRC_OVR (bus 0 bus_irq 9 global_irq 9 high level)
[    0.000000] Using ACPI (MADT) for SMP configuration information
[    0.000000] smpboot: Allowing 2 CPUs, 0 hotplug CPUs
[    0.000000] PM: Registered nosave memory: [mem 0x00000000-0x00000fff]
[    0.000000] PM: Registered nosave memory: [mem 0x0009f000-0x0009ffff]
[    0.000000] PM: Registered nosave memory: [mem 0x000a0000-0x000effff]
[    0.000000] PM: Registered nosave memory: [mem 0x000f0000-0x000fffff]
[    0.000000] e820: [mem 0x40000000-0xfebfffff] available for PCI devices
[    0.000000] Booting paravirtualized kernel on KVM
[    0.000000] clocksource: refined-jiffies: mask: 0xffffffff max_cycles: 0xffffffff, max_idle_ns: 7645519600211568 ns
[    0.000000] setup_percpu: NR_CPUS:512 nr_cpumask_bits:512 nr_cpu_ids:2 nr_node_ids:1
[    0.000000] PERCPU: Embedded 33 pages/cpu @ffff88003fc00000 s98264 r8192 d28712 u1048576
[    0.000000] PV qspinlock hash table entries: 256 (order: 0, 4096 bytes)
[    0.000000] Built 1 zonelists in Node order, mobility grouping on.  Total pages: 257913
[    0.000000] Policy zone: DMA32
[    0.000000] Kernel command line: BOOT_IMAGE=/boot/vmlinuz-4.4.0-66-generic root=LABEL=cloudimg-rootfs ro console=tty1 console=ttyS0
[    0.000000] PID hash table entries: 4096 (order: 3, 32768 bytes)
[    0.000000] Memory: 1001744K/1048120K available (8452K kernel code, 1293K rwdata, 3980K rodata, 1488K init, 1316K bss, 46376K reserved, 0K cma-reserved)
[    0.000000] SLUB: HWalign=64, Order=0-3, MinObjects=0, CPUs=2, Nodes=1
[    0.000000] Hierarchical RCU implementation.
[    0.000000] 	Build-time adjustment of leaf fanout to 64.
[    0.000000] 	RCU restricting CPUs from NR_CPUS=512 to nr_cpu_ids=2.
[    0.000000] RCU: Adjusting geometry for rcu_fanout_leaf=64, nr_cpu_ids=2
[    0.000000] NR_IRQS:33024 nr_irqs:440 16
[    0.000000] Console: colour VGA+ 80x25
[    0.000000] console [tty1] enabled
[    0.000000] console [ttyS0] enabled
[    0.000000] tsc: Detected 2494.224 MHz processor
[    0.294511] Calibrating delay loop (skipped) preset value.. 4988.44 BogoMIPS (lpj=9976896)
[    0.295650] pid_max: default: 32768 minimum: 301
[    0.296249] ACPI: Core revision 20150930
[    0.297547] ACPI: 2 ACPI AML tables successfully acquired and loaded
[    0.298447] Security Framework initialized
[    0.299025] Yama: becoming mindful.
[    0.299535] AppArmor: AppArmor initialized
[    0.300146] Dentry cache hash table entries: 131072 (order: 8, 1048576 bytes)
[    0.301115] Inode-cache hash table entries: 65536 (order: 7, 524288 bytes)
[    0.302329] Mount-cache hash table entries: 2048 (order: 2, 16384 bytes)
[    0.303116] Mountpoint-cache hash table entries: 2048 (order: 2, 16384 bytes)
[    0.304070] Initializing cgroup subsys io
[    0.304621] Initializing cgroup subsys memory
[    0.305253] Initializing cgroup subsys devices
[    0.305866] Initializing cgroup subsys freezer
[    0.306449] Initializing cgroup subsys net_cls
[    0.307038] Initializing cgroup subsys perf_event
[    0.307642] Initializing cgroup subsys net_prio
[    0.308231] Initializing cgroup subsys hugetlb
[    0.308811] Initializing cgroup subsys pids
[    0.309429] CPU: Physical Processor ID: 0
[    0.309981] CPU: Processor Core ID: 0
[    0.311307] mce: CPU supports 0 MCE banks
[    0.311867] Last level iTLB entries: 4KB 1024, 2MB 1024, 4MB 1024
[    0.312589] Last level dTLB entries: 4KB 1024, 2MB 1024, 4MB 1024, 1GB 4
[    0.314855] Freeing SMP alternatives memory: 32K (ffffffff820b9000 - ffffffff820c1000)
[    0.322128] ftrace: allocating 32123 entries in 126 pages
[    0.354247] smpboot: APIC(0) Converting physical 0 to logical package 0
[    0.358608] smpboot: Max logical packages: 1
[    0.361567] x2apic enabled
[    0.362188] Switched APIC routing to physical x2apic.
[    0.363733] ..TIMER: vector=0x30 apic1=0 pin1=2 apic2=-1 pin2=-1
[    0.469945] smpboot: CPU0: Intel(R) Core(TM) i7-4710HQ CPU @ 2.50GHz (family: 0x6, model: 0x3c, stepping: 0x3)
[    0.571166] Performance Events: unsupported p6 CPU model 60 no PMU driver, software events only.
[    0.572532] KVM setup paravirtual spinlock
[    0.574143] x86: Booting SMP configuration:
[    0.681956] .... node  #0, CPUs:      #1
[    0.778532] kvm-clock: cp  1, msr 0:3ffe3041, secondary cpu clock
[    1.034176] mce: CPU supports 0 MCE banks
[    1.063267] x86: Booted up 1 node, 2 CPUs
[    1.064015] smpboot: Total of 2 processors activated (9976.89 BogoMIPS)
[    1.065106] devtmpfs: initialized
[    1.067568] evm: security.selinux
[    1.068076] evm: security.SMACK64
[    1.068571] evm: security.SMACK64EXEC
[    1.098079] evm: security.SMACK64TRANSMUTE
[    1.098668] evm: security.SMACK64MMAP
[    1.099238] evm: security.ima
[    1.099688] evm: security.capability
[    1.100405] clocksource: jiffies: mask: 0xffffffff max_cycles: 0xffffffff, max_idle_ns: 7645041785100000 ns
[    1.101742] pinctrl core: initialized pinctrl subsystem
[    1.102492] RTC time:  6:37:41, date: 03/12/17
[    1.103617] NET: Registered protocol family 16
[    1.113743] cpuidle: using governor ladder
[    1.125796] cpuidle: using governor menu
[    1.126694] PCCT header not found.
[    1.127538] ACPI: bus type PCI registered
[    1.128197] acpiphp: ACPI Hot Plug PCI Controller Driver version: 0.5
[    1.131837] PCI: Using configuration type 1 for base access
[    1.142546] ACPI: Added _OSI(Module Device)
[    1.247664] ACPI: Added _OSI(Processor Device)
[    1.380791] ACPI: Added _OSI(3.0 _SCP Extensions)
[    1.505641] ACPI: Added _OSI(Processor Aggregator Device)
[    1.650367] ACPI: Executed 1 blocks of module-level executable AML code
[    1.835236] ACPI: Interpreter enabled
[    1.933853] ACPI: (supports S0 S5)
[    2.035686] ACPI: Using IOAPIC for interrupt routing
[    2.080911] PCI: Using host bridge windows from ACPI; if necessary, use "pci=nocrs" and report a bug
[    2.084662] ACPI: PCI Root Bridge [PCI0] (domain 0000 [bus 00-ff])
[    2.085393] acpi PNP0A03:00: _OSC: OS supports [ASPM ClockPM Segments MSI]
[    2.086185] acpi PNP0A03:00: _OSC failed (AE_NOT_FOUND); disabling ASPM
[    2.086978] acpi PNP0A03:00: fail to add MMCONFIG information, can't access extended PCI configuration space under this bridge.
[    2.088513] PCI host bridge to bus 0000:00
[    2.089062] pci_bus 0000:00: root bus resource [io  0x0000-0x0cf7 window]
[    2.089836] pci_bus 0000:00: root bus resource [io  0x0d00-0xffff window]
[    2.090649] pci_bus 0000:00: root bus resource [mem 0x000a0000-0x000bffff window]
[    2.180606] pci_bus 0000:00: root bus resource [mem 0x40000000-0xffdfffff window]
[    2.197835] pci_bus 0000:00: root bus resource [bus 00-ff]
[    2.199608] pci 0000:00:01.1: legacy IDE quirk: reg 0x10: [io  0x01f0-0x01f7]
[    2.200442] pci 0000:00:01.1: legacy IDE quirk: reg 0x14: [io  0x03f6]
[    2.201236] pci 0000:00:01.1: legacy IDE quirk: reg 0x18: [io  0x0170-0x0177]
[    2.202075] pci 0000:00:01.1: legacy IDE quirk: reg 0x1c: [io  0x0376]
[    2.218943] pci 0000:00:07.0: quirk: [io  0x4000-0x403f] claimed by PIIX4 ACPI
[    2.407809] pci 0000:00:07.0: quirk: [io  0x4100-0x410f] claimed by PIIX4 SMB
[    2.587182] ACPI: PCI Interrupt Link [LNKA] (IRQs 5 9 10 *11)
[    2.718126] ACPI: PCI Interrupt Link [LNKB] (IRQs 5 9 10 *11)
[    2.765916] ACPI: PCI Interrupt Link [LNKC] (IRQs 5 9 *10 11)
[    2.911091] ACPI: PCI Interrupt Link [LNKD] (IRQs 5 *9 10 11)
[    3.060086] ACPI: Enabled 2 GPEs in block 00 to 07
[    3.190460] vgaarb: setting as boot device: PCI:0000:00:02.0
[    3.215442] vgaarb: device added: PCI:0000:00:02.0,decodes=io+mem,owns=io+mem,locks=none
[    3.217591] vgaarb: loaded
[    3.218041] vgaarb: bridge control possible 0000:00:02.0
[    3.218949] SCSI subsystem initialized
[    3.219608] ACPI: bus type USB registered
[    3.221550] usbcore: registered new interface driver usbfs
[    3.222259] usbcore: registered new interface driver hub
[    3.222989] usbcore: registered new device driver usb
[    3.226705] PCI: Using ACPI for IRQ routing
[    3.227503] NetLabel: Initializing
[    3.228009] NetLabel:  domain hash size = 128
[    3.228594] NetLabel:  protocols = UNLABELED CIPSOv4
[    3.229246] NetLabel:  unlabeled traffic allowed by default
[    3.230070] amd_nb: Cannot enumerate AMD northbridges
[    3.230769] clocksource: Switched to clocksource kvm-clock
[    3.236979] AppArmor: AppArmor Filesystem Enabled
[    3.261392] pnp: PnP ACPI init
[    3.267502] pnp: PnP ACPI: found 3 devices
[    3.275909] clocksource: acpi_pm: mask: 0xffffff max_cycles: 0xffffff, max_idle_ns: 2085701024 ns
[    3.277099] NET: Registered protocol family 2
[    3.277833] TCP established hash table entries: 8192 (order: 4, 65536 bytes)
[    3.278679] TCP bind hash table entries: 8192 (order: 5, 131072 bytes)
[    3.279490] TCP: Hash tables configured (established 8192 bind 8192)
[    3.280273] UDP hash table entries: 512 (order: 2, 16384 bytes)
[    3.281022] UDP-Lite hash table entries: 512 (order: 2, 16384 bytes)
[    3.281814] NET: Registered protocol family 1
[    3.282413] pci 0000:00:00.0: Limiting direct PCI/PCI transfers
[    3.283165] pci 0000:00:01.0: Activating ISA DMA hang workarounds
[    3.284309] Trying to unpack rootfs image as initramfs...
[    4.664132] Freeing initrd memory: 10832K (ffff880036ac8000 - ffff88003755c000)
[    4.869801] RAPL PMU detected, API unit is 2^-32 Joules, 4 fixed counters 10737418240 ms ovfl timer
[    5.139985] hw unit of domain pp0-core 2^-0 Joules
[    5.280389] hw unit of domain package 2^-0 Joules
[    5.334735] hw unit of domain dram 2^-0 Joules
[    5.347331] hw unit of domain pp1-gpu 2^-0 Joules
[    5.348051] platform rtc_cmos: registered platform RTC device (no PNP device found)
[    5.349144] Scanning for low memory corruption every 60 seconds
[    5.350281] futex hash table entries: 512 (order: 3, 32768 bytes)
[    5.358115] audit: initializing netlink subsys (disabled)
[    5.361723] audit: type=2000 audit(1489300667.430:1): initialized
[    5.369081] Initialise system trusted keyring
[    5.369888] HugeTLB registered 2 MB page size, pre-allocated 0 pages
[    5.371971] zbud: loaded
[    5.372638] VFS: Disk quotas dquot_6.6.0
[    5.375466] VFS: Dquot-cache hash table entries: 512 (order 0, 4096 bytes)
[    5.383015] squashfs: version 4.0 (2009/01/31) Phillip Lougher
[    5.383962] fuse init (API version 7.23)
[    5.384623] Key type big_key registered
[    5.385189] Allocating IMA MOK and blacklist keyrings.
[    5.386710] Key type asymmetric registered
[    5.387308] Asymmetric key parser 'x509' registered
[    5.472639] Block layer SCSI generic (bsg) driver version 0.4 loaded (major 249)
[    5.680653] io scheduler noop registered
[    5.789629] io scheduler deadline registered (default)
[    5.940719] io scheduler cfq registered
[    6.048635] pci_hotplug: PCI Hot Plug PCI Core version: 0.5
[    6.211384] pciehp: PCI Express Hot Plug Controller Driver version: 0.4
[    6.398059] tsc: Refined TSC clocksource calibration: 2493.412 MHz
[    6.430471] clocksource: tsc: mask: 0xffffffffffffffff max_cycles: 0x23f0ea67b2f, max_idle_ns: 440795332099 ns
[    6.430664] ACPI: AC Adapter [AC] (on-line)
[    6.430727] input: Power Button as /devices/LNXSYSTM:00/LNXPWRBN:00/input/input0
[    6.430730] ACPI: Power Button [PWRF]
[    6.400801] input: Sleep Button as /devices/LNXSYSTM:00/LNXSLPBN:00/ipput/input1
[    6.430802] ACPI: Sleep Button [SLPF]
[    6.498359] GHES: HEST is not enabled!
[    6.498931] ACPI: Battery Slot [BAT0] (battery present)
[    6.498972] Serial: 8250/16550 driver, 32 ports, IRQ sharing enabled
[    6.607845] 00:02: ttyS0 at I/O 0x3f8 (irq = 4, base_baud = 115200) is a 16550A
[    6.693194] Linux agpgart interface v0.103
[    7.320394] brd: module loaded
[    7.321008] loop: module loaded
[    7.321406] scsi host0: ata_piix
[    7.321448] scsi host1: ata_piix
[    7.321471] ata1: PATA max UDMA/33 cmd 0x1f0 ctl 0x3f6 bmdma 0xd000 irq 14
[    7.321471] ata2: PATA max UDMA/33 cmd 0x170 ctl 0x376 bmdma 0xd008 irq 15
[    7.321529] libphy: Fixed MDIO Bus: probed
[    7.321531] tun: Universal TUN/TAP device driver, 1.6
[    7.321531] tun: (C) 1999-2004 Max Krasnyansky <maxk@qualcomm.com>
[    7.321750] PPP generic driver version 2.4.2
[    7.321792] ehci_hcd: USB 2.0 'Enhanced' Host Controller (EHCI) Driver
[    7.321795] ehci-pci: EHCI PCI platform driver
[    7.321808] ehci-platform: EHCI generic platform driver
[    7.321814] ohci_hcd: USB 1.1 'Open' Host Controller (OHCI) Driver
[    7.321817] ohci-pci: OHCI PCI platform driver
[    7.321823] ohci-platform: OHCI generic platform driver
[    7.321828] uhci_hcd: USB Universal Host Controller Interface driver
[    7.321874] i8042: PNP: PS/2 Controller [PNP0303:PS2K,PNP0f03:PS2M] at 0x60,0x64 irq 1,12
[    7.414965] serio: i8042 KBD port at 0x60,0x64 irq 1
[    7.414968] serio: i8042 AUX port at 0x60,0x64 irq 12
[    7.415053] mousedev: PS/2 mouse device common for all mice
[    7.415266] rtc_cmos rtc_cmos: rtc core: registered rtc_cmos as rtc0
[    7.415309] rtc_cmos rtc_cmos: alarms up to one day, 114 bytes nvram
[    7.415314] i2c /dev entries driver
[    7.415358] device-mapper: uevent: version 1.0.3
[    7.415399] device-mapper: ioctl: 4.34.0-ioctl (2015-10-28) initialised: dm-devel@redhat.com
[    7.415416] ledtrig-cpu: registered to indicate activity on CPUs
[    7.415615] NET: Registered protocol family 10
[    7.415730] NET: Registered protocol family 17
[    7.415738] Key type dns_resolver registered
[    7.591356] microcode: CPU0 sig=0x306c3, pf=0x40, revision=0x0
[    7.591404] microcode: CPU1 sig=0x306c3, pf=0x40, revision=0x0
[    7.591506] microcode: Microcode Update Driver: v2.01 <tigran@aivazian.fsnet.co.uk>, Peter Oruba
[    7.591665] registered taskstats version 1
[    7.591681] Loading compiled-in X.509 certificates
[    7.592344] Loaded X.509 cert 'Build time autogenerated kernel key: 32ca4feee90b5cde51f5f8c0e024b22f8c679982'
[    7.592367] zswap: loaded using pool lzo/zbud
[    7.593829] Key type trusted registered
[    7.595845] Key type encrypted registered
[    7.595849] AppArmor: AppArmor sha1 policy hashing enabled
[    7.595852] ima: No TPM chip found, activating TPM-bypass!
[    7.595868] evm: HMAC attrs: 0x1
[    7.596080]   Magic number: 9:98:620
[    7.663221] rtc_cmos rtc_cmos: setting system clock to 2017-03-12 06:37:47 UTC (1489300667)
[    7.663399] BIOS EDD facility v0.16 2004-Jun-25, 0 devices found
[    7.663399] EDD information not available.
[    7.666432] input: AT Translated Set 2 keyboard as /devices/platform/i8042/serio0/input/input2
[    7.748053] Freeing unused kernel memory: 1488K (ffffffff81f45000 - ffffffff820b9000)
[    8.181824] Write protecting the kernel read-only data: 14336k
[    8.183010] Freeing unused kernel memory: 1776K (ffff880001844000 - ffff880001a00000)
[    8.184285] Freeing unused kernel memory: 116K (ffff880001de3000 - ffff880001e00000)
Loading, please wait...
starting version[    8.196904] random: systemd-udevd: uninitialized urandom read (16 bytes read, 2 bits of entropy available)
 229
[    8.197411] random: udevadm: uninitialized urandom read (16 bytes read, 2 bits of entropy available)
[    8.197439] random: udevadm: uninitialized urandom read (16 bytes read, 2 bits of entropy available)
[    8.197523] random: udevadm: uninitialized urandom read (16 bytes read, 2 bits of entropy available)
[    8.197555] random: udevadm: uninitialized urandom read (16 bytes read, 2 bits of entropy available)
[    8.197584] random: udevadm: uninitialized urandom read (16 bytes read, 2 bits of entropy available)
[    8.197613] random: udevadm: uninitialized urandom read (16 bytes read, 2 bits of entropy available)
[    8.197641] random: udevadm: uninitialized urandom read (16 bytes read, 2 bits of entropy available)
[    8.197670] random: udevadm: uninitialized urandom read (16 bytes read, 2 bits of entropy available)
[    8.197698] random: udevadm: uninitialized urandom read (16 bytes read, 2 bits of entropy available)
[    9.110757] e1000: Intel(R) PRO/1000 Network Driver - version 7.3.21-k8-NAPI
[    9.255287] e1000: Copyright (c) 1999-2006 Intel Corporation.
[    9.266177] Fusion MPT base driver 3.04.20
[    9.268261] Copyright (c) 1999-2008 LSI Corporation
[    9.271531] AVX version of gcm_enc/dec engaged.
[    9.272158] AES CTR mode by8 optimization enabled
[    9.277704] Fusion MPT SPI Host driver 3.04.20
[    9.481809] input: ImExPS/2 Generic Explorer Mouse as /devices/platform/i8042/serio1/input/input4
[    9.591389] e1000 0000:00:03.0 eth0: (PCI:33MHz:32-bit) 02:43:fc:58:af:9d
[    9.636393] e1000 0000:00:03.0 eth0: Intel(R) PRO/1000 Network Connection
[    9.637921] e1000 0000:00:03.0 enp0s3: renamed from eth0
[    9.648567] mptbase: ioc0: Initiating bringup
[    9.719124] ioc0: LSI53C1030 A0: Capabilities={Initiator}
[   10.028356] scsi host2: ioc0: LSI53C1030 A0, FwRev=00000000h, Ports=1, MaxQ=256, IRQ=20
[   10.191190] scsi 2:0:0:0: Direct-Access     VBOX     HARDDISK         1.0  PQ: 0 ANSI: 5
[   10.206518] scsi target2:0:0: Beginning Domain Validation
[   10.208409] scsi target2:0:0: Domain Validation skipping write tests
[   10.209213] scsi target2:0:0: Ending Domain Validation
[   10.209907] scsi target2:0:0: asynchronous
[   10.210802] scsi 2:0:1:0: Direct-Access     VBOX     HARDDISK         1.0  PQ: 0 ANSI: 5
[   10.211891] scsi target2:0:1: Beginning Domain Validation
[   10.213314] scsi target2:0:1: Domain Validation skipping write tests
[   10.214085] scsi target2:0:1: Ending Domain Validation
[   10.214790] scsi target2:0:1: asynchronous
[   10.218701] sd 2:0:0:0: Attached scsi generic sg0 type 0
[   10.701481] sd 2:0:0:0: [sda] 20971520 512-byte logical blocks: (10.7 GB/10.0 GiB)
[   10.702764] sd 2:0:0:0: [sda] Write Protect is off
[   10.711632] sd 2:0:1:0: [sdb] 20480 512-byte logical blocks: (10.5 MB/10.0 MiB)
[   10.711665] sd 2:0:1:0: Attached scsi generic sg1 type 0
[   10.717354] sd 2:0:0:0: [sda] Incomplete mode parameter data
[   10.718219] sd 2:0:0:0: [sda] Assuming drive cache: write through
[   10.719284] sd 2:0:1:0: [sdb] Write Protect is off
[   10.720298] sd 2:0:1:0: [sdb] Incomplete mode parameter data
[   10.726386] sd 2:0:1:0: [sdb] Assuming drive cache: write through
[   10.832205]  sda: sda1
[   10.844565] sd 2:0:1:0: [sdb] Attached SCSI disk
[   11.522325] sd 2:0:0:0: [sda] Attached SCSI disk
[   12.258967] floppy0: no floppy controllers found
Begin: Loading e[   13.568785] md: linear personality registered for level -1
ssential drivers ... [   13.663563] md: multipath personality registered for level -4
[   13.732910] md: raid0 personality registered for level 0
[   13.742869] md: raid1 personality registered for level 1
[   13.894803] raid6: sse2x1   gen() 10347 MB/s
[   13.966785] raid6: sse2x1   xor()  8305 MB/s
[   14.066784] raid6: sse2x2   gen() 13790 MB/s
[   14.198798] raid6: sse2x2   xor()  9184 MB/s
[   14.386809] raid6: sse2x4   gen() 15794 MB/s
[   14.566792] raid6: sse2x4   xor() 10999 MB/s
[   14.677571] raid6: using algorithm sse2x4 gen() 15794 MB/s
[   14.828883] raid6: .... xor() 10999 MB/s, rmw enabled
[   14.950855] raid6: using ssse3x2 recovery algorithm
[   14.952947] xor: automatically using best checksumming function:
[   15.023081]    avx       : 52541.000 MB/sec
[   15.028901] async_tx: api initialized (async)
[   15.034604] md: raid6 personality registered for level 6
[   15.036510] md: raid5 personality registered for level 5
[   15.037268] md: raid4 personality registered for level 4
[   15.042062] md: raid10 personality registered for level 10
done.
Begin: Running /scripts/init-premount ... done.
Begin: Mounting root file system ... Begin: Running /scripts/local-top ... done.
Begin: Running /scripts/local-premount ... [   15.077028] Btrfs loaded
Scanning for Btrfs filesystems
done.
Warning: fsck not present, so skipping root file system
[   15.206273] EXT4-fs (sda1): mounted filesystem with ordered data mode. Opts: (null)
done.
Begin: Running /scripts/local-bottom ... done.
Begin: Running /scripts/init-bottom ... done.
[   15.952644] systemd[1]: systemd 229 running in system mode. (+PAM +AUDIT +SELINUX +IMA +APPARMOR +SMACK +SYSVINIT +UTMP +LIBCRYPTSETUP +GCRYPT +GNUTLS +ACL +XZ -LZ4 +SECCOMP +BLKID +ELFUTILS +KMOD -IDN)
[   16.022956] systemd[1]: Detected virtualization oracle.
[   16.023636] systemd[1]: Detected architecture x86-64.

Welcome to [1mUbuntu 16.04.2 LTS[0m!

[   16.050477] systemd[1]: Set hostname to <ubuntu-xenial>.
[   16.402846] random: nonblocking pool is initialized
[   16.751866] systemd[1]: Listening on Journal Audit Socket.
[[0;32m  OK  [0m] Listening on Journal Audit Socket.
[   16.951363] systemd[1]: Created slice System Slice.
[[0;32m  OK  [0m] Created slice System Slice.
[   17.056352] systemd[1]: Listening on Device-mapper event daemon FIFOs.
[[0;32m  OK  [0m] Listening on Device-mapper event daemon FIFOs.
[   17.066500] systemd[1]: Listening on Journal Socket (/dev/log).
[[0;32m  OK  [0m] Listening on Journal Socket (/dev/log).
[   17.068132] systemd[1]: Listening on /dev/initctl Compatibility Named Pipe.
[[0;32m  OK  [0m] Listening on /dev/initctl Compatibility Named Pipe.
[   17.069823] systemd[1]: Reached target Swap.
[[0;32m  OK  [0m] Reached target Swap.
[   17.071137] systemd[1]: Reached target User and Group Name Lookups.
[[0;32m  OK  [0m] Reached target User and Group Name Lookups.
[   17.072961] systemd[1]: Created slice User and Session Slice.
[[0;32m  OK  [0m] Created slice User and Session Slice.
[   17.074496] systemd[1]: Listening on Syslog Socket.
[[0;32m  OK  [0m] Listening on Syslog Socket.
[   17.075931] systemd[1]: Listening on LVM2 poll daemon socket.
[[0;32m  OK  [0m] Listening on LVM2 poll daemon socket.
[   17.077457] systemd[1]: Listening on udev Kernel Socket.
[[0;32m  OK  [0m] Listening on udev Kernel Socket.
[   17.078937] systemd[1]: Listening on LVM2 metadata daemon socket.
[[0;32m  OK  [0m] Listening on LVM2 metadata daemon socket.
[   17.080548] systemd[1]: Listening on Journal Socket.
[[0;32m  OK  [0m] Listening on Journal Socket.
[   17.091006] systemd[1]: Starting Nameserver information manager...
         Starting Nameserver information manager...
[   17.098744] systemd[1]: Starting Journal Service...
         Starting Journal Service...
[   17.189067] systemd[1]: Mounting POSIX Message Queue File System...
         Mounting POSIX Message Queue File System...
[   17.191163] systemd[1]: Starting Set console keymap...
         Starting Set console keymap...
[   17.192882] systemd[1]: Mounting Debug File System...
         Mounting Debug File System...
[   17.194816] systemd[1]: Starting Create list of required static device nodes for the current kernel...
         Starting Create list of required st... nodes for the current kernel...
[   17.519029] systemd[1]: Mounting Huge Pages File System...
         Mounting Huge Pages File System...
[   17.691117] systemd[1]: Starting Load Kernel Modules...
         Starting Load Kernel Modules...
[   17.743191] systemd[1]: Starting Uncomplicated firewall...
         Starting Uncomplicated firewall...
[   17.830407] systemd[1]: Reached target Encrypted Volumes.
[[0;32m  OK  [0m] Reached target Encrypted Volumes.
[   17.833582] systemd[1]: Starting Monitoring of LVM2 mirrors, snapshots etc. using dmeventd or progress polling...
         Starting Monitoring of LVM2 mirrors... dmeventd or progress polling...
[   17.966336] systemd[1]: Created slice system-serial\x2dgetty.slice.
[[0;32m  OK  [0m] Created slice system-serial\x2dgetty.slice.
[   17.968084] systemd[1]: Listening on udev Control Socket.
[[0;32m  OK  [0m] Listening on udev Control Socket.
[   17.969541] systemd[1]: Started Forward Password Requests to Wall Directory Watch.
[[0;32m  OK  [0m] Started Forward Password Requests to Wall Directory Watch.
[   17.971473] systemd[1]: Reached target Slices.
[[   18.017386] Loading iSCSI transport class v2.0-870.
[0;32m  OK  [0m] Reached target Slices.
[   18.055031] systemd[1]: Set up automount Arbitrary Executable File Formats File System Automount Point.
[[0;32m  OK  [0m] Set up automount Arbitrary Executab...ats File System Automount Point.
[   18.079416] iscsi: registered transport (tcp)
[   18.162955] systemd[1]: Starting Remount Root and Kernel File Systems...
         Starting Remount Root and Kernel File Systems...
[   18.171851] systemd[1]: Mounted Debug File System.
[[0;32m  OK  [[   18.353900] EXT4-fs (sda1): re-mounted. Opts: (null)
0m] Mounted Debug File System.
[   18.615071] systemd[1]: Mounted POSIX Message Queue File System.
[[0;32m  OK  [0m] Mounted POSIX Message Queue [   18.857673] iscsi: registered transport (iser)
File System.
[   18.99566]]ssystemd11::MMounted Huge Pages File System.
[[0;32m  OK  [0m] Mounted Huge Pages File System.
[   19.232826] systemd[1]: Started Journal Service.
[[0;32m  OK  [0m] Started Journal Service.
[[0;32m  OK  [0m] Started Set console keymap.
[[0;32m  OK  [0m] Started Create list of required sta...ce nodes for the current kernel.
[[0;32m  OK  [0m] Started Load Kernel Modules.
[[0;32m  OK  [0m] Started Uncomplicated firewall.
[[0;32m  OK  [0m] Started Remount Root and Kernel File Systems.
[[0;32m  OK  [0m] Started Nameserver information manager.
[[0;32m  OK  [0m] Started LVM2 metadata daemon.
         Starting udev Coldplug all Devices...
         Starting Load/Save Random Seed...
         Starting Initial cloud-init job (pre-networking)...
         Starting Apply Kernel Variables...
         Mounting FUSE Control File System...
         Starting Create Static Device Nodes in /dev...
         Starting Flush Journal to Persistent Storage...
[[0;32m  OK  [0m] Mounted FUSE Control File System.
[   19.403406] systemd-journald[400]: Received request to flush runtime journal from PID 1
[[0;32m  OK  [0m] Started udev Coldplug all Devices.
[[0;32m  OK  [0m] Started Load/Save Random Seed.
[[0;32m  OK  [0m] Started Apply Kernel Variables.
[[0;32m  OK  [0m] Started Flush Journal to Persistent Storage.
[[0;32m  OK  [0m] Started Monitoring of LVM2 mirrors,...ng dmeventd or progress polling.
[[0;32m  OK  [0m] Started Create Static Device Nodes in /dev.
         Starting udev Kernel Device Manager...
         Starting LSB: Squid HTTP Proxy version 3.x...
[[0;32m  OK  [0m] Started udev Kernel Device Manager.
[[0;32m  OK  [0m] Reached target Local File Systems (Pre).
[[0;32m  OK  [0m] Reached target Local File Systems.
         Starting Tell Plymouth To Write Out Runtime Data...
         Starting Set console font and keymap...
         Starting Create Volatile Files and Directories...
         Starting LSB: AppArmor initialization...
[[0;32m  OK  [0m] Started Dispatch Password Requests to Console Directory Watch.
[[0;32m  OK  [0m] Started Tell Plymouth To Write Out Runtime Data.
[[0;32m  OK  [0m] Found device /dev/ttyS0.
[[0;32m  OK  [0m] Started Create Volatile Files and Directories.
[[0;32m  OK  [0m] Reached target System Time Synchronized.
         Starting Update UTMP about System Boot/Shutdown...
[[0;32m  OK  [0m] Started Update UTMP about System Boot/Shutdown.
[[0;32m  OK  [0m] Started Set console font and keymap.
[[0;32m  OK  [0m] Created slice system-getty.slice.
[[0;32m  OK  [0m] Found device 82540EM Gigabit Ethern...r (PRO/1000 MT Desktop Adapter).
[[0;32m  OK  [0m] Started LSB: AppArmor initialization.
[[0;32m  OK  [0m] Listening on Load/Save RF Kill Switch Status /dev/rfkill Watch.
[[0;32m  OK  [0m] Started LSB: Squid HTTP Proxy version 3.x.
[   23.048454] cloud-init[460]: Cloud-init v. 0.7.9 running 'init-local' at Sun, 12 Mar 2017 06:38:05 +0000. Up 22.50 seconds.
[[0;32m  OK  [0m] Started Initial cloud-init job (pre-networking).
[[0;32m  OK  [0m] Reached target Network (Pre).
         Starting Raise network interfaces...
[[0;32m  OK  [0m] Started ifup for enp0s3.
[[0;32m  OK  [0m] Started Raise network interfaces.
[[0;32m  OK  [0m] Reached target Network.
         Starting Initial cloud-init job (metadata service crawler)...
[   24.198619] cloud-init[1173]: Cloud-init v. 0.7.9 running 'init' at Sun, 12 Mar 2017 06:38:06 +0000. Up 23.75 seconds.
[   24.264491] [cloud-init[0;32m  OK  [0m[1173]: ] ci-info: +++++++++++++++++++++++++++++++++++++Net device info++++++++++++++++++++++++++++++++++++++Started Initial cloud-init job (metadata service crawler).

[   24.264824] cloud-init[1173]: ci-info: +--------+------+----------------------------+---------------+-------+-------------------+
[   24.476984] [cloud-init[0;32m  OK  [0m[1173]: ] ci-info: | Device |  Up  |          Address           |      Mask     | Scope |     Hw-Address    |Reached target Network is Online.

[   24.477361] cloud-init[1173]: ci-info: +--------+------+----------------------------+---------------+-------+-------------------+
[   24.672395]          cloud-initStarting iSCSI initiator daemon (iscsid)...[1173]: 
ci-info: | enp0s3 | True |         10.0.2.15          | 255.255.255.0 |   .   | 02:43:fc:58:af:9d |
[   24.719451] [cloud-init[0;32m  OK  [0m[1173]: ] ci-info: | enp0s3 | True | fe80::43:fcff:fe58:af9d/64 |       .       |  link | 02:43:fc:58:af:9d |Reached target System Initialization.

[   24.719808] [[0;32m  OK  [0m] Started Daily Cleanup of Temporary Directories.
cloud-init[1173]: ci-info: |   lo   | True |         127.0.0.1          |   255.0.0.0   |   .   |         .         |
[   24.724661] cloud-init[1173]: ci-info: |   lo   | True |          ::1/128           |       .       |  host |         .         |
[   24.728972] cloud-init[1173]: ci-info: +--------+------+----------------------------+---------------+-------+-------------------+
[   24.739353] cloud-init[1173]: ci-info: +++++++++++++++++++++++++++Route IPv4 info++++++++++++++++++++++++++++
[   24.740643] cloud-init[1173]: ci-info: +-------+-------------+----------+---------------+-----------+-------+
[   24.741835] cloud-init[1173]: ci-info: | Route | Destination | Gateway  |    Genmask    | Interface | Flags |
[   24.743064] cloud-init[1173]: ci-info: +-------+-------------+----------+---------------+-----------+-------+
[   24.744243] cloud-init[1173]: ci-info: |   0   |   0.0.0.0   | 10.0.2.2 |    0.0.0.0    |   enp0s3  |   UG  |
[   24.745409] cloud-init[1173]: ci-info: |   1   |   10.0.2.0  | 0.0.0.0  | 255.255.255.0 |   enp0s3  |   U   |
[   24.766713] [cloud-init[0;32m  OK  [0m[1173]: ] ci-info: +-------+-------------+----------+---------------+-----------+-------+Started Timer to automatically refresh installed snaps.

[   24.766993] cloud-init[1173]: ci-info: ++++++++++++++++++++++++++++++++++Route IPv6 info++++++++++++++++++++++++++++++++++
[   24.796989] cloud-init[1173]: ci-info: +-------+-------+--------+--------+---------------+-----------------+-------------+
[   24.799246] [[0;32m  OK  [0m] Started ACPI Events Check.
[[0;32m  OK  [0m] Listening on UUID daemon activation socket.
[[0;32m  OK  [0m] Started Trigger resolvconf update for networkd DNS.
[[0;32m  OK  [0m] Reached target Paths.
[[0;32m  OK  [0m] Started Daily apt activities.
[[0;32m  OK  [0m] Reached target Timers.
[[0;32m  OK  [0m] Listening on ACPID Listen Socket.
cloud-init[1173]: ci-info: | Route | Proto | Recv-Q | Send-Q | Local Address | Foreign Address |    State    |
[   24.803343] cloud-init[1173]: ci-info: +-------+-------+--------+--------+---------------+-----------------+-------------+
[   24.805513] cloud-init[1173]: ci-info: |   0   |  udp6 |   0    |   0    |   ::1:42646   |    ::1:49467    | ESTABLISHED |
[   24.806936] cloud-init[1173]: ci-info: |   1   |  udp6 |   0    |   0    |   ::1:55032   |    ::1:38136    | ESTABLISHED |
[   24.808177] cloud-init[1173]: ci-info: |   2   |  udp6 |   0    |   0    |   ::1:49467   |    ::1:42646    | ESTABLISHED |
[   24.809370] cloud-init[1173]: ci-info: +-------+-------+--------+--------+---------------+-----------------+-------------+
         Starting LXD - unix socket.
         Starting Socket activation for snappy daemon.
[[0;32m  OK  [0m] Listening on D-Bus System Message Bus Socket.
[[0;32m  OK  [0m] Reached target Cloud-config availability.
[[0;32m  OK  [0m] Listening on LXD - unix socket.
[[0;32m  OK  [0m] Listening on Socket activation for snappy daemon.
[[0;32m  OK  [0m] Started iSCSI initiator daemon (iscsid).
         Starting Login to default iSCSI targets...
[[0;32m  OK  [0m] Reached target Sockets.
[[0;32m  OK  [0m] Reached target Basic System.
         Starting Accounts Service...
         Starting Login Service...
         Starting LXD - container startup/shutdown...
         Starting /etc/rc.local Compatibility...
[[0;32m  OK  [0m] Started FUSE filesystem for LXC.
         Starting OpenBSD Secure Shell server...
         Starting LSB: Record successful boot for GRUB...
[[0;32m  OK  [0m] Started Snappy daemon.
         Starting Auto import assertions from block devices...
[[0;32m  OK  [0m] Started Deferred execution scheduler.
         Starting System Logging Service...
[[0;32m  OK  [0m] Started Regular background program processing daemon.
[[0;32m  OK  [0m] Started D-Bus System Message Bus.
         Starting LSB: MD monitoring daemon...
[[0;32m  OK  [0m] Started ACPI event daemon.
         Starting Apply the settings specified in cloud-config...
[[0;32m  OK  [0m] Started BIND Domain Name Server.
[[0;32m  OK  [0m] Reached target Host and Network Name Lookups.
[[0;32m  OK  [0m] Started System Logging Service.
[[0;32m  OK  [0m] Started OpenBSD Secure Shell server.
[[0;32m  OK  [0m] Started /etc/rc.local Compatibility.
[[0;32m  OK  [0m] Started Auto import assertions from block devices.
[[0;32m  OK  [0m] Started Login Service.
         Starting Authenticate and Authorize Users to Run Privileged Tasks...
[[0;32m  OK  [0m] Started LSB: Record successful boot for GRUB.
[   26.627567] cloud-init[1285]: Cloud-init v. 0.7.9 running 'modules:config' at Sun, 12 Mar 2017 06:38:08 +0000. Up 26.42 seconds.
[[0;32m  OK  [0m] Started LSB: MD monitoring daemon.
[[0;32m  OK  [0m] Started Apply the settings specified in cloud-config.
[[0;32m  OK  [0m] Started Login to default iSCSI targets.
[[0;32m  OK  [0m] Reached target Remote File Systems (Pre).
[[0;32m  OK  [0m] Reached target Remote File Systems.
         Starting LSB: Set the CPU Frequency Scaling governor to "ondemand"...
         Starting LSB: daemon to balance interrupts for SMP systems...
         Starting LSB: VirtualBox Linux Additions...
         Starting LSB: automatic crash report generation...
         Starting Permit User Sessions...
[[0;32m  OK  [0m] Started Authenticate and Authorize Users to Run Privileged Tasks.
[[0;32m  OK  [0m] Started Accounts Service.
[[0;32m  OK  [0m] Started LSB: Set the CPU Frequency Scaling governor to "ondemand".
[[0;32m  OK  [0m] Started Permit User Sessions.
         Starting Terminate Plymouth Boot Screen...
         Starting Hold until boot process finishes up...
[[0;32m  OK  [0m] Started Terminate Plymouth Boot Screen.
[[0;32m  OK  [0m] Started Hold until boot process finishes up.
         Starting Set console scheme...
[[0;32m  OK  [0m] Started Serial Getty on ttyS0.
[[0;32m  OK  [0m] Started Getty on tty1.
[[0;32m  OK  [0m] Reached target Login Prompts.
[[0;32m  OK  [0m] Started LSB: daemon to balance interrupts for SMP systems.
[[0;32m  OK  [0m] Created slice User Slice of ubuntu.
         Starting User Manager for UID 1000...
[[0;32m  OK  [0m] Started Session 1 of user ubuntu.
[[0;32m  OK  [0m] Started Set console scheme.
[[0;32m  OK  [0m] Started LSB: automatic crash report generation.
[[0;32m  OK  [0m] Started User Manager for UID 1000.
[[0;32m  OK  [0m] Started LSB: VirtualBox Linux Additions.
[[0;32m  OK  [0m] Started LXD - container startup/shutdown.
[[0;32m  OK  [0m] Reached target Multi-User System.
[[0;32m  OK  [0m] Reached target Graphical Interface.
         Starting Update UTMP about System Runlevel Changes...
         Starting Execute cloud user/final scripts...
[[0;32m  OK  [0m] Started Update UTMP about System Runlevel Changes.
[   28.699781] cloud-init[1473]: Cloud-init v. 0.7.9 running 'modules:final' at Sun, 12 Mar 2017 06:38:11 +0000. Up 28.58 seconds.
[   28.729718] cloud-init[1473]: Cloud-init v. 0.7.9 finished at Sun, 12 Mar 2017 06:38:11 +0000. Datasource DataSourceNoCloud [seed=/dev/sdb][dsmode=net].  Up 28.69 seconds
[[0;32m  OK  [0m] Started Execute cloud user/final scripts.
[[0;32m  OK  [0m] Reached target Cloud-init target.

Ubuntu 16.04.2 LTS ubuntu-xenial ttyS0

ubuntu-xenial login: 